#
# A fatal error has been detected by the Java Runtime Environment:
#
#  EXCEPTION_ACCESS_VIOLATION (0xc0000005) at pc=0x00007ff86d5de246, pid=16280, tid=15992
#
# JRE version: Java(TM) SE Runtime Environment (21.0.8+12) (build 21.0.8+12-LTS-250)
# Java VM: Java HotSpot(TM) 64-Bit Server VM (21.0.8+12-LTS-250, mixed mode, sharing, tiered, compressed oops, compressed class ptrs, g1 gc, windows-amd64)
# Problematic frame:
# V  [jvm.dll+0x13e246]
#
# No core dump will be written. Minidumps are not enabled by default on client versions of Windows
#
# If you would like to submit a bug report, please visit:
#   https://bugreport.java.com/bugreport/crash.jsp
#

---------------  S U M M A R Y ------------

Command Line: -javaagent:C:\Program Files\JetBrains\IntelliJ IDEA Community Edition 2025.2.1\lib\idea_rt.jar=51376 -Dfile.encoding=UTF-8 -Dsun.stdout.encoding=UTF-8 -Dsun.stderr.encoding=UTF-8 com.example.demo.MyFirstSpringBootApplication

Host: 12th Gen Intel(R) Core(TM) i3-1215U, 8 cores, 15G,  Windows 11 , 64 bit Build 26100 (10.0.26100.7309)
Time: Sun Jan  4 10:59:00 2026 India Standard Time elapsed time: 6.215547 seconds (0d 0h 0m 6s)

---------------  T H R E A D  ---------------

Current thread (0x0000016cad5fca60):  WorkerThread "G1 Conc#0"      [id=15992, stack(0x00000051fa200000,0x00000051fa300000) (1024K)]

Stack: [0x00000051fa200000,0x00000051fa300000],  sp=0x00000051fa2ff478,  free space=1021k
Native frames: (J=compiled Java code, j=interpreted, Vv=VM code, C=native code)
V  [jvm.dll+0x13e246]


siginfo: EXCEPTION_ACCESS_VIOLATION (0xc0000005), reading address 0x0000016cfb6e6f7b


Registers:
RAX=0x0120000000000000, RBX=0x0000016cad606c01, RCX=0x00000007048710e0, RDX=0x00000007048710e0
RSP=0x00000051fa2ff478, RBP=0x0000000000000001, RSI=0x0000016cad5ea490, RDI=0x00000007048710e0
R8 =0x0000016cfb6e6f73, R9 =0x0000000000000002, R10=0x0000016cad594930, R11=0x0000000000000003
R12=0x0000000000000000, R13=0xaaaaaaaaaaaaaaab, R14=0x0000016cce07b778, R15=0x0000000705279d78
RIP=0x00007ff86d5de246, EFLAGS=0x0000000000010202


Register to memory mapping:

RAX=0x0120000000000000 is an unknown value
RBX=0x0000016cad606c01 points into unknown readable memory: 00 00 00 00 00 00 00
RCX=0x00000007048710e0 is pointing into object: [B 
{0x000000070486f410} - klass: {type array byte}
 - length: 7554
RDX=0x00000007048710e0 is pointing into object: [B 
{0x000000070486f410} - klass: {type array byte}
 - length: 7554
RSP=0x00000051fa2ff478 points into unknown readable memory: 0x00007ff86d7b901a | 1a 90 7b 6d f8 7f 00 00
RBP=0x0000000000000001 is an unknown value
RSI=0x0000016cad5ea490 points into unknown readable memory: 0x0000016cad5fb1d0 | d0 b1 5f ad 6c 01 00 00
RDI=0x00000007048710e0 is pointing into object: [B 
{0x000000070486f410} - klass: {type array byte}
 - length: 7554
R8 =0x0000016cfb6e6f73 is an unknown value
R9 =0x0000000000000002 is an unknown value
R10=0x0000016cad594930 points into unknown readable memory: 0x00007ff86de743f0 | f0 43 e7 6d f8 7f 00 00
R11=0x0000000000000003 is an unknown value
R12=0x0 is null
R13=0xaaaaaaaaaaaaaaab is an unknown value
R14=0x0000016cce07b778 is a pointer to class: 
sun.reflect.generics.tree.BottomSignature {0x0000016cce07b780}
 - instance size:     2
 - klass size:        77
 - access:            public synchronized 
 - flags:             rewritten has_localvariable_table has_vanilla_constructor 
 - state:             fully_initialized
 - name:              'sun/reflect/generics/tree/BottomSignature'
 - super:             'java/lang/Object'
 - sub:               
 - arrays:            null
 - methods:           Array<T>(0x0000016d0e24a5f8)
 - method ordering:   Array<T>(0x0000016ccdb32470)
 - local interfaces:  Array<T>(0x0000016d0e24a5e8)
 - trans. interfaces: Array<T>(0x0000016d0e24a8b8)
 - constants:         constant pool [39] {0x0000016d0e24a448} for 'sun/reflect/generics/tree/BottomSignature' cache=0x0000016d0e24a918
 - class loader data:  loader data: 0x0000016ccc4dfb10 of 'bootstrap'
 - source file:       'BottomSignature.java'
 - inner classes:     Array<T>(0x0000016ccd613f60)
 - nest members:     Array<T>(0x0000016ccd613f60)
 - permitted subclasses:     Array<T>(0x0000016ccd613f60)
 - java mirror:       a 'java/lang/Class'{0x00000007051ce4f0} = 'sun/reflect/generics/tree/BottomSignature'
 - vtable length      6  (start addr: 0x0000016cce07b938)
 - itable length      15 (start addr: 0x0000016cce07b968)
 - ---- static fields (1 words):
 - private static final 'singleton' 'Lsun/reflect/generics/tree/BottomSignature;' @112 
 - ---- non-static fields (0 words):
 - non-static oop maps: 
R15=0x0000000705279d78 is an oop: java.util.concurrent.ConcurrentLinkedDeque$Node 
{0x0000000705279d78} - klass: 'java/util/concurrent/ConcurrentLinkedDeque$Node'
 - ---- fields (total size 3 words):
 - volatile 'prev' 'Ljava/util/concurrent/ConcurrentLinkedDeque$Node;' @12  
[error occurred during error reporting (printing register info), id 0xc0000005, EXCEPTION_ACCESS_VIOLATION (0xc0000005) at pc=0x00007ff86db57bb0]

Top of Stack: (sp=0x00000051fa2ff478)
0x00000051fa2ff478:   00007ff86d7b901a 000000000002625a
0x00000051fa2ff488:   00007ff86d7b8f86 00008b2221e44c40
0x00000051fa2ff498:   00000051fa2ff530 00000007048710e0
0x00000051fa2ff4a8:   00007ff86d7b8def 0000016cad606c60
0x00000051fa2ff4b8:   00000051fa2ff650 0000016cce07b770
0x00000051fa2ff4c8:   00000051fa2ff650 0000000705279d90
0x00000051fa2ff4d8:   00007ff86d7b675d 0000000705279d84
0x00000051fa2ff4e8:   00007ff86d7b6ead 0000000705279cdc
0x00000051fa2ff4f8:   0000000000000001 00000051fa2ff610
0x00000051fa2ff508:   0000000000000001 0000000705279d78
0x00000051fa2ff518:   00007ff86d7b63a2 0000016cce07b578
0x00000051fa2ff528:   0000000000000003 00000051fa2ff650
0x00000051fa2ff538:   0000000000000000 0000016cad606c60
0x00000051fa2ff548:   00007ff86d7d5bd0 0000000705279d78
0x00000051fa2ff558:   0000016cad5ea4a0 00000051fa2ff610
0x00000051fa2ff568:   0000016cad5ea4a0 0000000705279d78
0x00000051fa2ff578:   00007ff86d7d2491 00000000001cf3af
0x00000051fa2ff588:   00000051fa1ffac0 0000000704cdd380
0x00000051fa2ff598:   00007ff86d7d3ae4 0000000000200000
0x00000051fa2ff5a8:   00007ff86d7d3fcc 0000000705279d60
0x00000051fa2ff5b8:   00000000001cf3af 000000000004c4b4
0x00000051fa2ff5c8:   000000000002625a 0000016cad5fce60
0x00000051fa2ff5d8:   0000000000000001 0000016cad606c60
0x00000051fa2ff5e8:   00007ff86d7d2d5f 0000016cad606cf8
0x00000051fa2ff5f8:   0000000000000000 00000051fa1ffa01
0x00000051fa2ff608:   0000000000000000 0000016cad5ea490
0x00000051fa2ff618:   0000016cad606c60 0000000705200000
0x00000051fa2ff628:   0000000000040000 0000000705200000
0x00000051fa2ff638:   0000000000040000 000000000002625a
0x00000051fa2ff648:   000000000004c4b4 00007ff86de75db8
0x00000051fa2ff658:   0000016ccc4e1bf0 0000000000000003
0x00000051fa2ff668:   0000016cad594930 0000016cad606c60 

Instructions: (pc=0x00007ff86d5de246)
0x00007ff86d5de146:   4c 63 c0 41 8b c1 48 c1 f8 10 48 63 14 19 41 8b
0x00007ff86d5de156:   c9 83 e1 3f 48 d3 e2 0f b6 c8 49 8d 04 10 49 f7
0x00007ff86d5de166:   d0 48 03 c8 49 c1 e8 03 48 c1 e9 03 49 23 c8 eb
0x00007ff86d5de176:   12 49 8b 00 48 8b d3 49 8b c8 ff 90 00 01 00 00
0x00007ff86d5de186:   48 8b c8 48 89 1f 48 8b c7 48 8b 5c 24 30 48 89
0x00007ff86d5de196:   4f 08 48 83 c4 20 5f c3 cc cc 0f b6 05 13 34 a8
0x00007ff86d5de1a6:   00 48 8b d1 84 c0 74 16 44 8b 41 08 8b 0d d0 1d
0x00007ff86d5de1b6:   a8 00 49 d3 e0 4c 03 05 be 1d a8 00 eb 04 4c 8b
0x00007ff86d5de1c6:   41 08 45 8b 48 08 45 85 c9 7e 0e 41 f6 c1 01 75
0x00007ff86d5de1d6:   53 41 c1 f9 03 49 63 c1 c3 79 49 84 c0 41 b8 0c
0x00007ff86d5de1e6:   00 00 00 8b 05 e9 2e a8 00 b9 10 00 00 00 41 0f
0x00007ff86d5de1f6:   45 c8 ff c8 4c 63 c0 41 8b c1 48 c1 f8 10 0f b6
0x00007ff86d5de206:   c0 48 63 14 11 41 8b c9 83 e1 3f 48 d3 e2 49 8d
0x00007ff86d5de216:   0c 10 49 f7 d0 48 03 c1 49 c1 e8 03 48 c1 e8 03
0x00007ff86d5de226:   49 23 c0 c3 49 8b 00 49 8b c8 48 ff a0 00 01 00
0x00007ff86d5de236:   00 cc cc cc cc cc cc cc cc cc 4c 8b c2 48 8b d1
0x00007ff86d5de246:   45 8b 48 08 45 85 c9 7e 0e 41 f6 c1 01 75 56 41
0x00007ff86d5de256:   c1 f9 03 49 63 c1 c3 79 4c 80 3d 54 33 a8 00 00
0x00007ff86d5de266:   b8 0c 00 00 00 b9 10 00 00 00 0f 45 c8 8b 05 5f
0x00007ff86d5de276:   2e a8 00 ff c8 4c 63 c0 41 8b c1 48 c1 f8 10 48
0x00007ff86d5de286:   63 14 11 41 8b c9 83 e1 3f 0f b6 c0 48 d3 e2 49
0x00007ff86d5de296:   8d 0c 10 49 f7 d0 48 03 c1 49 c1 e8 03 48 c1 e8
0x00007ff86d5de2a6:   03 49 23 c0 c3 49 8b 00 49 8b c8 48 ff a0 00 01
0x00007ff86d5de2b6:   00 00 cc cc cc cc cc cc cc cc 48 83 ec 28 ba 37
0x00007ff86d5de2c6:   00 00 00 48 8d 0d 88 bb 85 00 e8 0b 08 14 00 cc
0x00007ff86d5de2d6:   cc cc cc cc cc cc cc cc cc cc 40 53 48 83 ec 20
0x00007ff86d5de2e6:   48 8b d9 49 8b c0 33 c9 45 0f b6 c1 48 89 0b 48
0x00007ff86d5de2f6:   89 4b 08 48 8b cb 48 89 53 10 48 8b d0 e8 a8 09
0x00007ff86d5de306:   00 00 48 8b c3 48 83 c4 20 5b c3 cc cc cc cc cc
0x00007ff86d5de316:   cc cc cc cc cc cc cc cc cc cc 40 53 48 83 ec 20
0x00007ff86d5de326:   33 c0 44 88 41 10 45 0f b6 c1 48 89 01 48 89 41
0x00007ff86d5de336:   08 48 8b d9 e8 81 0a 00 00 48 8b c3 48 83 c4 20 


Stack slot to memory mapping:

stack at sp + 0 slots: 0x00007ff86d7b901a jvm.dll
stack at sp + 1 slots: 0x000000000002625a is an unknown value
stack at sp + 2 slots: 0x00007ff86d7b8f86 jvm.dll
stack at sp + 3 slots: 0x00008b2221e44c40 is an unknown value
stack at sp + 4 slots: 0x00000051fa2ff530 points into unknown readable memory: 0x00000051fa2ff650 | 50 f6 2f fa 51 00 00 00
stack at sp + 5 slots: 0x00000007048710e0 is pointing into object: [B 
{0x000000070486f410} - klass: {type array byte}
 - length: 7554
stack at sp + 6 slots: 0x00007ff86d7b8def jvm.dll
stack at sp + 7 slots: 0x0000016cad606c60 points into unknown readable memory: 0x00007ff86de75d98 | 98 5d e7 6d f8 7f 00 00


---------------  P R O C E S S  ---------------

Threads class SMR info:
_java_thread_list=0x0000016d133f6fd0, length=15, elements={
0x0000016cab16e110, 0x0000016ccc63dd10, 0x0000016ccc63f090, 0x0000016ccc646430,
0x0000016ccc646cf0, 0x0000016ccc64ec80, 0x0000016ccc6514a0, 0x0000016ccc65f690,
0x0000016ccc662420, 0x0000016ccc611200, 0x0000016ccca63410, 0x0000016ccca62320,
0x0000016ccca62d90, 0x0000016d13419160, 0x0000016d14341260
}

Java Threads: ( => current thread )
  0x0000016cab16e110 JavaThread "main"                              [_thread_in_native, id=11196, stack(0x00000051f9f00000,0x00000051fa000000) (1024K)]
  0x0000016ccc63dd10 JavaThread "Reference Handler"          daemon [_thread_blocked, id=15044, stack(0x00000051fa700000,0x00000051fa800000) (1024K)]
  0x0000016ccc63f090 JavaThread "Finalizer"                  daemon [_thread_blocked, id=10080, stack(0x00000051fa800000,0x00000051fa900000) (1024K)]
  0x0000016ccc646430 JavaThread "Signal Dispatcher"          daemon [_thread_blocked, id=9444, stack(0x00000051fa900000,0x00000051faa00000) (1024K)]
  0x0000016ccc646cf0 JavaThread "Attach Listener"            daemon [_thread_blocked, id=20184, stack(0x00000051faa00000,0x00000051fab00000) (1024K)]
  0x0000016ccc64ec80 JavaThread "Service Thread"             daemon [_thread_blocked, id=17400, stack(0x00000051fab00000,0x00000051fac00000) (1024K)]
  0x0000016ccc6514a0 JavaThread "Monitor Deflation Thread"   daemon [_thread_blocked, id=19328, stack(0x00000051fac00000,0x00000051fad00000) (1024K)]
  0x0000016ccc65f690 JavaThread "C2 CompilerThread0"         daemon [_thread_in_native, id=18520, stack(0x00000051fad00000,0x00000051fae00000) (1024K)]
  0x0000016ccc662420 JavaThread "C1 CompilerThread0"         daemon [_thread_blocked, id=11504, stack(0x00000051fae00000,0x00000051faf00000) (1024K)]
  0x0000016ccc611200 JavaThread "Common-Cleaner"             daemon [_thread_blocked, id=16100, stack(0x00000051faf00000,0x00000051fb000000) (1024K)]
  0x0000016ccca63410 JavaThread "C2 CompilerThread1"         daemon [_thread_in_native, id=17516, stack(0x00000051fb000000,0x00000051fb100000) (1024K)]
  0x0000016ccca62320 JavaThread "Monitor Ctrl-Break"         daemon [_thread_in_native, id=5748, stack(0x00000051fb100000,0x00000051fb200000) (1024K)]
  0x0000016ccca62d90 JavaThread "Notification Thread"        daemon [_thread_blocked, id=5928, stack(0x00000051fb200000,0x00000051fb300000) (1024K)]
  0x0000016d13419160 JavaThread "C2 CompilerThread2"         daemon [_thread_in_native, id=10364, stack(0x00000051fbb00000,0x00000051fbc00000) (1024K)]
  0x0000016d14341260 JavaThread "mysql-cj-abandoned-connection-cleanup" daemon [_thread_blocked, id=2388, stack(0x00000051fbc00000,0x00000051fbd00000) (1024K)]
Total: 15

Other Threads:
  0x0000016ccc625a50 VMThread "VM Thread"                           [id=8484, stack(0x00000051fa600000,0x00000051fa700000) (1024K)]
  0x0000016ccc610550 WatcherThread "VM Periodic Task Thread"        [id=7652, stack(0x00000051fa500000,0x00000051fa600000) (1024K)]
  0x0000016cad5e9e90 WorkerThread "GC Thread#0"                     [id=19724, stack(0x00000051fa000000,0x00000051fa100000) (1024K)]
  0x0000016d12e2c520 WorkerThread "GC Thread#1"                     [id=9296, stack(0x00000051fb300000,0x00000051fb400000) (1024K)]
  0x0000016d12e2c8c0 WorkerThread "GC Thread#2"                     [id=14816, stack(0x00000051fb400000,0x00000051fb500000) (1024K)]
  0x0000016d12a29e40 WorkerThread "GC Thread#3"                     [id=11104, stack(0x00000051fb500000,0x00000051fb600000) (1024K)]
  0x0000016d12a2a1e0 WorkerThread "GC Thread#4"                     [id=11024, stack(0x00000051fb600000,0x00000051fb700000) (1024K)]
  0x0000016d12f5ae30 WorkerThread "GC Thread#5"                     [id=5624, stack(0x00000051fb700000,0x00000051fb800000) (1024K)]
  0x0000016d12890300 WorkerThread "GC Thread#6"                     [id=18560, stack(0x00000051fb900000,0x00000051fba00000) (1024K)]
  0x0000016d12b83cc0 WorkerThread "GC Thread#7"                     [id=14444, stack(0x00000051fba00000,0x00000051fbb00000) (1024K)]
  0x0000016cad5fb1d0 ConcurrentGCThread "G1 Main Marker"            [id=7196, stack(0x00000051fa100000,0x00000051fa200000) (1024K)]
=>0x0000016cad5fca60 WorkerThread "G1 Conc#0"                       [id=15992, stack(0x00000051fa200000,0x00000051fa300000) (1024K)]
  0x0000016d13c46060 WorkerThread "G1 Conc#1"                       [id=16636, stack(0x00000051fb800000,0x00000051fb900000) (1024K)]
  0x0000016ccc4e21f0 ConcurrentGCThread "G1 Refine#0"               [id=20252, stack(0x00000051fa300000,0x00000051fa400000) (1024K)]
  0x0000016ccc4e3630 ConcurrentGCThread "G1 Service"                [id=13664, stack(0x00000051fa400000,0x00000051fa500000) (1024K)]
Total: 15

Threads with active compile tasks:
C2 CompilerThread0     6301 4334       4       sun.reflect.annotation.AnnotationInvocationHandler::invoke (182 bytes)
C2 CompilerThread1     6301 4332       4       java.util.zip.ZipFile$ZipFileInflaterInputStream::<init> (14 bytes)
C2 CompilerThread2     6302 4331   !   4       java.util.zip.ZipFile$ZipFileInflaterInputStream::close (67 bytes)
Total: 3

VM state: not at safepoint (normal execution)

VM Mutex/Monitor currently owned by a thread: None

Heap address: 0x0000000704400000, size: 4028 MB, Compressed Oops mode: Zero based, Oop shift amount: 3

CDS archive(s) mapped at: [0x0000016ccd000000-0x0000016ccdc90000-0x0000016ccdc90000), size 13172736, SharedBaseAddress: 0x0000016ccd000000, ArchiveRelocationMode: 1.
Compressed class space mapped at: 0x0000016cce000000-0x0000016d0e000000, reserved size: 1073741824
Narrow klass base: 0x0000016ccd000000, Narrow klass shift: 0, Narrow klass range: 0x100000000

GC Precious Log:
 CardTable entry size: 512
 Card Set container configuration: InlinePtr #cards 4 size 8 Array Of Cards #cards 16 size 48 Howl #buckets 8 coarsen threshold 3686 Howl Bitmap #cards 512 size 80 coarsen threshold 460 Card regions per heap region 1 cards per card region 4096
 CPUs: 8 total, 8 available
 Memory: 16108M
 Large Page Support: Disabled
 NUMA Support: Disabled
 Compressed Oops: Enabled (Zero based)
 Heap Region Size: 2M
 Heap Min Capacity: 8M
 Heap Initial Capacity: 252M
 Heap Max Capacity: 4028M
 Pre-touch: Disabled
 Parallel Workers: 8
 Concurrent Workers: 2
 Concurrent Refinement Workers: 8
 Periodic GC: Disabled

Heap:
 garbage-first heap   total 61440K, used 20219K [0x0000000704400000, 0x0000000800000000)
  region size 2048K, 2 young (4096K), 1 survivors (2048K)
 Metaspace       used 35810K, committed 36416K, reserved 1114112K
  class space    used 4705K, committed 4992K, reserved 1048576K

Heap Regions: E=young(eden), S=young(survivor), O=old, HS=humongous(starts), HC=humongous(continues), CS=collection set, F=free, TAMS=top-at-mark-start, PB=parsable bottom
|   0|0x0000000704400000, 0x0000000704600000, 0x0000000704600000|100%| O|  |TAMS 0x0000000704600000| PB 0x0000000704400000| Untracked 
|   1|0x0000000704600000, 0x0000000704800000, 0x0000000704800000|100%| O|  |TAMS 0x0000000704800000| PB 0x0000000704600000| Untracked 
|   2|0x0000000704800000, 0x0000000704a00000, 0x0000000704a00000|100%| O|  |TAMS 0x0000000704a00000| PB 0x0000000704800000| Untracked 
|   3|0x0000000704a00000, 0x0000000704c00000, 0x0000000704c00000|100%| O|  |TAMS 0x0000000704a00000| PB 0x0000000704a00000| Untracked 
|   4|0x0000000704c00000, 0x0000000704e00000, 0x0000000704e00000|100%| O|  |TAMS 0x0000000704e00000| PB 0x0000000704c00000| Untracked 
|   5|0x0000000704e00000, 0x0000000705000000, 0x0000000705000000|100%| O|  |TAMS 0x0000000705000000| PB 0x0000000704e00000| Untracked 
|   6|0x0000000705000000, 0x0000000705200000, 0x0000000705200000|100%| O|  |TAMS 0x0000000705200000| PB 0x0000000705000000| Untracked 
|   7|0x0000000705200000, 0x0000000705400000, 0x0000000705400000|100%| O|  |TAMS 0x0000000705400000| PB 0x0000000705200000| Untracked 
|   8|0x0000000705400000, 0x0000000705600000, 0x0000000705600000|100%| O|  |TAMS 0x00000007055e5718| PB 0x0000000705400000| Untracked 
|   9|0x0000000705600000, 0x00000007056b4730, 0x0000000705800000| 35%| O|  |TAMS 0x0000000705600000| PB 0x0000000705600000| Untracked 
|  10|0x0000000705800000, 0x0000000705800000, 0x0000000705a00000|  0%| F|  |TAMS 0x0000000705800000| PB 0x0000000705800000| Untracked 
|  11|0x0000000705a00000, 0x0000000705a00000, 0x0000000705c00000|  0%| F|  |TAMS 0x0000000705a00000| PB 0x0000000705a00000| Untracked 
|  12|0x0000000705c00000, 0x0000000705c00000, 0x0000000705e00000|  0%| F|  |TAMS 0x0000000705c00000| PB 0x0000000705c00000| Untracked 
|  13|0x0000000705e00000, 0x0000000705e00000, 0x0000000706000000|  0%| F|  |TAMS 0x0000000705e00000| PB 0x0000000705e00000| Untracked 
|  14|0x0000000706000000, 0x0000000706000000, 0x0000000706200000|  0%| F|  |TAMS 0x0000000706000000| PB 0x0000000706000000| Untracked 
|  15|0x0000000706200000, 0x0000000706200000, 0x0000000706400000|  0%| F|  |TAMS 0x0000000706200000| PB 0x0000000706200000| Untracked 
|  16|0x0000000706400000, 0x0000000706400000, 0x0000000706600000|  0%| F|  |TAMS 0x0000000706400000| PB 0x0000000706400000| Untracked 
|  17|0x0000000706600000, 0x0000000706600000, 0x0000000706800000|  0%| F|  |TAMS 0x0000000706600000| PB 0x0000000706600000| Untracked 
|  18|0x0000000706800000, 0x0000000706800000, 0x0000000706a00000|  0%| F|  |TAMS 0x0000000706800000| PB 0x0000000706800000| Untracked 
|  19|0x0000000706a00000, 0x0000000706a00000, 0x0000000706c00000|  0%| F|  |TAMS 0x0000000706a00000| PB 0x0000000706a00000| Untracked 
|  20|0x0000000706c00000, 0x0000000706c00000, 0x0000000706e00000|  0%| F|  |TAMS 0x0000000706c00000| PB 0x0000000706c00000| Untracked 
|  21|0x0000000706e00000, 0x0000000706e00000, 0x0000000707000000|  0%| F|  |TAMS 0x0000000706e00000| PB 0x0000000706e00000| Untracked 
|  22|0x0000000707000000, 0x000000070710a7e0, 0x0000000707200000| 52%| S|CS|TAMS 0x0000000707000000| PB 0x0000000707000000| Complete 
|  23|0x0000000707200000, 0x0000000707200000, 0x0000000707400000|  0%| F|  |TAMS 0x0000000707200000| PB 0x0000000707200000| Untracked 
|  24|0x0000000707400000, 0x0000000707400000, 0x0000000707600000|  0%| F|  |TAMS 0x0000000707400000| PB 0x0000000707400000| Untracked 
|  97|0x0000000710600000, 0x0000000710600000, 0x0000000710800000|  0%| F|  |TAMS 0x0000000710600000| PB 0x0000000710600000| Untracked 
|  98|0x0000000710800000, 0x0000000710800000, 0x0000000710a00000|  0%| F|  |TAMS 0x0000000710800000| PB 0x0000000710800000| Untracked 
|  99|0x0000000710a00000, 0x0000000710a00000, 0x0000000710c00000|  0%| F|  |TAMS 0x0000000710a00000| PB 0x0000000710a00000| Untracked 
| 100|0x0000000710c00000, 0x0000000710c00000, 0x0000000710e00000|  0%| F|  |TAMS 0x0000000710c00000| PB 0x0000000710c00000| Untracked 
| 125|0x0000000713e00000, 0x0000000713f8c320, 0x0000000714000000| 77%| E|  |TAMS 0x0000000713e00000| PB 0x0000000713e00000| Complete 

Card table byte_map: [0x0000016cc5520000,0x0000016cc5d00000] _byte_map_base: 0x0000016cc1cfe000

Marking Bits: (CMBitMap*) 0x0000016cad5ea4a0
 Bits: [0x0000016cc5d00000, 0x0000016cc9bf0000)

Polling page: 0x0000016cab440000

Metaspace:

Usage:
  Non-class:     30.38 MB used.
      Class:      4.60 MB used.
       Both:     34.97 MB used.

Virtual space:
  Non-class space:       64.00 MB reserved,      30.69 MB ( 48%) committed,  1 nodes.
      Class space:        1.00 GB reserved,       4.88 MB ( <1%) committed,  1 nodes.
             Both:        1.06 GB reserved,      35.56 MB (  3%) committed. 

Chunk freelists:
   Non-Class:  384.00 KB
       Class:  11.11 MB
        Both:  11.48 MB

MaxMetaspaceSize: unlimited
CompressedClassSpaceSize: 1.00 GB
Initial GC threshold: 21.00 MB
Current GC threshold: 35.56 MB
CDS: on
 - commit_granule_bytes: 65536.
 - commit_granule_words: 8192.
 - virtual_space_node_default_size: 8388608.
 - enlarge_chunks_in_place: 1.
 - use_allocation_guard: 0.


Internal statistics:

num_allocs_failed_limit: 6.
num_arena_births: 768.
num_arena_deaths: 0.
num_vsnodes_births: 2.
num_vsnodes_deaths: 0.
num_space_committed: 569.
num_space_uncommitted: 0.
num_chunks_returned_to_freelist: 6.
num_chunks_taken_from_freelist: 2072.
num_chunk_merges: 3.
num_chunk_splits: 1420.
num_chunks_enlarged: 1033.
num_inconsistent_stats: 0.

CodeHeap 'non-profiled nmethods': size=120000Kb used=2630Kb max_used=2630Kb free=117370Kb
 bounds [0x0000016cbd4e0000, 0x0000016cbd780000, 0x0000016cc4a10000]
CodeHeap 'profiled nmethods': size=120000Kb used=8961Kb max_used=8961Kb free=111038Kb
 bounds [0x0000016cb5a10000, 0x0000016cb62e0000, 0x0000016cbcf40000]
CodeHeap 'non-nmethods': size=5760Kb used=1497Kb max_used=1553Kb free=4262Kb
 bounds [0x0000016cbcf40000, 0x0000016cbd1b0000, 0x0000016cbd4e0000]
 total_blobs=4900 nmethods=4329 adapters=475
 compilation: enabled
              stopped_count=0, restarted_count=0
 full_count=0

Compilation events (20 events):
Event: 6.136 Thread 0x0000016ccc662420 4317       3       java.lang.reflect.ProxyGenerator$ProxyMethod::<init> (44 bytes)
Event: 6.137 Thread 0x0000016d13419160 4318       4       jdk.internal.org.objectweb.asm.MethodWriter::visitMethodInsn (191 bytes)
Event: 6.137 Thread 0x0000016ccc662420 nmethod 4317 0x0000016cb62cd690 code [0x0000016cb62cd860, 0x0000016cb62cdc98]
Event: 6.137 Thread 0x0000016ccca63410 4319       4       jdk.internal.org.objectweb.asm.SymbolTable::addConstantMethodref (24 bytes)
Event: 6.138 Thread 0x0000016ccca63410 nmethod 4319 0x0000016cbd767110 code [0x0000016cbd7672a0, 0x0000016cbd767370]
Event: 6.147 Thread 0x0000016ccc65f690 nmethod 4314 0x0000016cbd767410 code [0x0000016cbd767660, 0x0000016cbd768490]
Event: 6.153 Thread 0x0000016ccc662420 4320       3       jdk.proxy1.$Proxy0::<init> (6 bytes)
Event: 6.154 Thread 0x0000016ccc662420 nmethod 4320 0x0000016cb62cdd90 code [0x0000016cb62cdf60, 0x0000016cb62ce2f0]
Event: 6.155 Thread 0x0000016ccc662420 4321       3       java.lang.Class::getAnnotation (22 bytes)
Event: 6.155 Thread 0x0000016ccc662420 nmethod 4321 0x0000016cb62ce490 code [0x0000016cb62ce680, 0x0000016cb62ceb10]
Event: 6.159 Thread 0x0000016ccc65f690 4322       4       java.util.ArrayDeque::add (7 bytes)
Event: 6.160 Thread 0x0000016ccc662420 4323       3       java.lang.invoke.Invokers$Holder::linkToTargetMethod (13 bytes)
Event: 6.160 Thread 0x0000016ccc662420 nmethod 4323 0x0000016cb62cec90 code [0x0000016cb62cee60, 0x0000016cb62cf138]
Event: 6.162 Thread 0x0000016ccc65f690 nmethod 4322 0x0000016cbd768d10 code [0x0000016cbd768ea0, 0x0000016cbd7690f0]
Event: 6.164 Thread 0x0000016ccc662420 4324       3       java.util.StringJoiner::toString (53 bytes)
Event: 6.164 Thread 0x0000016ccc662420 nmethod 4324 0x0000016cb62cf210 code [0x0000016cb62cf3c0, 0x0000016cb62cf5d8]
Event: 6.173 Thread 0x0000016d13419160 nmethod 4318 0x0000016cbd769210 code [0x0000016cbd769540, 0x0000016cbd76ae30]
Event: 6.187 Thread 0x0000016d13419160 4325       4       java.io.WinNTFileSystem::resolve (326 bytes)
Event: 6.191 Thread 0x0000016ccca63410 4326       4       java.util.HashSet::<init> (16 bytes)
Event: 6.195 Thread 0x0000016ccca63410 nmethod 4326 0x0000016cbd76c090 code [0x0000016cbd76c220, 0x0000016cbd76c3f0]

GC Heap History (12 events):
Event: 0.706 GC heap before
{Heap before GC invocations=0 (full 0):
 garbage-first heap   total 258048K, used 20480K [0x0000000704400000, 0x0000000800000000)
  region size 2048K, 11 young (22528K), 0 survivors (0K)
 Metaspace       used 5678K, committed 5888K, reserved 1114112K
  class space    used 644K, committed 704K, reserved 1048576K
}
Event: 0.710 GC heap after
{Heap after GC invocations=1 (full 0):
 garbage-first heap   total 258048K, used 7361K [0x0000000704400000, 0x0000000800000000)
  region size 2048K, 2 young (4096K), 2 survivors (4096K)
 Metaspace       used 5678K, committed 5888K, reserved 1114112K
  class space    used 644K, committed 704K, reserved 1048576K
}
Event: 1.244 GC heap before
{Heap before GC invocations=1 (full 0):
 garbage-first heap   total 258048K, used 29889K [0x0000000704400000, 0x0000000800000000)
  region size 2048K, 14 young (28672K), 2 survivors (4096K)
 Metaspace       used 12501K, committed 12864K, reserved 1114112K
  class space    used 1527K, committed 1728K, reserved 1048576K
}
Event: 1.249 GC heap after
{Heap after GC invocations=2 (full 0):
 garbage-first heap   total 258048K, used 10092K [0x0000000704400000, 0x0000000800000000)
  region size 2048K, 2 young (4096K), 2 survivors (4096K)
 Metaspace       used 12501K, committed 12864K, reserved 1114112K
  class space    used 1527K, committed 1728K, reserved 1048576K
}
Event: 2.634 GC heap before
{Heap before GC invocations=2 (full 0):
 garbage-first heap   total 258048K, used 53100K [0x0000000704400000, 0x0000000800000000)
  region size 2048K, 25 young (51200K), 2 survivors (4096K)
 Metaspace       used 21138K, committed 21504K, reserved 1114112K
  class space    used 2551K, committed 2752K, reserved 1048576K
}
Event: 2.647 GC heap after
{Heap after GC invocations=3 (full 0):
 garbage-first heap   total 258048K, used 14079K [0x0000000704400000, 0x0000000800000000)
  region size 2048K, 4 young (8192K), 4 survivors (8192K)
 Metaspace       used 21138K, committed 21504K, reserved 1114112K
  class space    used 2551K, committed 2752K, reserved 1048576K
}
Event: 4.201 GC heap before
{Heap before GC invocations=4 (full 0):
 garbage-first heap   total 61440K, used 42751K [0x0000000704400000, 0x0000000800000000)
  region size 2048K, 18 young (36864K), 4 survivors (8192K)
 Metaspace       used 26210K, committed 26688K, reserved 1114112K
  class space    used 3255K, committed 3456K, reserved 1048576K
}
Event: 4.213 GC heap after
{Heap after GC invocations=5 (full 0):
 garbage-first heap   total 61440K, used 16346K [0x0000000704400000, 0x0000000800000000)
  region size 2048K, 2 young (4096K), 2 survivors (4096K)
 Metaspace       used 26210K, committed 26688K, reserved 1114112K
  class space    used 3255K, committed 3456K, reserved 1048576K
}
Event: 5.644 GC heap before
{Heap before GC invocations=5 (full 0):
 garbage-first heap   total 61440K, used 42970K [0x0000000704400000, 0x0000000800000000)
  region size 2048K, 15 young (30720K), 2 survivors (4096K)
 Metaspace       used 32090K, committed 32640K, reserved 1114112K
  class space    used 4035K, committed 4288K, reserved 1048576K
}
Event: 5.659 GC heap after
{Heap after GC invocations=6 (full 0):
 garbage-first heap   total 61440K, used 18960K [0x0000000704400000, 0x0000000800000000)
  region size 2048K, 2 young (4096K), 2 survivors (4096K)
 Metaspace       used 32090K, committed 32640K, reserved 1114112K
  class space    used 4035K, committed 4288K, reserved 1048576K
}
Event: 6.174 GC heap before
{Heap before GC invocations=6 (full 0):
 garbage-first heap   total 61440K, used 31248K [0x0000000704400000, 0x0000000800000000)
  region size 2048K, 9 young (18432K), 2 survivors (4096K)
 Metaspace       used 35544K, committed 36096K, reserved 1114112K
  class space    used 4636K, committed 4864K, reserved 1048576K
}
Event: 6.184 GC heap after
{Heap after GC invocations=7 (full 0):
 garbage-first heap   total 61440K, used 20219K [0x0000000704400000, 0x0000000800000000)
  region size 2048K, 1 young (2048K), 1 survivors (2048K)
 Metaspace       used 35544K, committed 36096K, reserved 1114112K
  class space    used 4636K, committed 4864K, reserved 1048576K
}

Dll operation events (12 events):
Event: 0.010 Loaded shared library C:\Program Files\Java\jdk-21\bin\java.dll
Event: 0.043 Loaded shared library C:\Program Files\Java\jdk-21\bin\jsvml.dll
Event: 0.122 Loaded shared library C:\Program Files\Java\jdk-21\bin\zip.dll
Event: 0.127 Loaded shared library C:\Program Files\Java\jdk-21\bin\instrument.dll
Event: 0.133 Loaded shared library C:\Program Files\Java\jdk-21\bin\net.dll
Event: 0.135 Loaded shared library C:\Program Files\Java\jdk-21\bin\nio.dll
Event: 0.138 Loaded shared library C:\Program Files\Java\jdk-21\bin\zip.dll
Event: 0.270 Loaded shared library C:\Program Files\Java\jdk-21\bin\extnet.dll
Event: 0.277 Loaded shared library C:\Program Files\Java\jdk-21\bin\jimage.dll
Event: 1.514 Loaded shared library C:\Program Files\Java\jdk-21\bin\sunmscapi.dll
Event: 5.022 Loaded shared library C:\Program Files\Java\jdk-21\bin\management.dll
Event: 5.026 Loaded shared library C:\Program Files\Java\jdk-21\bin\management_ext.dll

Deoptimization events (20 events):
Event: 5.444 Thread 0x0000016cab16e110 Uncommon trap: trap_request=0xffffffde fr.pc=0x0000016cbd716460 relative=0x0000000000004b80
Event: 5.444 Thread 0x0000016cab16e110 Uncommon trap: reason=class_check action=maybe_recompile pc=0x0000016cbd716460 method=org.springframework.core.annotation.AnnotationsScanner.processClassInheritedAnnotations(Ljava/lang/Object;Ljava/lang/Class;Lorg/springframework/core/annotation/Annotatio
Event: 5.444 Thread 0x0000016cab16e110 DEOPT PACKING pc=0x0000016cbd716460 sp=0x00000051f9ffa0f0
Event: 5.444 Thread 0x0000016cab16e110 DEOPT UNPACKING pc=0x0000016cbcf946a2 sp=0x00000051f9ff9e68 mode 2
Event: 5.790 Thread 0x0000016cab16e110 Uncommon trap: trap_request=0xffffff45 fr.pc=0x0000016cbd5862fc relative=0x00000000000002bc
Event: 5.790 Thread 0x0000016cab16e110 Uncommon trap: reason=unstable_if action=reinterpret pc=0x0000016cbd5862fc method=java.util.concurrent.ConcurrentHashMap.get(Ljava/lang/Object;)Ljava/lang/Object; @ 76 c2
Event: 5.790 Thread 0x0000016cab16e110 DEOPT PACKING pc=0x0000016cbd5862fc sp=0x00000051f9ff9ce0
Event: 5.790 Thread 0x0000016cab16e110 DEOPT UNPACKING pc=0x0000016cbcf946a2 sp=0x00000051f9ff9c58 mode 2
Event: 5.790 Thread 0x0000016cab16e110 Uncommon trap: trap_request=0xffffff45 fr.pc=0x0000016cbd66e1f8 relative=0x0000000000000df8
Event: 5.790 Thread 0x0000016cab16e110 Uncommon trap: reason=unstable_if action=reinterpret pc=0x0000016cbd66e1f8 method=java.util.concurrent.ConcurrentHashMap.computeIfAbsent(Ljava/lang/Object;Ljava/util/function/Function;)Ljava/lang/Object; @ 244 c2
Event: 5.790 Thread 0x0000016cab16e110 DEOPT PACKING pc=0x0000016cbd66e1f8 sp=0x00000051f9ff9c10
Event: 5.790 Thread 0x0000016cab16e110 DEOPT UNPACKING pc=0x0000016cbcf946a2 sp=0x00000051f9ff9ba0 mode 2
Event: 5.817 Thread 0x0000016cab16e110 Uncommon trap: trap_request=0xffffff45 fr.pc=0x0000016cbd668d50 relative=0x0000000000000270
Event: 5.817 Thread 0x0000016cab16e110 Uncommon trap: reason=unstable_if action=reinterpret pc=0x0000016cbd668d50 method=org.springframework.beans.factory.support.AbstractAutowireCapableBeanFactory.determineTargetType(Ljava/lang/String;Lorg/springframework/beans/factory/support/RootBeanDefinit
Event: 5.817 Thread 0x0000016cab16e110 DEOPT PACKING pc=0x0000016cbd668d50 sp=0x00000051f9ffa4a0
Event: 5.817 Thread 0x0000016cab16e110 DEOPT UNPACKING pc=0x0000016cbcf946a2 sp=0x00000051f9ffa488 mode 2
Event: 5.831 Thread 0x0000016cab16e110 Uncommon trap: trap_request=0xffffff45 fr.pc=0x0000016cbd624c98 relative=0x00000000000000f8
Event: 5.831 Thread 0x0000016cab16e110 Uncommon trap: reason=unstable_if action=reinterpret pc=0x0000016cbd624c98 method=java.lang.ClassLoader.getClassLoadingLock(Ljava/lang/String;)Ljava/lang/Object; @ 6 c2
Event: 5.831 Thread 0x0000016cab16e110 DEOPT PACKING pc=0x0000016cbd624c98 sp=0x00000051f9ff9eb0
Event: 5.831 Thread 0x0000016cab16e110 DEOPT UNPACKING pc=0x0000016cbcf946a2 sp=0x00000051f9ff9e40 mode 2

Classes loaded (20 events):
Event: 5.260 Loading class jdk/internal/access/JavaxCryptoSpecAccess
Event: 5.260 Loading class jdk/internal/access/JavaxCryptoSpecAccess done
Event: 5.271 Loading class sun/reflect/misc/ReflectUtil
Event: 5.271 Loading class sun/reflect/misc/ReflectUtil done
Event: 5.298 Loading class java/lang/SafeVarargs
Event: 5.298 Loading class java/lang/SafeVarargs done
Event: 5.376 Loading class java/util/concurrent/Executors$AutoShutdownDelegatedExecutorService
Event: 5.377 Loading class java/util/concurrent/Executors$DelegatedExecutorService
Event: 5.377 Loading class java/util/concurrent/Executors$DelegatedExecutorService done
Event: 5.377 Loading class java/util/concurrent/Executors$AutoShutdownDelegatedExecutorService done
Event: 5.378 Loading class java/util/concurrent/ThreadPoolExecutor$Worker
Event: 5.378 Loading class java/util/concurrent/ThreadPoolExecutor$Worker done
Event: 5.486 Loading class javax/naming/Referenceable
Event: 5.487 Loading class javax/naming/Referenceable done
Event: 5.536 Loading class java/lang/instrument/ClassFileTransformer
Event: 5.536 Loading class java/lang/instrument/ClassFileTransformer done
Event: 5.789 Loading class jdk/internal/vm/annotation/IntrinsicCandidate
Event: 5.790 Loading class jdk/internal/vm/annotation/IntrinsicCandidate done
Event: 5.866 Loading class java/util/UUID$Holder
Event: 5.866 Loading class java/util/UUID$Holder done

Classes unloaded (0 events):
No events

Classes redefined (0 events):
No events

Internal exceptions (20 events):
Event: 4.471 Thread 0x0000016cab16e110 Exception <a 'java/lang/IncompatibleClassChangeError'{0x0000000710ae9208}: Found class java.lang.Object, but interface was expected> (0x0000000710ae9208) 
thrown [s\open\src\hotspot\share\interpreter\linkResolver.cpp, line 840]
Event: 4.472 Thread 0x0000016cab16e110 Exception <a 'java/lang/IncompatibleClassChangeError'{0x0000000710af26d8}: Found class java.lang.Object, but interface was expected> (0x0000000710af26d8) 
thrown [s\open\src\hotspot\share\interpreter\linkResolver.cpp, line 840]
Event: 4.487 Thread 0x0000016cab16e110 Exception <a 'java/lang/NoSuchMethodError'{0x0000000710b27608}: 'void java.lang.invoke.DirectMethodHandle$Holder.invokeStatic(java.lang.Object, java.lang.Object, java.lang.Object, int, java.lang.Object)'> (0x0000000710b27608) 
thrown [s\open\src\hotspot\share\interpreter\linkResolver.cpp, line 773]
Event: 4.488 Thread 0x0000016cab16e110 Exception <a 'java/lang/NoSuchMethodError'{0x0000000710b2de10}: 'java.lang.Object java.lang.invoke.DirectMethodHandle$Holder.newInvokeSpecial(java.lang.Object, java.lang.Object, java.lang.Object, int)'> (0x0000000710b2de10) 
thrown [s\open\src\hotspot\share\interpreter\linkResolver.cpp, line 773]
Event: 4.489 Thread 0x0000016cab16e110 Exception <a 'java/lang/NoSuchMethodError'{0x0000000710b31ca0}: 'java.lang.Object java.lang.invoke.DirectMethodHandle$Holder.invokeSpecial(java.lang.Object, java.lang.Object, java.lang.Object, java.lang.Object, int)'> (0x0000000710b31ca0) 
thrown [s\open\src\hotspot\share\interpreter\linkResolver.cpp, line 773]
Event: 4.489 Thread 0x0000016cab16e110 Exception <a 'java/lang/NoSuchMethodError'{0x0000000710b35138}: 'java.lang.Object java.lang.invoke.Invokers$Holder.linkToTargetMethod(java.lang.Object, java.lang.Object, int, java.lang.Object)'> (0x0000000710b35138) 
thrown [s\open\src\hotspot\share\interpreter\linkResolver.cpp, line 773]
Event: 4.502 Thread 0x0000016cab16e110 Exception <a 'java/lang/NoSuchMethodError'{0x0000000710b8d630}: 'void java.lang.invoke.DirectMethodHandle$Holder.invokeStatic(java.lang.Object, int, java.lang.Object)'> (0x0000000710b8d630) 
thrown [s\open\src\hotspot\share\interpreter\linkResolver.cpp, line 773]
Event: 4.571 Thread 0x0000016cab16e110 Exception <a 'java/lang/NoSuchMethodError'{0x0000000710900ae8}: 'java.lang.Object java.lang.invoke.DirectMethodHandle$Holder.invokeVirtual(java.lang.Object, java.lang.Object, java.lang.Object, java.lang.Object, java.lang.Object)'> (0x0000000710900ae8) 
thrown [s\open\src\hotspot\share\interpreter\linkResolver.cpp, line 773]
Event: 4.656 Thread 0x0000016cab16e110 Exception <a 'java/lang/NoSuchMethodError'{0x000000071065bec0}: 'java.lang.Object java.lang.invoke.DirectMethodHandle$Holder.invokeStaticInit(java.lang.Object, int, int, int, int)'> (0x000000071065bec0) 
thrown [s\open\src\hotspot\share\interpreter\linkResolver.cpp, line 773]
Event: 4.727 Thread 0x0000016cab16e110 Exception <a 'java/lang/NoSuchMethodError'{0x000000071071e0b0}: 'java.lang.Object java.lang.invoke.DirectMethodHandle$Holder.invokeStaticInit(java.lang.Object, java.lang.Object, int, int, int, int)'> (0x000000071071e0b0) 
thrown [s\open\src\hotspot\share\interpreter\linkResolver.cpp, line 773]
Event: 4.946 Thread 0x0000016cab16e110 Exception <a 'java/lang/NoSuchMethodError'{0x00000007073631e0}: 'int java.lang.invoke.DirectMethodHandle$Holder.invokeVirtual(java.lang.Object, java.lang.Object, java.lang.Object, java.lang.Object)'> (0x00000007073631e0) 
thrown [s\open\src\hotspot\share\interpreter\linkResolver.cpp, line 773]
Event: 4.947 Thread 0x0000016cab16e110 Exception <a 'java/lang/NoSuchMethodError'{0x0000000707366c58}: 'int java.lang.invoke.DelegatingMethodHandle$Holder.reinvoke_L(java.lang.Object, java.lang.Object, java.lang.Object, java.lang.Object)'> (0x0000000707366c58) 
thrown [s\open\src\hotspot\share\interpreter\linkResolver.cpp, line 773]
Event: 5.058 Thread 0x0000016cab16e110 Exception <a 'java/io/FileNotFoundException'{0x000000070706df70}> (0x000000070706df70) 
thrown [s\open\src\hotspot\share\prims\jni.cpp, line 520]
Event: 5.192 Thread 0x0000016cab16e110 Exception <a 'java/lang/NoSuchMethodError'{0x0000000706eb9560}: 'int java.lang.invoke.DirectMethodHandle$Holder.invokeInterface(java.lang.Object, java.lang.Object, java.lang.Object, java.lang.Object)'> (0x0000000706eb9560) 
thrown [s\open\src\hotspot\share\interpreter\linkResolver.cpp, line 773]
Event: 5.226 Thread 0x0000016cab16e110 Implicit null exception at 0x0000016cbd6c1212 to 0x0000016cbd6c24f4
Event: 5.246 Thread 0x0000016cab16e110 Exception <a 'sun/nio/fs/WindowsException'{0x0000000706fc6778}> (0x0000000706fc6778) 
thrown [s\open\src\hotspot\share\prims\jni.cpp, line 520]
Event: 5.264 Thread 0x0000016cab16e110 Exception <a 'java/lang/NoSuchMethodError'{0x0000000706fec880}: 'void java.lang.invoke.Invokers$Holder.invokeExact_MT(java.lang.Object, java.lang.Object, java.lang.Object, java.lang.Object)'> (0x0000000706fec880) 
thrown [s\open\src\hotspot\share\interpreter\linkResolver.cpp, line 773]
Event: 5.432 Thread 0x0000016cab16e110 Exception <a 'java/lang/NoSuchMethodError'{0x0000000706b0dcc0}: 'java.lang.Object java.lang.invoke.DirectMethodHandle$Holder.newInvokeSpecial(java.lang.Object, java.lang.Object, java.lang.Object, java.lang.Object, java.lang.Object, java.lang.Object, java.lang.Object, java.lang.Object, java.lang.Object, java.lang.Object, java.lang.Object, java.lang.Object)'> (0x0000000706b0dcc0) 
thrown [s\open\src\hotspot\share\interpreter\linkResolver.cpp, line 773]
Event: 5.432 Thread 0x0000016cab16e110 Exception <a 'java/lang/NoSuchMethodError'{0x0000000706b13240}: 'java.lang.Object java.lang.invoke.DirectMethodHandle$Holder.invokeSpecial(java.lang.Object, java.lang.Object, java.lang.Object, java.lang.Object, java.lang.Object, java.lang.Object, java.lang.Object, java.lang.Object, java.lang.Object, java.lang.Object, java.lang.Object, java.lang.Object, java.lang.Object)'> (0x0000000706b13240) 
thrown [s\open\src\hotspot\share\interpreter\linkResolver.cpp, line 773]
Event: 5.573 Thread 0x0000016cab16e110 Exception <a 'java/lang/NoSuchMethodError'{0x000000070665d448}: 'void java.lang.invoke.DelegatingMethodHandle$Holder.reinvoke_L(java.lang.Object, java.lang.Object, java.lang.Object, java.lang.Object, int, java.lang.Object, java.lang.Object, java.lang.Object)'> (0x000000070665d448) 
thrown [s\open\src\hotspot\share\interpreter\linkResolver.cpp, line 773]

ZGC Phase Switch (0 events):
No events

VM Operations (20 events):
Event: 4.200 Executing VM operation: G1CollectForAllocation (G1 Evacuation Pause)
Event: 4.213 Executing VM operation: G1CollectForAllocation (G1 Evacuation Pause) done
Event: 4.921 Executing VM operation: HandshakeAllThreads (Deoptimize)
Event: 4.921 Executing VM operation: HandshakeAllThreads (Deoptimize) done
Event: 4.924 Executing VM operation: HandshakeAllThreads (Deoptimize)
Event: 4.924 Executing VM operation: HandshakeAllThreads (Deoptimize) done
Event: 5.039 Executing VM operation: HandshakeAllThreads (Deoptimize)
Event: 5.040 Executing VM operation: HandshakeAllThreads (Deoptimize) done
Event: 5.149 Executing VM operation: HandshakeAllThreads (Deoptimize)
Event: 5.149 Executing VM operation: HandshakeAllThreads (Deoptimize) done
Event: 5.248 Executing VM operation: HandshakeAllThreads (Deoptimize)
Event: 5.248 Executing VM operation: HandshakeAllThreads (Deoptimize) done
Event: 5.248 Executing VM operation: Cleanup
Event: 5.248 Executing VM operation: Cleanup done
Event: 5.256 Executing VM operation: HandshakeAllThreads (Deoptimize)
Event: 5.256 Executing VM operation: HandshakeAllThreads (Deoptimize) done
Event: 5.644 Executing VM operation: G1CollectForAllocation (G1 Evacuation Pause)
Event: 5.659 Executing VM operation: G1CollectForAllocation (G1 Evacuation Pause) done
Event: 6.174 Executing VM operation: CollectForMetadataAllocation (Metadata GC Threshold)
Event: 6.184 Executing VM operation: CollectForMetadataAllocation (Metadata GC Threshold) done

Events (20 events):
Event: 0.040 Thread 0x0000016ccc63dd10 Thread added: 0x0000016ccc63dd10
Event: 0.040 Thread 0x0000016ccc63f090 Thread added: 0x0000016ccc63f090
Event: 0.040 Thread 0x0000016ccc646430 Thread added: 0x0000016ccc646430
Event: 0.040 Thread 0x0000016ccc646cf0 Thread added: 0x0000016ccc646cf0
Event: 0.040 Thread 0x0000016ccc64ec80 Thread added: 0x0000016ccc64ec80
Event: 0.040 Thread 0x0000016ccc6514a0 Thread added: 0x0000016ccc6514a0
Event: 0.041 Thread 0x0000016ccc65f690 Thread added: 0x0000016ccc65f690
Event: 0.041 Thread 0x0000016ccc662420 Thread added: 0x0000016ccc662420
Event: 0.103 Thread 0x0000016ccc611200 Thread added: 0x0000016ccc611200
Event: 0.172 Thread 0x0000016ccca63410 Thread added: 0x0000016ccca63410
Event: 0.245 Thread 0x0000016ccca62320 Thread added: 0x0000016ccca62320
Event: 0.245 Thread 0x0000016ccca62d90 Thread added: 0x0000016ccca62d90
Event: 1.100 Thread 0x0000016d12c759c0 Thread added: 0x0000016d12c759c0
Event: 1.534 Thread 0x0000016d136ebf80 Thread added: 0x0000016d136ebf80
Event: 1.611 Thread 0x0000016d12c759c0 Thread exited: 0x0000016d12c759c0
Event: 1.619 Thread 0x0000016d12c759c0 Thread added: 0x0000016d12c759c0
Event: 1.658 Thread 0x0000016d12c759c0 Thread exited: 0x0000016d12c759c0
Event: 2.321 Thread 0x0000016d136ebf80 Thread exited: 0x0000016d136ebf80
Event: 3.124 Thread 0x0000016d13419160 Thread added: 0x0000016d13419160
Event: 5.379 Thread 0x0000016d14341260 Thread added: 0x0000016d14341260


Dynamic libraries:
0x00007ff635f30000 - 0x00007ff635f40000 	C:\Program Files\Java\jdk-21\bin\java.exe
0x00007ff8f0be0000 - 0x00007ff8f0e47000 	C:\WINDOWS\SYSTEM32\ntdll.dll
0x00007ff8ef3f0000 - 0x00007ff8ef4b9000 	C:\WINDOWS\System32\KERNEL32.DLL
0x00007ff8ee3d0000 - 0x00007ff8ee7bf000 	C:\WINDOWS\System32\KERNELBASE.dll
0x00007ff8eddf0000 - 0x00007ff8edf3b000 	C:\WINDOWS\System32\ucrtbase.dll
0x00007ff8dc760000 - 0x00007ff8dc779000 	C:\Program Files\Java\jdk-21\bin\jli.dll
0x00007ff8efe20000 - 0x00007ff8efed4000 	C:\WINDOWS\System32\ADVAPI32.dll
0x00007ff8dc740000 - 0x00007ff8dc75b000 	C:\Program Files\Java\jdk-21\bin\VCRUNTIME140.dll
0x00007ff8eefa0000 - 0x00007ff8ef049000 	C:\WINDOWS\System32\msvcrt.dll
0x00007ff8eed00000 - 0x00007ff8eeda6000 	C:\WINDOWS\System32\sechost.dll
0x00007ff8ee990000 - 0x00007ff8eeaa8000 	C:\WINDOWS\System32\RPCRT4.dll
0x00007ff8f0380000 - 0x00007ff8f0545000 	C:\WINDOWS\System32\USER32.dll
0x00007ff8ee950000 - 0x00007ff8ee977000 	C:\WINDOWS\System32\win32u.dll
0x00007ff8c93e0000 - 0x00007ff8c9673000 	C:\WINDOWS\WinSxS\amd64_microsoft.windows.common-controls_6595b64144ccf1df_6.0.26100.7309_none_3e05feeae336a044\COMCTL32.dll
0x00007ff8f02b0000 - 0x00007ff8f02db000 	C:\WINDOWS\System32\GDI32.dll
0x00007ff8ee210000 - 0x00007ff8ee33c000 	C:\WINDOWS\System32\gdi32full.dll
0x00007ff8ee0b0000 - 0x00007ff8ee153000 	C:\WINDOWS\System32\msvcp_win.dll
0x00007ff8e36f0000 - 0x00007ff8e36fb000 	C:\WINDOWS\SYSTEM32\VERSION.dll
0x00007ff8f0b60000 - 0x00007ff8f0b91000 	C:\WINDOWS\System32\IMM32.DLL
0x00007ff8e5f00000 - 0x00007ff8e5f0c000 	C:\Program Files\Java\jdk-21\bin\vcruntime140_1.dll
0x00007ff8d6b40000 - 0x00007ff8d6bce000 	C:\Program Files\Java\jdk-21\bin\msvcp140.dll
0x00007ff86d4a0000 - 0x00007ff86e1bd000 	C:\Program Files\Java\jdk-21\bin\server\jvm.dll
0x00007ff8f0050000 - 0x00007ff8f00c4000 	C:\WINDOWS\System32\WS2_32.dll
0x00007ff8edb90000 - 0x00007ff8edbee000 	C:\WINDOWS\SYSTEM32\POWRPROF.dll
0x00007ff8e3a20000 - 0x00007ff8e3a55000 	C:\WINDOWS\SYSTEM32\WINMM.dll
0x00007ff8edb70000 - 0x00007ff8edb84000 	C:\WINDOWS\SYSTEM32\UMPDC.dll
0x00007ff8ecae0000 - 0x00007ff8ecafb000 	C:\WINDOWS\SYSTEM32\kernel.appcore.dll
0x00007ff8dc730000 - 0x00007ff8dc73a000 	C:\Program Files\Java\jdk-21\bin\jimage.dll
0x00007ff8eb180000 - 0x00007ff8eb3c2000 	C:\WINDOWS\SYSTEM32\DBGHELP.DLL
0x00007ff8ef060000 - 0x00007ff8ef3e5000 	C:\WINDOWS\System32\combase.dll
0x00007ff8efee0000 - 0x00007ff8effb6000 	C:\WINDOWS\System32\OLEAUT32.dll
0x00007ff8ce420000 - 0x00007ff8ce45c000 	C:\WINDOWS\SYSTEM32\dbgcore.DLL
0x00007ff8ee160000 - 0x00007ff8ee205000 	C:\WINDOWS\System32\bcryptPrimitives.dll
0x00007ff8dc720000 - 0x00007ff8dc72f000 	C:\Program Files\Java\jdk-21\bin\instrument.dll
0x00007ff8dc5e0000 - 0x00007ff8dc5ff000 	C:\Program Files\Java\jdk-21\bin\java.dll
0x00007ff8ef6c0000 - 0x00007ff8efe13000 	C:\WINDOWS\System32\SHELL32.dll
0x00007ff8edf40000 - 0x00007ff8ee0aa000 	C:\WINDOWS\System32\wintypes.dll
0x00007ff8eb930000 - 0x00007ff8ec18e000 	C:\WINDOWS\SYSTEM32\windows.storage.dll
0x00007ff8eeab0000 - 0x00007ff8eeba5000 	C:\WINDOWS\System32\SHCORE.dll
0x00007ff8f00d0000 - 0x00007ff8f0136000 	C:\WINDOWS\System32\shlwapi.dll
0x00007ff8edc50000 - 0x00007ff8edc79000 	C:\WINDOWS\SYSTEM32\profapi.dll
0x00007ff8d6840000 - 0x00007ff8d6917000 	C:\Program Files\Java\jdk-21\bin\jsvml.dll
0x00007ff8db910000 - 0x00007ff8db928000 	C:\Program Files\Java\jdk-21\bin\zip.dll
0x00007ff8dc5d0000 - 0x00007ff8dc5e0000 	C:\Program Files\Java\jdk-21\bin\net.dll
0x00007ff8dd9d0000 - 0x00007ff8ddaf8000 	C:\WINDOWS\SYSTEM32\WINHTTP.dll
0x00007ff8ed050000 - 0x00007ff8ed0bb000 	C:\WINDOWS\system32\mswsock.dll
0x00007ff8db970000 - 0x00007ff8db986000 	C:\Program Files\Java\jdk-21\bin\nio.dll
0x00007ff8dc5c0000 - 0x00007ff8dc5c9000 	C:\Program Files\Java\jdk-21\bin\extnet.dll
0x00007ff8db900000 - 0x00007ff8db90e000 	C:\Program Files\Java\jdk-21\bin\sunmscapi.dll
0x00007ff8ee7d0000 - 0x00007ff8ee947000 	C:\WINDOWS\System32\CRYPT32.dll
0x00007ff8ed530000 - 0x00007ff8ed560000 	C:\WINDOWS\SYSTEM32\ncrypt.dll
0x00007ff8ed4e0000 - 0x00007ff8ed51f000 	C:\WINDOWS\SYSTEM32\NTASN1.dll
0x00007ff8ed310000 - 0x00007ff8ed32b000 	C:\WINDOWS\SYSTEM32\CRYPTSP.dll
0x00007ff8eca40000 - 0x00007ff8eca7a000 	C:\WINDOWS\system32\rsaenh.dll
0x00007ff8ed100000 - 0x00007ff8ed12b000 	C:\WINDOWS\SYSTEM32\USERENV.dll
0x00007ff8edc20000 - 0x00007ff8edc4a000 	C:\WINDOWS\SYSTEM32\bcrypt.dll
0x00007ff8ed330000 - 0x00007ff8ed33c000 	C:\WINDOWS\SYSTEM32\CRYPTBASE.dll
0x00007ff8ec620000 - 0x00007ff8ec654000 	C:\WINDOWS\SYSTEM32\IPHLPAPI.DLL
0x00007ff8eef90000 - 0x00007ff8eef9a000 	C:\WINDOWS\System32\NSI.dll
0x00007ff8db8f0000 - 0x00007ff8db8fa000 	C:\Program Files\Java\jdk-21\bin\management.dll
0x00007ff8db890000 - 0x00007ff8db89b000 	C:\Program Files\Java\jdk-21\bin\management_ext.dll
0x00007ff8ee980000 - 0x00007ff8ee988000 	C:\WINDOWS\System32\PSAPI.DLL

dbghelp: loaded successfully - version: 4.0.5 - missing functions: none
symbol engine: initialized successfully - sym options: 0x614 - pdb path: .;C:\Program Files\Java\jdk-21\bin;C:\WINDOWS\SYSTEM32;C:\WINDOWS\WinSxS\amd64_microsoft.windows.common-controls_6595b64144ccf1df_6.0.26100.7309_none_3e05feeae336a044;C:\Program Files\Java\jdk-21\bin\server

VM Arguments:
jvm_args: -javaagent:C:\Program Files\JetBrains\IntelliJ IDEA Community Edition 2025.2.1\lib\idea_rt.jar=51376 -Dfile.encoding=UTF-8 -Dsun.stdout.encoding=UTF-8 -Dsun.stderr.encoding=UTF-8 
java_command: com.example.demo.MyFirstSpringBootApplication
java_class_path (initial): C:\Users\darsh\Downloads\demo\demo\target\classes;C:\Users\darsh\.m2\repository\org\springframework\boot\spring-boot-starter\4.0.0\spring-boot-starter-4.0.0.jar;C:\Users\darsh\.m2\repository\org\springframework\boot\spring-boot-starter-logging\4.0.0\spring-boot-starter-logging-4.0.0.jar;C:\Users\darsh\.m2\repository\ch\qos\logback\logback-classic\1.5.21\logback-classic-1.5.21.jar;C:\Users\darsh\.m2\repository\ch\qos\logback\logback-core\1.5.21\logback-core-1.5.21.jar;C:\Users\darsh\.m2\repository\org\apache\logging\log4j\log4j-to-slf4j\2.25.2\log4j-to-slf4j-2.25.2.jar;C:\Users\darsh\.m2\repository\org\apache\logging\log4j\log4j-api\2.25.2\log4j-api-2.25.2.jar;C:\Users\darsh\.m2\repository\org\slf4j\jul-to-slf4j\2.0.17\jul-to-slf4j-2.0.17.jar;C:\Users\darsh\.m2\repository\org\springframework\boot\spring-boot-autoconfigure\4.0.0\spring-boot-autoconfigure-4.0.0.jar;C:\Users\darsh\.m2\repository\org\springframework\boot\spring-boot\4.0.0\spring-boot-4.0.0.jar;C:\Users\darsh\.m2\repository\org\springframework\spring-context\7.0.1\spring-context-7.0.1.jar;C:\Users\darsh\.m2\repository\jakarta\annotation\jakarta.annotation-api\3.0.0\jakarta.annotation-api-3.0.0.jar;C:\Users\darsh\.m2\repository\org\yaml\snakeyaml\2.5\snakeyaml-2.5.jar;C:\Users\darsh\.m2\repository\org\slf4j\slf4j-api\2.0.17\slf4j-api-2.0.17.jar;C:\Users\darsh\.m2\repository\jakarta\xml\bind\jakarta.xml.bind-api\4.0.4\jakarta.xml.bind-api-4.0.4.jar;C:\Users\darsh\.m2\repository\jakarta\activation\jakarta.activation-api\2.1.4\jakarta.activation-api-2.1.4.jar;C:\Users\darsh\.m2\repository\org\springframework\spring-core\7.0.1\spring-core-7.0.1.jar;C:\Users\darsh\.m2\repository\commons-logging\commons-logging\1.3.5\commons-logging-1.3.5.jar;C:\Users\darsh\.m2\repository\org\jspecify\jspecify\1.0.0\jspecify-1.0.0.jar;C:\Users\darsh\.m2\repository\org\springframework\boot\spring-boot-starter-web\4.0.0\spring-boot-starter-web-4.0.0.jar;C:\Users\darsh\.m2\repository\org\springframework\boot\spring-boot-starter-jackson\4.0.0\spring-boot-starter-jackson-4.0.0.jar;C:\Users\darsh\.m2\repository\org\springframework\boot\spring-boot-jackson\4.0.0\spring-boot-jackson-4.0.0.jar;C:\Users\darsh\.m2\repository\tools\jackson\core\jackson-databind\3.0.2\jackson-databind-3.0.2.jar;C:\Users\darsh\.m2\repository\tools\jackson\core\jackson-core\3.0.2\jackson-core-3.0.2.jar;C:\Users\darsh\.m2\repository\org\springframework\boot\spring-boot-starter-tomcat\4.0.0\spring-boot-starter-tomcat-4.0.0.jar;C:\Users\darsh\.m2\repository\org\springframework\boot\spring-boot-starter-tomcat-runtime\4.0.0\spring-boot-starter-tomcat-runtime-4.0.0.jar;C:\Users\darsh\.m2\repository\org\springframework\boot\spring-boot-web-server\4.0.0\spring-boot-web-server-4.0.0.jar;C:\Users\darsh\.m2\repository\org\apache\tomcat\embed\tomcat-embed-core\11.0.14\tomcat-embed-core-11.0.14.jar;C:\Users\darsh\.m2\repository\org\apache\tomcat\embed\tomcat-embed-el\11.0.14\tomcat-embed-el-11.0.14.jar;C:\Users\darsh\.m2\repository\org\apache\tomcat\embed\tomcat-embed-websocket\11.0.14\tomcat-embed-websocket-11.0.14.jar;C:\Users\darsh\.m2\repository\org\springframework\boot\spring-boot-tomcat\4.0.0\spring-boot-tomcat-4.0.0.jar;C:\Users\darsh\.m2\repository\org\springframework\boot\spring-boot-http-converter\4.0.0\spring-boot-http-converter-4.0.0.jar;C:\Users\darsh\.m2\repository\org\springframework\spring-web\7.0.1\spring-web-7.0.1.jar;C:\Users\darsh\.m2\repository\io\micrometer\micrometer-observation\1.16.0\micrometer-observation-1.16.0.jar;C:\Users\darsh\.m2\repository\io\micrometer\micrometer-commons\1.16.0\micrometer-commons-1.16.0.jar;C:\Users\darsh\.m2\repository\org\springframework\boot\spring-boot-webmvc\4.0.0\spring-boot-webmvc-4.0.0.jar;C:\Users\darsh\.m2\repository\org\springframework\boot\spring-boot-servlet\4.0.0\spring-boot-servlet-4.0.0.jar;C:\Users\darsh\.m2\repository\org\springframework\spring-webmvc\7.0.1\spring-webmvc-7.0.1.jar;C:\Users\darsh\.m2\repository\org\springframework\spring-expression\7.0.1\spring-expression-7.0.1.jar;C:\Users\darsh\.m2\repository\org\springframework\boot\spring-boot-starter-jdbc\4.0.0\spring-boot-starter-jdbc-4.0.0.jar;C:\Users\darsh\.m2\repository\org\springframework\boot\spring-boot-jdbc\4.0.0\spring-boot-jdbc-4.0.0.jar;C:\Users\darsh\.m2\repository\org\springframework\boot\spring-boot-sql\4.0.0\spring-boot-sql-4.0.0.jar;C:\Users\darsh\.m2\repository\org\springframework\boot\spring-boot-transaction\4.0.0\spring-boot-transaction-4.0.0.jar;C:\Users\darsh\.m2\repository\org\springframework\boot\spring-boot-persistence\4.0.0\spring-boot-persistence-4.0.0.jar;C:\Users\darsh\.m2\repository\org\springframework\spring-tx\7.0.1\spring-tx-7.0.1.jar;C:\Users\darsh\.m2\repository\org\springframework\spring-jdbc\7.0.1\spring-jdbc-7.0.1.jar;C:\Users\darsh\.m2\repository\com\zaxxer\HikariCP\7.0.2\HikariCP-7.0.2.jar;C:\Users\darsh\.m2\repository\com\mysql\mysql-connector-j\9.5.0\mysql-connector-j-9.5.0.jar;C:\Users\darsh\.m2\repository\org\hibernate\orm\hibernate-core\7.1.8.Final\hibernate-core-7.1.8.Final.jar;C:\Users\darsh\.m2\repository\jakarta\persistence\jakarta.persistence-api\3.2.0\jakarta.persistence-api-3.2.0.jar;C:\Users\darsh\.m2\repository\jakarta\transaction\jakarta.transaction-api\2.0.1\jakarta.transaction-api-2.0.1.jar;C:\Users\darsh\.m2\repository\org\jboss\logging\jboss-logging\3.6.1.Final\jboss-logging-3.6.1.Final.jar;C:\Users\darsh\.m2\repository\org\hibernate\models\hibernate-models\1.0.1\hibernate-models-1.0.1.jar;C:\Users\darsh\.m2\repository\com\fasterxml\classmate\1.7.1\classmate-1.7.1.jar;C:\Users\darsh\.m2\repository\net\bytebuddy\byte-buddy\1.17.8\byte-buddy-1.17.8.jar;C:\Users\darsh\.m2\repository\org\glassfish\jaxb\jaxb-runtime\4.0.6\jaxb-runtime-4.0.6.jar;C:\Users\darsh\.m2\repository\org\glassfish\jaxb\jaxb-core\4.0.6\jaxb-core-4.0.6.jar;C:\Users\darsh\.m2\repository\org\eclipse\angus\angus-activation\2.0.3\angus-activation-2.0.3.jar;C:\Users\darsh\.m2\repository\org\glassfish\jaxb\txw2\4.0.6\txw2-4.0.6.jar;C:\Users\darsh\.m2\repository\com\sun\istack\istack-commons-runtime\4.1.2\istack-commons-runtime-4.1.2.jar;C:\Users\darsh\.m2\repository\jakarta\inject\jakarta.inject-api\2.0.1\jakarta.inject-api-2.0.1.jar;C:\Users\darsh\.m2\repository\org\antlr\antlr4-runtime\4.13.2\antlr4-runtime-4.13.2.jar;C:\Users\darsh\.m2\repository\org\springframework\boot\spring-boot-starter-data-jpa\4.0.0\spring-boot-starter-data-jpa-4.0.0.jar;C:\Users\darsh\.m2\repository\org\springframework\boot\spring-boot-data-jpa\4.0.0\spring-boot-data-jpa-4.0.0.jar;C:\Users\darsh\.m2\repository\org\springframework\boot\spring-boot-data-commons\4.0.0\spring-boot-data-commons-4.0.0.jar;C:\Users\darsh\.m2\repository\org\springframework\data\spring-data-commons\4.0.0\spring-data-commons-4.0.0.jar;C:\Users\darsh\.m2\repository\org\springframework\boot\spring-boot-hibernate\4.0.0\spring-boot-hibernate-4.0.0.jar;C:\Users\darsh\.m2\repository\org\springframework\boot\spring-boot-jpa\4.0.0\spring-boot-jpa-4.0.0.jar;C:\Users\darsh\.m2\repository\org\springframework\spring-orm\7.0.1\spring-orm-7.0.1.jar;C:\Users\darsh\.m2\repository\org\springframework\data\spring-data-jpa\4.0.0\spring-data-jpa-4.0.0.jar;C:\Users\darsh\.m2\repository\org\springframework\spring-aspects\7.0.1\spring-aspects-7.0.1.jar;C:\Users\darsh\.m2\repository\org\aspectj\aspectjweaver\1.9.25\aspectjweaver-1.9.25.jar;C:\Users\darsh\.m2\repository\org\springframework\boot\spring-boot-starter-security\4.0.0\spring-boot-starter-security-4.0.0.jar;C:\Users\darsh\.m2\repository\org\springframework\boot\spring-boot-security\4.0.0\spring-boot-security-4.0.0.jar;C:\Users\darsh\.m2\repository\org\springframework\security\spring-security-config\7.0.0\spring-security-config-7.0.0.jar;C:\Users\darsh\.m2\repository\org\springframework\security\spring-security-core\7.0.0\spring-security-core-7.0.0.jar;C:\Users\darsh\.m2\repository\org\springframework\security\spring-security-crypto\7.0.0\spring-security-crypto-7.0.0.jar;C:\Users\darsh\.m2\repository\org\springframework\security\spring-security-web\7.0.0\spring-security-web-7.0.0.jar;C:\Users\darsh\.m2\repository\org\springframework\spring-aop\7.0.1\spring-aop-7.0.1.jar;C:\Users\darsh\.m2\repository\org\springframework\spring-beans\7.0.1\spring-beans-7.0.1.jar;C:\Users\darsh\.m2\repository\io\jsonwebtoken\jjwt-api\0.11.5\jjwt-api-0.11.5.jar;C:\Users\darsh\.m2\repository\io\jsonwebtoken\jjwt-impl\0.11.5\jjwt-impl-0.11.5.jar;C:\Users\darsh\.m2\repository\io\jsonwebtoken\jjwt-jackson\0.11.5\jjwt-jackson-0.11.5.jar;C:\Users\darsh\.m2\repository\com\fasterxml\jackson\core\jackson-databind\2.20.1\jackson-databind-2.20.1.jar;C:\Users\darsh\.m2\repository\com\fasterxml\jackson\core\jackson-annotations\2.20\jackson-annotations-2.20.jar;C:\Users\darsh\.m2\repository\com\fasterxml\jackson\core\jackson-core\2.20.1\jackson-core-2.20.1.jar
Launcher Type: SUN_STANDARD

[Global flags]
     intx CICompilerCount                          = 4                                         {product} {ergonomic}
     uint ConcGCThreads                            = 2                                         {product} {ergonomic}
     uint G1ConcRefinementThreads                  = 8                                         {product} {ergonomic}
   size_t G1HeapRegionSize                         = 2097152                                   {product} {ergonomic}
    uintx GCDrainStackTargetSize                   = 64                                        {product} {ergonomic}
   size_t InitialHeapSize                          = 264241152                                 {product} {ergonomic}
   size_t MarkStackSize                            = 4194304                                   {product} {ergonomic}
   size_t MaxHeapSize                              = 4223664128                                {product} {ergonomic}
   size_t MaxNewSize                               = 2533359616                                {product} {ergonomic}
   size_t MinHeapDeltaBytes                        = 2097152                                   {product} {ergonomic}
   size_t MinHeapSize                              = 8388608                                   {product} {ergonomic}
    uintx NonNMethodCodeHeapSize                   = 5839372                                {pd product} {ergonomic}
    uintx NonProfiledCodeHeapSize                  = 122909434                              {pd product} {ergonomic}
    uintx ProfiledCodeHeapSize                     = 122909434                              {pd product} {ergonomic}
    uintx ReservedCodeCacheSize                    = 251658240                              {pd product} {ergonomic}
     bool SegmentedCodeCache                       = true                                      {product} {ergonomic}
   size_t SoftMaxHeapSize                          = 4223664128                             {manageable} {ergonomic}
     bool UseCompressedOops                        = true                           {product lp64_product} {ergonomic}
     bool UseG1GC                                  = true                                      {product} {ergonomic}
     bool UseLargePagesIndividualAllocation        = false                                  {pd product} {ergonomic}

Logging:
Log output configuration:
 #0: stdout all=warning uptime,level,tags foldmultilines=false
 #1: stderr all=off uptime,level,tags foldmultilines=false

Environment Variables:
PATH=C:\Program Files\Java\jdk-21\bin;C:\Program Files\mysql\MySQL Server 8.0\bin;C:\Python313\Scripts\;C:\Python313\;C:\oracle\product\10.2.0\db_1\bin;C:\WINDOWS\system32;C:\WINDOWS;C:\WINDOWS\System32\Wbem;C:\WINDOWS\System32\WindowsPowerShell\v1.0\;C:\WINDOWS\System32\OpenSSH\;C:\Program Files (x86)\Microsoft SQL Server\160\Tools\Binn\;C:\Program Files\Microsoft SQL Server\160\Tools\Binn\;C:\Program Files\Microsoft SQL Server\Client SDK\ODBC\170\Tools\Binn\;C:\Program Files\Microsoft SQL Server\160\DTS\Binn\;C:\Program Files (x86)\Microsoft SQL Server\160\DTS\Binn\;C:\Program Files\nodejs\;C:\ProgramData\chocolatey\bin;C:\Program Files\MongoDB\Server\8.0\bin;C:\Users\darsh\Downloads\apache-maven-3.9.11-bin\apache-maven-3.9.11\bin;C:\Program Files\Git\cmd;C:\Program Files\Git\bin;C:\Program Files\dotnet\;C:\Users\darsh\AppData\Local\Microsoft\WindowsApps;C:\Users\darsh\Desktop\Microsoft VS Code\bin;C:\MinGW\bin;C:\MinGW\;C:\Users\darsh\AppData\Roaming\npm;C:\Program Files\mongosh\
USERNAME=darsh
OS=Windows_NT
PROCESSOR_IDENTIFIER=Intel64 Family 6 Model 154 Stepping 4, GenuineIntel
TMP=C:\Users\darsh\AppData\Local\Temp
TEMP=C:\Users\darsh\AppData\Local\Temp




Periodic native trim disabled

---------------  S Y S T E M  ---------------

OS:
 Windows 11 , 64 bit Build 26100 (10.0.26100.7309)
OS uptime: 3 days 0:02 hours
Hyper-V role detected

CPU: total 8 (initial active 8) (4 cores per cpu, 2 threads per core) family 6 model 154 stepping 4 microcode 0x433, cx8, cmov, fxsr, ht, mmx, 3dnowpref, sse, sse2, sse3, ssse3, sse4.1, sse4.2, popcnt, lzcnt, tsc, tscinvbit, avx, avx2, aes, erms, clmul, bmi1, bmi2, adx, sha, fma, vzeroupper, clflush, clflushopt, clwb, hv, serialize, rdtscp, rdpid, fsrm, f16c, cet_ibt, cet_ss
Processor Information for processor 0
  Max Mhz: 1200, Current Mhz: 1200, Mhz Limit: 1200
Processor Information for processor 1
  Max Mhz: 1200, Current Mhz: 1200, Mhz Limit: 1200
Processor Information for processor 2
  Max Mhz: 1200, Current Mhz: 1200, Mhz Limit: 1200
Processor Information for processor 3
  Max Mhz: 1200, Current Mhz: 1200, Mhz Limit: 1200
Processor Information for processor 4
  Max Mhz: 900, Current Mhz: 900, Mhz Limit: 900
Processor Information for processor 5
  Max Mhz: 900, Current Mhz: 900, Mhz Limit: 900
Processor Information for processor 6
  Max Mhz: 900, Current Mhz: 900, Mhz Limit: 900
Processor Information for processor 7
  Max Mhz: 900, Current Mhz: 900, Mhz Limit: 900

Memory: 4k page, system-wide physical 16108M (7549M free)
TotalPageFile size 17132M (AvailPageFile size 5216M)
current process WorkingSet (physical memory assigned to process): 205M, peak: 209M
current process commit charge ("private bytes"): 243M, peak: 395M

vm_info: Java HotSpot(TM) 64-Bit Server VM (21.0.8+12-LTS-250) for windows-amd64 JRE (21.0.8+12-LTS-250), built on 2025-06-27T08:11:22Z by "mach5one" with MS VC++ 17.6 (VS2022)

END.
