#
# A fatal error has been detected by the Java Runtime Environment:
#
#  EXCEPTION_ACCESS_VIOLATION (0xc0000005) at pc=0x00007ff855d31556, pid=16888, tid=10500
#
# JRE version: Java(TM) SE Runtime Environment (21.0.8+12) (build 21.0.8+12-LTS-250)
# Java VM: Java HotSpot(TM) 64-Bit Server VM (21.0.8+12-LTS-250, mixed mode, sharing, tiered, compressed oops, compressed class ptrs, g1 gc, windows-amd64)
# Problematic frame:
# V  [jvm.dll+0x1e1556]
#
# No core dump will be written. Minidumps are not enabled by default on client versions of Windows
#
# If you would like to submit a bug report, please visit:
#   https://bugreport.java.com/bugreport/crash.jsp
#

---------------  S U M M A R Y ------------

Command Line: -javaagent:C:\Program Files\JetBrains\IntelliJ IDEA Community Edition 2025.2.1\lib\idea_rt.jar=59847 -Dfile.encoding=UTF-8 -Dsun.stdout.encoding=UTF-8 -Dsun.stderr.encoding=UTF-8 com.example.demo.MyFirstSpringBootApplication

Host: 12th Gen Intel(R) Core(TM) i3-1215U, 8 cores, 15G,  Windows 11 , 64 bit Build 26100 (10.0.26100.7309)
Time: Sun Jan  4 09:45:01 2026 India Standard Time elapsed time: 6.269155 seconds (0d 0h 0m 6s)

---------------  T H R E A D  ---------------

Current thread (0x0000022ec9038430):  JavaThread "C2 CompilerThread1" daemon [_thread_in_native, id=10500, stack(0x000000a4fe500000,0x000000a4fe600000) (1024K)]


Current CompileTask:
C2:   6269 4715       4       jdk.internal.loader.BuiltinClassLoader::defineClass (121 bytes)

Stack: [0x000000a4fe500000,0x000000a4fe600000],  sp=0x000000a4fe5fc7e0,  free space=1009k
Native frames: (J=compiled Java code, j=interpreted, Vv=VM code, C=native code)
V  [jvm.dll+0x1e1556]
V  [jvm.dll+0x1e0b7a]
V  [jvm.dll+0x1e05fd]
V  [jvm.dll+0x2477c2]
V  [jvm.dll+0x246c4f]
V  [jvm.dll+0x1c7a3e]
V  [jvm.dll+0x256359]
V  [jvm.dll+0x2548ea]
V  [jvm.dll+0x3efef6]
V  [jvm.dll+0x80279b]
V  [jvm.dll+0x6ca85d]
C  [ucrtbase.dll+0x37b0]
C  [KERNEL32.DLL+0x2e8d7]
C  [ntdll.dll+0x8c53c]


siginfo: EXCEPTION_ACCESS_VIOLATION (0xc0000005), reading address 0x0000022dfaeabbd0


Registers:
RAX=0xffffffffcb9f22f0, RBX=0x0000022ece837520, RCX=0x00000000cb9f22f0, RDX=0x0000000000020000
RSP=0x000000a4fe5fc7e0, RBP=0x000000a4fe5fc879, RSI=0x0000000000000000, RDI=0x000000a4fe5fce40
R8 =0x0000022ecc6e3010, R9 =0x00000000cb9f22f0, R10=0x0000022ecd214238, R11=0x0000000000001f53
R12=0x000000000017c460, R13=0x000000a4fe5fce40, R14=0x0000000000000000, R15=0x0000022ece837520
RIP=0x00007ff855d31556, EFLAGS=0x0000000000010286


Register to memory mapping:

RAX=0xffffffffcb9f22f0 is an unknown value
RBX=0x0000022ece837520 points into unknown readable memory: 0x3f8257d2f0162bb6 | b6 2b 16 f0 d2 57 82 3f
RCX=0x00000000cb9f22f0 is an unknown value
RDX=0x0000000000020000 is an unknown value
RSP=0x000000a4fe5fc7e0 is pointing into the stack for thread: 0x0000022ec9038430
RBP=0x000000a4fe5fc879 is pointing into the stack for thread: 0x0000022ec9038430
RSI=0x0 is null
RDI=0x000000a4fe5fce40 is pointing into the stack for thread: 0x0000022ec9038430
R8 =0x0000022ecc6e3010 points into unknown readable memory: 0x0000000100000000 | 00 00 00 00 01 00 00 00
R9 =0x00000000cb9f22f0 is an unknown value
R10=0x0000022ecd214238 points into unknown readable memory: 0x0000000000000000 | 00 00 00 00 00 00 00 00
R11=0x0000000000001f53 is an unknown value
R12=0x000000000017c460 is an unknown value
R13=0x000000a4fe5fce40 is pointing into the stack for thread: 0x0000022ec9038430
R14=0x0 is null
R15=0x0000022ece837520 points into unknown readable memory: 0x3f8257d2f0162bb6 | b6 2b 16 f0 d2 57 82 3f

Top of Stack: (sp=0x000000a4fe5fc7e0)
0x000000a4fe5fc7e0:   0000022ece748f90 000000a4fe5fc879
0x000000a4fe5fc7f0:   0000000000000026 0000000100002e04
0x000000a4fe5fc800:   0000000000000c00 0000000000000000
0x000000a4fe5fc810:   0000000000000000 0000000000000000
0x000000a4fe5fc820:   0000000000000000 0000000000000000
0x000000a4fe5fc830:   0000000000002607 00007ff855f0b9d4
0x000000a4fe5fc840:   0000000000000000 0000000000000000
0x000000a4fe5fc850:   0000000000000000 0000000000000000
0x000000a4fe5fc860:   0000000000002607 00007ff855f06fc7
0x000000a4fe5fc870:   0000022ece5d2430 000000a4fe5fcaa0
0x000000a4fe5fc880:   0000000000000000 0000000000000000
0x000000a4fe5fc890:   0000000000000000 0000000200001f53
0x000000a4fe5fc8a0:   0000002000000020 0000022ecd214220
0x000000a4fe5fc8b0:   0000022ecc8af0c0 0000022ece6154b0
0x000000a4fe5fc8c0:   0000000000000000 0000000000000002
0x000000a4fe5fc8d0:   0000000000000000 00007ff855d30b7a
0x000000a4fe5fc8e0:   0000000000000000 0000022ece837520
0x000000a4fe5fc8f0:   0000022ece837558 00007ff8564fe9a8
0x000000a4fe5fc900:   0000000000000000 0000000200001f53
0x000000a4fe5fc910:   0000002000000020 0000022ecd214220
0x000000a4fe5fc920:   0000022ecc8af0c0 0000022ece6154b0
0x000000a4fe5fc930:   0000000000000000 0000000000000000
0x000000a4fe5fc940:   0000000000000000 0000000000000000
0x000000a4fe5fc950:   0000000000000000 00007ff8564fe9b8
0x000000a4fe5fc960:   0000000000000000 0000000000000000
0x000000a4fe5fc970:   0000000000000000 00007ff8564fe9b8
0x000000a4fe5fc980:   0000000000000000 0000000000000000
0x000000a4fe5fc990:   0000022ec90e75e0 000000a4fe5fcf20
0x000000a4fe5fc9a0:   0000022ec90e75f0 0000000000000000
0x000000a4fe5fc9b0:   0000000000000001 000000a4fe5fcad0
0x000000a4fe5fc9c0:   000000a4fe5fce40 00007ff855d305fd
0x000000a4fe5fc9d0:   000000a400007530 0000000000000000 

Instructions: (pc=0x00007ff855d31556)
0x00007ff855d31456:   4c 89 5d 93 45 8b 79 04 44 89 7d 9b 4c 89 45 9f
0x00007ff855d31466:   49 8b 41 08 48 89 45 a7 4c 89 4d af 4d 85 c0 74
0x00007ff855d31476:   1c 49 0f bc c0 8b c8 49 d3 e8 49 ff c8 44 03 d0
0x00007ff855d31486:   4c 89 45 87 44 89 55 8f 41 8b c2 eb 2b 41 83 fb
0x00007ff855d31496:   04 72 09 41 3b f7 0f 83 8e 00 00 00 48 8d 4d 87
0x00007ff855d314a6:   e8 55 a3 1d 00 44 8b 5d 93 44 8b 55 8f 4c 8b 45
0x00007ff855d314b6:   87 44 8b 7d 9b 8b 75 97 85 c0 74 6e 8b c0 48 69
0x00007ff855d314c6:   d0 b0 00 00 00 48 8b 47 70 48 8b 48 20 44 8b 4c
0x00007ff855d314d6:   0a 30 45 3b ce 7c 95 41 8d 86 c0 02 00 00 44 3b
0x00007ff855d314e6:   c8 7d 89 41 8b d1 41 2b d6 8b c2 83 e0 3f 0f b6
0x00007ff855d314f6:   c8 8b c2 48 c1 e8 06 48 8b 44 c3 38 48 0f a3 c8
0x00007ff855d31506:   0f 83 66 ff ff ff 0f b7 83 9c 00 00 00 83 f8 01
0x00007ff855d31516:   74 10 8d 50 ff 8b ca 41 23 c9 3b ca 0f 85 4a ff
0x00007ff855d31526:   ff ff 41 8b c1 e9 7e 02 00 00 48 63 53 24 4c 8b
0x00007ff855d31536:   87 f0 00 00 00 45 8b 0c 90 44 3b ca 74 45 0f 1f
0x00007ff855d31546:   40 00 0f 1f 84 00 00 00 00 00 41 8b c9 49 63 c1
0x00007ff855d31556:   45 8b 0c 80 44 3b c9 75 f1 41 3b d1 74 22 0f 1f
0x00007ff855d31566:   40 00 0f 1f 84 00 00 00 00 00 48 8b 87 f0 00 00
0x00007ff855d31576:   00 48 63 ca 8b 14 88 44 89 0c 88 41 3b d1 75 ea
0x00007ff855d31586:   44 8b ca 45 85 c9 0f 84 2c 01 00 00 4c 8b 57 70
0x00007ff855d31596:   41 8b c1 c1 e8 05 49 8b 52 38 3b 02 0f 83 8e 01
0x00007ff855d315a6:   00 00 48 8b 52 08 41 8b c9 83 e1 1f 8b 04 82 0f
0x00007ff855d315b6:   a3 c8 0f 83 78 01 00 00 45 85 f6 0f 85 f7 00 00
0x00007ff855d315c6:   00 0f 10 4b 48 8b 93 90 00 00 00 0f 10 43 38 41
0x00007ff855d315d6:   8b c1 0f 29 4d 97 0f 10 4b 68 0f 29 45 87 0f 10
0x00007ff855d315e6:   43 58 0f 29 4d b7 0f 10 8b 88 00 00 00 4c 69 c0
0x00007ff855d315f6:   b0 00 00 00 0f 29 45 a7 0f 10 43 78 0f 29 4d d7
0x00007ff855d31606:   66 0f 73 d9 0c 66 0f 7e c9 0f 29 45 c7 4d 03 42
0x00007ff855d31616:   20 3b d1 77 22 0f 1f 44 00 00 49 8b 44 d0 38 48
0x00007ff855d31626:   8d 4d 87 48 21 04 d1 48 8d 0c d1 8b 4d e3 ff c2
0x00007ff855d31636:   3b d1 76 e6 8b 55 df 41 3b 90 90 00 00 00 41 0f
0x00007ff855d31646:   42 90 90 00 00 00 89 55 df 41 3b 88 94 00 00 00 


Stack slot to memory mapping:

stack at sp + 0 slots: 0x0000022ece748f90 points into unknown readable memory: 0x400bb0d945547826 | 26 78 54 45 d9 b0 0b 40
stack at sp + 1 slots: 0x000000a4fe5fc879 is pointing into the stack for thread: 0x0000022ec9038430
stack at sp + 2 slots: 0x0000000000000026 is an unknown value
stack at sp + 3 slots: 0x0000000100002e04 is an unknown value
stack at sp + 4 slots: 0x0000000000000c00 is an unknown value
stack at sp + 5 slots: 0x0 is null
stack at sp + 6 slots: 0x0 is null
stack at sp + 7 slots: 0x0 is null


---------------  P R O C E S S  ---------------

Threads class SMR info:
_java_thread_list=0x0000022ec991e0c0, length=18, elements={
0x0000022ee1c8f180, 0x0000022efe9d4ee0, 0x0000022efe9d85b0, 0x0000022efe9e06c0,
0x0000022efe9e1b10, 0x0000022efe9e5ad0, 0x0000022efe9ec3d0, 0x0000022ec9035700,
0x0000022ec9037d60, 0x0000022ec9117850, 0x0000022ec9038430, 0x0000022ec9697660,
0x0000022ec96985d0, 0x0000022eca186570, 0x0000022eca16e480, 0x0000022ec9bec6b0,
0x0000022ec9be2780, 0x0000022ecb9f0110
}

Java Threads: ( => current thread )
  0x0000022ee1c8f180 JavaThread "main"                              [_thread_in_vm, id=8164, stack(0x000000a4fd400000,0x000000a4fd500000) (1024K)]
  0x0000022efe9d4ee0 JavaThread "Reference Handler"          daemon [_thread_blocked, id=5528, stack(0x000000a4fdc00000,0x000000a4fdd00000) (1024K)]
  0x0000022efe9d85b0 JavaThread "Finalizer"                  daemon [_thread_blocked, id=19236, stack(0x000000a4fdd00000,0x000000a4fde00000) (1024K)]
  0x0000022efe9e06c0 JavaThread "Signal Dispatcher"          daemon [_thread_blocked, id=2776, stack(0x000000a4fde00000,0x000000a4fdf00000) (1024K)]
  0x0000022efe9e1b10 JavaThread "Attach Listener"            daemon [_thread_blocked, id=18604, stack(0x000000a4fdf00000,0x000000a4fe000000) (1024K)]
  0x0000022efe9e5ad0 JavaThread "Service Thread"             daemon [_thread_blocked, id=1104, stack(0x000000a4fe000000,0x000000a4fe100000) (1024K)]
  0x0000022efe9ec3d0 JavaThread "Monitor Deflation Thread"   daemon [_thread_blocked, id=1776, stack(0x000000a4fe100000,0x000000a4fe200000) (1024K)]
  0x0000022ec9035700 JavaThread "C2 CompilerThread0"         daemon [_thread_in_vm, id=3356, stack(0x000000a4fe200000,0x000000a4fe300000) (1024K)]
  0x0000022ec9037d60 JavaThread "C1 CompilerThread0"         daemon [_thread_blocked, id=17448, stack(0x000000a4fe300000,0x000000a4fe400000) (1024K)]
  0x0000022ec9117850 JavaThread "Common-Cleaner"             daemon [_thread_blocked, id=8576, stack(0x000000a4fe400000,0x000000a4fe500000) (1024K)]
=>0x0000022ec9038430 JavaThread "C2 CompilerThread1"         daemon [_thread_in_native, id=10500, stack(0x000000a4fe500000,0x000000a4fe600000) (1024K)]
  0x0000022ec9697660 JavaThread "Monitor Ctrl-Break"         daemon [_thread_in_native, id=3436, stack(0x000000a4fe600000,0x000000a4fe700000) (1024K)]
  0x0000022ec96985d0 JavaThread "Notification Thread"        daemon [_thread_blocked, id=19144, stack(0x000000a4fe700000,0x000000a4fe800000) (1024K)]
  0x0000022eca186570 JavaThread "RMI TCP Accept-0"           daemon [_thread_in_native, id=10388, stack(0x000000a4fe900000,0x000000a4fea00000) (1024K)]
  0x0000022eca16e480 JavaThread "RMI TCP Connection(1)-192.168.43.117" daemon [_thread_in_native, id=1124, stack(0x000000a4ff100000,0x000000a4ff200000) (1024K)]
  0x0000022ec9bec6b0 JavaThread "RMI Scheduler(0)"           daemon [_thread_blocked, id=11312, stack(0x000000a4ff200000,0x000000a4ff300000) (1024K)]
  0x0000022ec9be2780 JavaThread "JMX server connection timeout 33" daemon [_thread_blocked, id=14228, stack(0x000000a4ff300000,0x000000a4ff400000) (1024K)]
  0x0000022ecb9f0110 JavaThread "mysql-cj-abandoned-connection-cleanup" daemon [_thread_blocked, id=20420, stack(0x000000a4fe800000,0x000000a4fe900000) (1024K)]
Total: 18

Other Threads:
  0x0000022efe9bb5f0 VMThread "VM Thread"                           [id=17912, stack(0x000000a4fdb00000,0x000000a4fdc00000) (1024K)]
  0x0000022efe9a27b0 WatcherThread "VM Periodic Task Thread"        [id=16676, stack(0x000000a4fda00000,0x000000a4fdb00000) (1024K)]
  0x0000022ee20da3f0 WorkerThread "GC Thread#0"                     [id=11604, stack(0x000000a4fd500000,0x000000a4fd600000) (1024K)]
  0x0000022ec9b475d0 WorkerThread "GC Thread#1"                     [id=15916, stack(0x000000a4fea00000,0x000000a4feb00000) (1024K)]
  0x0000022ec99839a0 WorkerThread "GC Thread#2"                     [id=16408, stack(0x000000a4feb00000,0x000000a4fec00000) (1024K)]
  0x0000022ec9983d40 WorkerThread "GC Thread#3"                     [id=19300, stack(0x000000a4fec00000,0x000000a4fed00000) (1024K)]
  0x0000022ec99840e0 WorkerThread "GC Thread#4"                     [id=11676, stack(0x000000a4fed00000,0x000000a4fee00000) (1024K)]
  0x0000022ec9984480 WorkerThread "GC Thread#5"                     [id=15784, stack(0x000000a4fee00000,0x000000a4fef00000) (1024K)]
  0x0000022ec9abd780 WorkerThread "GC Thread#6"                     [id=5288, stack(0x000000a4fef00000,0x000000a4ff000000) (1024K)]
  0x0000022ec9abdb20 WorkerThread "GC Thread#7"                     [id=2468, stack(0x000000a4ff000000,0x000000a4ff100000) (1024K)]
  0x0000022ee20eb7a0 ConcurrentGCThread "G1 Main Marker"            [id=19984, stack(0x000000a4fd600000,0x000000a4fd700000) (1024K)]
  0x0000022ee20edfa0 WorkerThread "G1 Conc#0"                       [id=11592, stack(0x000000a4fd700000,0x000000a4fd800000) (1024K)]
  0x0000022eca7fe3f0 WorkerThread "G1 Conc#1"                       [id=2680, stack(0x000000a4ff500000,0x000000a4ff600000) (1024K)]
  0x0000022efe870430 ConcurrentGCThread "G1 Refine#0"               [id=10880, stack(0x000000a4fd800000,0x000000a4fd900000) (1024K)]
  0x0000022efe871d60 ConcurrentGCThread "G1 Service"                [id=2508, stack(0x000000a4fd900000,0x000000a4fda00000) (1024K)]
Total: 15

Threads with active compile tasks:
C2 CompilerThread0     6309 4822   !   4       java.util.zip.InflaterInputStream::read (129 bytes)
C2 CompilerThread1     6310 4715       4       jdk.internal.loader.BuiltinClassLoader::defineClass (121 bytes)
Total: 2

VM state: not at safepoint (normal execution)

VM Mutex/Monitor currently owned by a thread: None

Heap address: 0x0000000704400000, size: 4028 MB, Compressed Oops mode: Zero based, Oop shift amount: 3

CDS archive(s) mapped at: [0x0000022e84000000-0x0000022e84c90000-0x0000022e84c90000), size 13172736, SharedBaseAddress: 0x0000022e84000000, ArchiveRelocationMode: 1.
Compressed class space mapped at: 0x0000022e85000000-0x0000022ec5000000, reserved size: 1073741824
Narrow klass base: 0x0000022e84000000, Narrow klass shift: 0, Narrow klass range: 0x100000000

GC Precious Log:
 CardTable entry size: 512
 Card Set container configuration: InlinePtr #cards 4 size 8 Array Of Cards #cards 16 size 48 Howl #buckets 8 coarsen threshold 3686 Howl Bitmap #cards 512 size 80 coarsen threshold 460 Card regions per heap region 1 cards per card region 4096
 CPUs: 8 total, 8 available
 Memory: 16108M
 Large Page Support: Disabled
 NUMA Support: Disabled
 Compressed Oops: Enabled (Zero based)
 Heap Region Size: 2M
 Heap Min Capacity: 8M
 Heap Initial Capacity: 252M
 Heap Max Capacity: 4028M
 Pre-touch: Disabled
 Parallel Workers: 8
 Concurrent Workers: 2
 Concurrent Refinement Workers: 8
 Periodic GC: Disabled

Heap:
 garbage-first heap   total 49152K, used 23446K [0x0000000704400000, 0x0000000800000000)
  region size 2048K, 3 young (6144K), 2 survivors (4096K)
 Metaspace       used 44631K, committed 45248K, reserved 1114112K
  class space    used 5910K, committed 6208K, reserved 1048576K

Heap Regions: E=young(eden), S=young(survivor), O=old, HS=humongous(starts), HC=humongous(continues), CS=collection set, F=free, TAMS=top-at-mark-start, PB=parsable bottom
|   0|0x0000000704400000, 0x0000000704600000, 0x0000000704600000|100%| O|  |TAMS 0x0000000704400000| PB 0x0000000704400000| Untracked 
|   1|0x0000000704600000, 0x0000000704800000, 0x0000000704800000|100%| O|  |TAMS 0x0000000704600000| PB 0x0000000704600000| Untracked 
|   2|0x0000000704800000, 0x0000000704a00000, 0x0000000704a00000|100%| O|  |TAMS 0x0000000704800000| PB 0x0000000704800000| Untracked 
|   3|0x0000000704a00000, 0x0000000704bff150, 0x0000000704c00000| 99%| O|  |TAMS 0x0000000704a00000| PB 0x0000000704a00000| Untracked 
|   4|0x0000000704c00000, 0x0000000704e00000, 0x0000000704e00000|100%| O|  |TAMS 0x0000000704c00000| PB 0x0000000704c00000| Untracked 
|   5|0x0000000704e00000, 0x0000000705000000, 0x0000000705000000|100%| O|  |TAMS 0x0000000704e00000| PB 0x0000000704e00000| Untracked 
|   6|0x0000000705000000, 0x0000000705200000, 0x0000000705200000|100%| O|  |TAMS 0x0000000705000000| PB 0x0000000705000000| Untracked 
|   7|0x0000000705200000, 0x0000000705400000, 0x0000000705400000|100%| O|  |TAMS 0x0000000705200000| PB 0x0000000705200000| Untracked 
|   8|0x0000000705400000, 0x0000000705600000, 0x0000000705600000|100%| O|  |TAMS 0x0000000705400000| PB 0x0000000705400000| Untracked 
|   9|0x0000000705600000, 0x000000070578dda0, 0x0000000705800000| 77%| O|  |TAMS 0x0000000705600000| PB 0x0000000705600000| Untracked 
|  10|0x0000000705800000, 0x0000000705800000, 0x0000000705a00000|  0%| F|  |TAMS 0x0000000705800000| PB 0x0000000705800000| Untracked 
|  11|0x0000000705a00000, 0x0000000705a00000, 0x0000000705c00000|  0%| F|  |TAMS 0x0000000705a00000| PB 0x0000000705a00000| Untracked 
|  12|0x0000000705c00000, 0x0000000705d58a10, 0x0000000705e00000| 67%| S|CS|TAMS 0x0000000705c00000| PB 0x0000000705c00000| Complete 
|  13|0x0000000705e00000, 0x0000000705e00000, 0x0000000706000000|  0%| F|  |TAMS 0x0000000705e00000| PB 0x0000000705e00000| Untracked 
|  14|0x0000000706000000, 0x0000000706200000, 0x0000000706200000|100%| S|CS|TAMS 0x0000000706000000| PB 0x0000000706000000| Complete 
|  15|0x0000000706200000, 0x0000000706200000, 0x0000000706400000|  0%| F|  |TAMS 0x0000000706200000| PB 0x0000000706200000| Untracked 
|  16|0x0000000706400000, 0x0000000706400000, 0x0000000706600000|  0%| F|  |TAMS 0x0000000706400000| PB 0x0000000706400000| Untracked 
|  17|0x0000000706600000, 0x0000000706600000, 0x0000000706800000|  0%| F|  |TAMS 0x0000000706600000| PB 0x0000000706600000| Untracked 
|  18|0x0000000706800000, 0x0000000706800000, 0x0000000706a00000|  0%| F|  |TAMS 0x0000000706800000| PB 0x0000000706800000| Untracked 
|  19|0x0000000706a00000, 0x0000000706a00000, 0x0000000706c00000|  0%| F|  |TAMS 0x0000000706a00000| PB 0x0000000706a00000| Untracked 
|  20|0x0000000706c00000, 0x0000000706c00000, 0x0000000706e00000|  0%| F|  |TAMS 0x0000000706c00000| PB 0x0000000706c00000| Untracked 
| 109|0x0000000711e00000, 0x0000000711e00000, 0x0000000712000000|  0%| F|  |TAMS 0x0000000711e00000| PB 0x0000000711e00000| Untracked 
| 112|0x0000000712400000, 0x0000000712400000, 0x0000000712600000|  0%| F|  |TAMS 0x0000000712400000| PB 0x0000000712400000| Untracked 
| 125|0x0000000713e00000, 0x0000000713ef8408, 0x0000000714000000| 48%| E|  |TAMS 0x0000000713e00000| PB 0x0000000713e00000| Complete 

Card table byte_map: [0x0000022efbd60000,0x0000022efc540000] _byte_map_base: 0x0000022ef853e000

Marking Bits: (CMBitMap*) 0x0000022ee20daaf0
 Bits: [0x0000022e80000000, 0x0000022e83ef0000)

Polling page: 0x0000022ee1c40000

Metaspace:

Usage:
  Non-class:     37.82 MB used.
      Class:      5.78 MB used.
       Both:     43.60 MB used.

Virtual space:
  Non-class space:       64.00 MB reserved,      38.19 MB ( 60%) committed,  1 nodes.
      Class space:        1.00 GB reserved,       6.06 MB ( <1%) committed,  1 nodes.
             Both:        1.06 GB reserved,      44.25 MB (  4%) committed. 

Chunk freelists:
   Non-Class:  9.72 MB
       Class:  9.78 MB
        Both:  19.50 MB

MaxMetaspaceSize: unlimited
CompressedClassSpaceSize: 1.00 GB
Initial GC threshold: 21.00 MB
Current GC threshold: 58.75 MB
CDS: on
 - commit_granule_bytes: 65536.
 - commit_granule_words: 8192.
 - virtual_space_node_default_size: 8388608.
 - enlarge_chunks_in_place: 1.
 - use_allocation_guard: 0.


Internal statistics:

num_allocs_failed_limit: 6.
num_arena_births: 896.
num_arena_deaths: 0.
num_vsnodes_births: 2.
num_vsnodes_deaths: 0.
num_space_committed: 708.
num_space_uncommitted: 0.
num_chunks_returned_to_freelist: 6.
num_chunks_taken_from_freelist: 2386.
num_chunk_merges: 6.
num_chunk_splits: 1699.
num_chunks_enlarged: 1263.
num_inconsistent_stats: 0.

CodeHeap 'non-profiled nmethods': size=120000Kb used=2717Kb max_used=2717Kb free=117282Kb
 bounds [0x0000022ef35f0000, 0x0000022ef38a0000, 0x0000022efab20000]
CodeHeap 'profiled nmethods': size=120000Kb used=9185Kb max_used=9446Kb free=110814Kb
 bounds [0x0000022eebb20000, 0x0000022eec460000, 0x0000022ef3050000]
CodeHeap 'non-nmethods': size=5760Kb used=1533Kb max_used=1551Kb free=4226Kb
 bounds [0x0000022ef3050000, 0x0000022ef32c0000, 0x0000022ef35f0000]
 total_blobs=5086 nmethods=4484 adapters=505
 compilation: enabled
              stopped_count=0, restarted_count=0
 full_count=0

Compilation events (20 events):
Event: 6.242 Thread 0x0000022ec9037d60 4793       3       java.security.AccessController::checkContext (49 bytes)
Event: 6.242 Thread 0x0000022ec9037d60 nmethod 4793 0x0000022eebc94910 code [0x0000022eebc94ac0, 0x0000022eebc94c98]
Event: 6.242 Thread 0x0000022ec9037d60 4794       3       sun.rmi.runtime.Log$LoggerLog::isLoggable (9 bytes)
Event: 6.242 Thread 0x0000022ec9037d60 nmethod 4794 0x0000022eebcac010 code [0x0000022eebcac1c0, 0x0000022eebcac468]
Event: 6.242 Thread 0x0000022ec9037d60 4795  s    1       java.lang.StringBuffer::length (5 bytes)
Event: 6.242 Thread 0x0000022ec9037d60 nmethod 4795 0x0000022ef3891810 code [0x0000022ef38919a0, 0x0000022ef3891b28]
Event: 6.242 Thread 0x0000022ec9037d60 4796       3       java.lang.ClassValue::get (31 bytes)
Event: 6.243 Thread 0x0000022ec9037d60 nmethod 4796 0x0000022eebc41210 code [0x0000022eebc41440, 0x0000022eebc41d90]
Event: 6.243 Thread 0x0000022ec9037d60 4797       3       java.lang.ClassValue::getCacheCarefully (20 bytes)
Event: 6.243 Thread 0x0000022ec9037d60 nmethod 4797 0x0000022eebc40d10 code [0x0000022eebc40ec0, 0x0000022eebc41048]
Event: 6.243 Thread 0x0000022ec9037d60 4798       3       java.io.ClassCache::get (56 bytes)
Event: 6.244 Thread 0x0000022ec9037d60 nmethod 4798 0x0000022eebc7ca10 code [0x0000022eebc7cca0, 0x0000022eebc7d950]
Event: 6.245 Thread 0x0000022ec9037d60 4799       3       sun.util.logging.internal.LoggingProviderImpl$JULWrapper::toJUL (40 bytes)
Event: 6.245 Thread 0x0000022ec9037d60 nmethod 4799 0x0000022eebcabb90 code [0x0000022eebcabd40, 0x0000022eebcabef8]
Event: 6.245 Thread 0x0000022ec9037d60 4800       3       java.io.ObjectStreamField::isPrimitive (23 bytes)
Event: 6.245 Thread 0x0000022ec9037d60 nmethod 4800 0x0000022eebf42f90 code [0x0000022eebf431a0, 0x0000022eebf43870]
Event: 6.245 Thread 0x0000022ec9037d60 4801       3       java.io.ObjectOutputStream::writeHandle (22 bytes)
Event: 6.245 Thread 0x0000022ec9037d60 nmethod 4801 0x0000022eebf42b10 code [0x0000022eebf42cc0, 0x0000022eebf42e70]
Event: 6.259 Thread 0x0000022ec9035700 nmethod 4786 0x0000022ef3891b90 code [0x0000022ef3891e60, 0x0000022ef3893480]
Event: 6.259 Thread 0x0000022ec9035700 4792       4       java.util.HashMap::putVal (300 bytes)

GC Heap History (18 events):
Event: 1.165 GC heap before
{Heap before GC invocations=0 (full 0):
 garbage-first heap   total 258048K, used 20480K [0x0000000704400000, 0x0000000800000000)
  region size 2048K, 11 young (22528K), 0 survivors (0K)
 Metaspace       used 7664K, committed 7936K, reserved 1114112K
  class space    used 785K, committed 896K, reserved 1048576K
}
Event: 1.172 GC heap after
{Heap after GC invocations=1 (full 0):
 garbage-first heap   total 258048K, used 8405K [0x0000000704400000, 0x0000000800000000)
  region size 2048K, 2 young (4096K), 2 survivors (4096K)
 Metaspace       used 7664K, committed 7936K, reserved 1114112K
  class space    used 785K, committed 896K, reserved 1048576K
}
Event: 2.172 GC heap before
{Heap before GC invocations=1 (full 0):
 garbage-first heap   total 258048K, used 32981K [0x0000000704400000, 0x0000000800000000)
  region size 2048K, 14 young (28672K), 2 survivors (4096K)
 Metaspace       used 14269K, committed 14720K, reserved 1114112K
  class space    used 1727K, committed 1920K, reserved 1048576K
}
Event: 2.178 GC heap after
{Heap after GC invocations=2 (full 0):
 garbage-first heap   total 258048K, used 10567K [0x0000000704400000, 0x0000000800000000)
  region size 2048K, 2 young (4096K), 2 survivors (4096K)
 Metaspace       used 14269K, committed 14720K, reserved 1114112K
  class space    used 1727K, committed 1920K, reserved 1048576K
}
Event: 2.694 GC heap before
{Heap before GC invocations=2 (full 0):
 garbage-first heap   total 258048K, used 33095K [0x0000000704400000, 0x0000000800000000)
  region size 2048K, 15 young (30720K), 2 survivors (4096K)
 Metaspace       used 21025K, committed 21504K, reserved 1114112K
  class space    used 2561K, committed 2816K, reserved 1048576K
}
Event: 2.699 GC heap after
{Heap after GC invocations=3 (full 0):
 garbage-first heap   total 258048K, used 12284K [0x0000000704400000, 0x0000000800000000)
  region size 2048K, 2 young (4096K), 2 survivors (4096K)
 Metaspace       used 21025K, committed 21504K, reserved 1114112K
  class space    used 2561K, committed 2816K, reserved 1048576K
}
Event: 3.373 GC heap before
{Heap before GC invocations=4 (full 0):
 garbage-first heap   total 49152K, used 36860K [0x0000000704400000, 0x0000000800000000)
  region size 2048K, 14 young (28672K), 2 survivors (4096K)
 Metaspace       used 24150K, committed 24640K, reserved 1114112K
  class space    used 2897K, committed 3136K, reserved 1048576K
}
Event: 3.379 GC heap after
{Heap after GC invocations=5 (full 0):
 garbage-first heap   total 49152K, used 14448K [0x0000000704400000, 0x0000000800000000)
  region size 2048K, 2 young (4096K), 2 survivors (4096K)
 Metaspace       used 24150K, committed 24640K, reserved 1114112K
  class space    used 2897K, committed 3136K, reserved 1048576K
}
Event: 4.117 GC heap before
{Heap before GC invocations=5 (full 0):
 garbage-first heap   total 49152K, used 30832K [0x0000000704400000, 0x0000000800000000)
  region size 2048K, 11 young (22528K), 2 survivors (4096K)
 Metaspace       used 26781K, committed 27264K, reserved 1114112K
  class space    used 3234K, committed 3456K, reserved 1048576K
}
Event: 4.124 GC heap after
{Heap after GC invocations=6 (full 0):
 garbage-first heap   total 49152K, used 16069K [0x0000000704400000, 0x0000000800000000)
  region size 2048K, 1 young (2048K), 1 survivors (2048K)
 Metaspace       used 26781K, committed 27264K, reserved 1114112K
  class space    used 3234K, committed 3456K, reserved 1048576K
}
Event: 4.892 GC heap before
{Heap before GC invocations=6 (full 0):
 garbage-first heap   total 49152K, used 36549K [0x0000000704400000, 0x0000000800000000)
  region size 2048K, 11 young (22528K), 1 survivors (2048K)
 Metaspace       used 30659K, committed 31232K, reserved 1114112K
  class space    used 3762K, committed 4032K, reserved 1048576K
}
Event: 4.898 GC heap after
{Heap after GC invocations=7 (full 0):
 garbage-first heap   total 49152K, used 18140K [0x0000000704400000, 0x0000000800000000)
  region size 2048K, 2 young (4096K), 2 survivors (4096K)
 Metaspace       used 30659K, committed 31232K, reserved 1114112K
  class space    used 3762K, committed 4032K, reserved 1048576K
}
Event: 5.473 GC heap before
{Heap before GC invocations=7 (full 0):
 garbage-first heap   total 49152K, used 36572K [0x0000000704400000, 0x0000000800000000)
  region size 2048K, 12 young (24576K), 2 survivors (4096K)
 Metaspace       used 34636K, committed 35264K, reserved 1114112K
  class space    used 4310K, committed 4608K, reserved 1048576K
}
Event: 5.480 GC heap after
{Heap after GC invocations=8 (full 0):
 garbage-first heap   total 49152K, used 20427K [0x0000000704400000, 0x0000000800000000)
  region size 2048K, 2 young (4096K), 2 survivors (4096K)
 Metaspace       used 34636K, committed 35264K, reserved 1114112K
  class space    used 4310K, committed 4608K, reserved 1048576K
}
Event: 5.532 GC heap before
{Heap before GC invocations=8 (full 0):
 garbage-first heap   total 49152K, used 22475K [0x0000000704400000, 0x0000000800000000)
  region size 2048K, 4 young (8192K), 2 survivors (4096K)
 Metaspace       used 35313K, committed 35968K, reserved 1114112K
  class space    used 4399K, committed 4672K, reserved 1048576K
}
Event: 5.536 GC heap after
{Heap after GC invocations=9 (full 0):
 garbage-first heap   total 49152K, used 20482K [0x0000000704400000, 0x0000000800000000)
  region size 2048K, 1 young (2048K), 1 survivors (2048K)
 Metaspace       used 35313K, committed 35968K, reserved 1114112K
  class space    used 4399K, committed 4672K, reserved 1048576K
}
Event: 5.925 GC heap before
{Heap before GC invocations=10 (full 0):
 garbage-first heap   total 49152K, used 38914K [0x0000000704400000, 0x0000000800000000)
  region size 2048K, 10 young (20480K), 1 survivors (2048K)
 Metaspace       used 39422K, committed 40128K, reserved 1114112K
  class space    used 5189K, committed 5504K, reserved 1048576K
}
Event: 5.928 GC heap after
{Heap after GC invocations=11 (full 0):
 garbage-first heap   total 49152K, used 21783K [0x0000000704400000, 0x0000000800000000)
  region size 2048K, 1 young (2048K), 1 survivors (2048K)
 Metaspace       used 39422K, committed 40128K, reserved 1114112K
  class space    used 5189K, committed 5504K, reserved 1048576K
}

Dll operation events (12 events):
Event: 0.018 Loaded shared library C:\Program Files\Java\jdk-21\bin\java.dll
Event: 0.060 Loaded shared library C:\Program Files\Java\jdk-21\bin\jsvml.dll
Event: 0.268 Loaded shared library C:\Program Files\Java\jdk-21\bin\zip.dll
Event: 0.275 Loaded shared library C:\Program Files\Java\jdk-21\bin\instrument.dll
Event: 0.283 Loaded shared library C:\Program Files\Java\jdk-21\bin\net.dll
Event: 0.287 Loaded shared library C:\Program Files\Java\jdk-21\bin\nio.dll
Event: 0.291 Loaded shared library C:\Program Files\Java\jdk-21\bin\zip.dll
Event: 0.556 Loaded shared library C:\Program Files\Java\jdk-21\bin\jimage.dll
Event: 0.644 Loaded shared library C:\Program Files\Java\jdk-21\bin\extnet.dll
Event: 0.653 Loaded shared library C:\Program Files\Java\jdk-21\bin\management.dll
Event: 0.675 Loaded shared library C:\Program Files\Java\jdk-21\bin\management_ext.dll
Event: 2.711 Loaded shared library C:\Program Files\Java\jdk-21\bin\sunmscapi.dll

Deoptimization events (20 events):
Event: 6.237 Thread 0x0000022ee1c8f180 DEOPT PACKING pc=0x0000022eebb3703d sp=0x000000a4fd4f6f80
Event: 6.237 Thread 0x0000022ee1c8f180 DEOPT UNPACKING pc=0x0000022ef30a4e42 sp=0x000000a4fd4f6470 mode 0
Event: 6.237 Thread 0x0000022ee1c8f180 DEOPT PACKING pc=0x0000022eebb3703d sp=0x000000a4fd4f6f80
Event: 6.237 Thread 0x0000022ee1c8f180 DEOPT UNPACKING pc=0x0000022ef30a4e42 sp=0x000000a4fd4f6470 mode 0
Event: 6.238 Thread 0x0000022ee1c8f180 DEOPT PACKING pc=0x0000022eebb3703d sp=0x000000a4fd4f6f80
Event: 6.238 Thread 0x0000022ee1c8f180 DEOPT UNPACKING pc=0x0000022ef30a4e42 sp=0x000000a4fd4f6470 mode 0
Event: 6.238 Thread 0x0000022ee1c8f180 DEOPT PACKING pc=0x0000022eebb3703d sp=0x000000a4fd4f6f80
Event: 6.238 Thread 0x0000022ee1c8f180 DEOPT UNPACKING pc=0x0000022ef30a4e42 sp=0x000000a4fd4f6470 mode 0
Event: 6.238 Thread 0x0000022ee1c8f180 DEOPT PACKING pc=0x0000022eebb3703d sp=0x000000a4fd4f6f80
Event: 6.239 Thread 0x0000022ee1c8f180 DEOPT UNPACKING pc=0x0000022ef30a4e42 sp=0x000000a4fd4f6470 mode 0
Event: 6.239 Thread 0x0000022ee1c8f180 DEOPT PACKING pc=0x0000022eebb3703d sp=0x000000a4fd4f6f80
Event: 6.239 Thread 0x0000022ee1c8f180 DEOPT UNPACKING pc=0x0000022ef30a4e42 sp=0x000000a4fd4f6470 mode 0
Event: 6.239 Thread 0x0000022ee1c8f180 DEOPT PACKING pc=0x0000022eebb3703d sp=0x000000a4fd4f6f80
Event: 6.239 Thread 0x0000022ee1c8f180 DEOPT UNPACKING pc=0x0000022ef30a4e42 sp=0x000000a4fd4f6470 mode 0
Event: 6.240 Thread 0x0000022ee1c8f180 DEOPT PACKING pc=0x0000022eebb3703d sp=0x000000a4fd4f6f80
Event: 6.240 Thread 0x0000022ee1c8f180 DEOPT UNPACKING pc=0x0000022ef30a4e42 sp=0x000000a4fd4f6470 mode 0
Event: 6.240 Thread 0x0000022ee1c8f180 DEOPT PACKING pc=0x0000022eebb3703d sp=0x000000a4fd4f6f80
Event: 6.240 Thread 0x0000022ee1c8f180 DEOPT UNPACKING pc=0x0000022ef30a4e42 sp=0x000000a4fd4f6470 mode 0
Event: 6.240 Thread 0x0000022ee1c8f180 DEOPT PACKING pc=0x0000022eebb3703d sp=0x000000a4fd4f6f80
Event: 6.240 Thread 0x0000022ee1c8f180 DEOPT UNPACKING pc=0x0000022ef30a4e42 sp=0x000000a4fd4f6470 mode 0

Classes loaded (20 events):
Event: 6.177 Loading class javax/naming/event/NamingListener
Event: 6.177 Loading class javax/naming/event/NamingListener done
Event: 6.177 Loading class javax/naming/event/NamespaceChangeListener
Event: 6.178 Loading class javax/naming/event/NamespaceChangeListener done
Event: 6.201 Loading class java/lang/AbstractMethodError
Event: 6.201 Loading class java/lang/AbstractMethodError done
Event: 6.207 Loading class java/util/regex/Pattern$Neg
Event: 6.207 Loading class java/util/regex/Pattern$Neg done
Event: 6.224 Loading class java/util/concurrent/ThreadPoolExecutor$DiscardPolicy
Event: 6.224 Loading class java/util/concurrent/ThreadPoolExecutor$DiscardPolicy done
Event: 6.225 Loading class java/util/concurrent/atomic/AtomicIntegerFieldUpdater
Event: 6.225 Loading class java/util/concurrent/atomic/AtomicIntegerFieldUpdater done
Event: 6.225 Loading class java/util/concurrent/atomic/AtomicIntegerFieldUpdater$AtomicIntegerFieldUpdaterImpl
Event: 6.226 Loading class java/util/concurrent/atomic/AtomicIntegerFieldUpdater$AtomicIntegerFieldUpdaterImpl done
Event: 6.226 Loading class java/util/concurrent/atomic/AtomicIntegerFieldUpdater$AtomicIntegerFieldUpdaterImpl$1
Event: 6.226 Loading class java/util/concurrent/atomic/AtomicIntegerFieldUpdater$AtomicIntegerFieldUpdaterImpl$1 done
Event: 6.231 Loading class java/io/StringWriter
Event: 6.231 Loading class java/io/StringWriter done
Event: 6.242 Loading class java/math/MathContext
Event: 6.243 Loading class java/math/MathContext done

Classes unloaded (0 events):
No events

Classes redefined (0 events):
No events

Internal exceptions (20 events):
Event: 4.940 Thread 0x0000022ee1c8f180 Exception <a 'java/lang/IncompatibleClassChangeError'{0x0000000713f99100}: Found class java.lang.Object, but interface was expected> (0x0000000713f99100) 
thrown [s\open\src\hotspot\share\interpreter\linkResolver.cpp, line 840]
Event: 4.940 Thread 0x0000022ee1c8f180 Exception <a 'java/lang/IncompatibleClassChangeError'{0x0000000713f9fa18}: Found class java.lang.Object, but interface was expected> (0x0000000713f9fa18) 
thrown [s\open\src\hotspot\share\interpreter\linkResolver.cpp, line 840]
Event: 4.940 Thread 0x0000022ee1c8f180 Exception <a 'java/lang/IncompatibleClassChangeError'{0x0000000713fa8ee8}: Found class java.lang.Object, but interface was expected> (0x0000000713fa8ee8) 
thrown [s\open\src\hotspot\share\interpreter\linkResolver.cpp, line 840]
Event: 4.946 Thread 0x0000022ee1c8f180 Exception <a 'java/lang/NoSuchMethodError'{0x0000000713fddbe8}: 'void java.lang.invoke.DirectMethodHandle$Holder.invokeStatic(java.lang.Object, java.lang.Object, java.lang.Object, int, java.lang.Object)'> (0x0000000713fddbe8) 
thrown [s\open\src\hotspot\share\interpreter\linkResolver.cpp, line 773]
Event: 4.946 Thread 0x0000022ee1c8f180 Exception <a 'java/lang/NoSuchMethodError'{0x0000000713fe43f0}: 'java.lang.Object java.lang.invoke.DirectMethodHandle$Holder.newInvokeSpecial(java.lang.Object, java.lang.Object, java.lang.Object, int)'> (0x0000000713fe43f0) 
thrown [s\open\src\hotspot\share\interpreter\linkResolver.cpp, line 773]
Event: 4.947 Thread 0x0000022ee1c8f180 Exception <a 'java/lang/NoSuchMethodError'{0x0000000713fe8280}: 'java.lang.Object java.lang.invoke.DirectMethodHandle$Holder.invokeSpecial(java.lang.Object, java.lang.Object, java.lang.Object, java.lang.Object, int)'> (0x0000000713fe8280) 
thrown [s\open\src\hotspot\share\interpreter\linkResolver.cpp, line 773]
Event: 4.947 Thread 0x0000022ee1c8f180 Exception <a 'java/lang/NoSuchMethodError'{0x0000000713feb718}: 'java.lang.Object java.lang.invoke.Invokers$Holder.linkToTargetMethod(java.lang.Object, java.lang.Object, int, java.lang.Object)'> (0x0000000713feb718) 
thrown [s\open\src\hotspot\share\interpreter\linkResolver.cpp, line 773]
Event: 4.956 Thread 0x0000022ee1c8f180 Exception <a 'java/lang/NoSuchMethodError'{0x0000000712443e28}: 'void java.lang.invoke.DirectMethodHandle$Holder.invokeStatic(java.lang.Object, int, java.lang.Object)'> (0x0000000712443e28) 
thrown [s\open\src\hotspot\share\interpreter\linkResolver.cpp, line 773]
Event: 4.992 Thread 0x0000022ee1c8f180 Exception <a 'java/lang/NoSuchMethodError'{0x00000007125bb520}: 'java.lang.Object java.lang.invoke.DirectMethodHandle$Holder.invokeVirtual(java.lang.Object, java.lang.Object, java.lang.Object, java.lang.Object, java.lang.Object)'> (0x00000007125bb520) 
thrown [s\open\src\hotspot\share\interpreter\linkResolver.cpp, line 773]
Event: 5.151 Thread 0x0000022ee1c8f180 Exception <a 'java/lang/NoSuchMethodError'{0x0000000706b4c1d8}: 'int java.lang.invoke.DirectMethodHandle$Holder.invokeVirtual(java.lang.Object, java.lang.Object, java.lang.Object, java.lang.Object)'> (0x0000000706b4c1d8) 
thrown [s\open\src\hotspot\share\interpreter\linkResolver.cpp, line 773]
Event: 5.152 Thread 0x0000022ee1c8f180 Exception <a 'java/lang/NoSuchMethodError'{0x0000000706b50018}: 'int java.lang.invoke.DelegatingMethodHandle$Holder.reinvoke_L(java.lang.Object, java.lang.Object, java.lang.Object, java.lang.Object)'> (0x0000000706b50018) 
thrown [s\open\src\hotspot\share\interpreter\linkResolver.cpp, line 773]
Event: 5.180 Thread 0x0000022ee1c8f180 Exception <a 'java/io/FileNotFoundException'{0x000000070684c3e0}> (0x000000070684c3e0) 
thrown [s\open\src\hotspot\share\prims\jni.cpp, line 520]
Event: 5.244 Thread 0x0000022ee1c8f180 Exception <a 'java/lang/NoSuchMethodError'{0x00000007066a2480}: 'int java.lang.invoke.DirectMethodHandle$Holder.invokeInterface(java.lang.Object, java.lang.Object, java.lang.Object, java.lang.Object)'> (0x00000007066a2480) 
thrown [s\open\src\hotspot\share\interpreter\linkResolver.cpp, line 773]
Event: 5.262 Thread 0x0000022ee1c8f180 Implicit null exception at 0x0000022ef3806d92 to 0x0000022ef3808078
Event: 5.278 Thread 0x0000022ee1c8f180 Exception <a 'sun/nio/fs/WindowsException'{0x00000007067a1898}> (0x00000007067a1898) 
thrown [s\open\src\hotspot\share\prims\jni.cpp, line 520]
Event: 5.295 Thread 0x0000022ee1c8f180 Exception <a 'java/lang/NoSuchMethodError'{0x00000007067c1158}: 'void java.lang.invoke.Invokers$Holder.invokeExact_MT(java.lang.Object, java.lang.Object, java.lang.Object, java.lang.Object)'> (0x00000007067c1158) 
thrown [s\open\src\hotspot\share\interpreter\linkResolver.cpp, line 773]
Event: 5.402 Thread 0x0000022ee1c8f180 Exception <a 'java/lang/NoSuchMethodError'{0x00000007062ec530}: 'java.lang.Object java.lang.invoke.DirectMethodHandle$Holder.newInvokeSpecial(java.lang.Object, java.lang.Object, java.lang.Object, java.lang.Object, java.lang.Object, java.lang.Object, java.lang.Object, java.lang.Object, java.lang.Object, java.lang.Object, java.lang.Object, java.lang.Object)'> (0x00000007062ec530) 
thrown [s\open\src\hotspot\share\interpreter\linkResolver.cpp, line 773]
Event: 5.403 Thread 0x0000022ee1c8f180 Exception <a 'java/lang/NoSuchMethodError'{0x00000007062f1ab0}: 'java.lang.Object java.lang.invoke.DirectMethodHandle$Holder.invokeSpecial(java.lang.Object, java.lang.Object, java.lang.Object, java.lang.Object, java.lang.Object, java.lang.Object, java.lang.Object, java.lang.Object, java.lang.Object, java.lang.Object, java.lang.Object, java.lang.Object, java.lang.Object)'> (0x00000007062f1ab0) 
thrown [s\open\src\hotspot\share\interpreter\linkResolver.cpp, line 773]
Event: 5.488 Thread 0x0000022ee1c8f180 Exception <a 'java/lang/NoSuchMethodError'{0x0000000713e4e778}: 'void java.lang.invoke.DelegatingMethodHandle$Holder.reinvoke_L(java.lang.Object, java.lang.Object, java.lang.Object, java.lang.Object, int, java.lang.Object, java.lang.Object, java.lang.Object)'> (0x0000000713e4e778) 
thrown [s\open\src\hotspot\share\interpreter\linkResolver.cpp, line 773]
Event: 6.203 Thread 0x0000022ee1c8f180 Implicit null exception at 0x0000022ef37b1f33 to 0x0000022ef37b254c

ZGC Phase Switch (0 events):
No events

VM Operations (20 events):
Event: 5.142 Executing VM operation: HandshakeAllThreads (Deoptimize)
Event: 5.142 Executing VM operation: HandshakeAllThreads (Deoptimize) done
Event: 5.171 Executing VM operation: HandshakeAllThreads (Deoptimize)
Event: 5.171 Executing VM operation: HandshakeAllThreads (Deoptimize) done
Event: 5.221 Executing VM operation: HandshakeAllThreads (Deoptimize)
Event: 5.221 Executing VM operation: HandshakeAllThreads (Deoptimize) done
Event: 5.288 Executing VM operation: HandshakeAllThreads (Deoptimize)
Event: 5.288 Executing VM operation: HandshakeAllThreads (Deoptimize) done
Event: 5.411 Executing VM operation: ICBufferFull
Event: 5.411 Executing VM operation: ICBufferFull done
Event: 5.473 Executing VM operation: G1CollectForAllocation (G1 Evacuation Pause)
Event: 5.480 Executing VM operation: G1CollectForAllocation (G1 Evacuation Pause) done
Event: 5.532 Executing VM operation: CollectForMetadataAllocation (Metadata GC Threshold)
Event: 5.536 Executing VM operation: CollectForMetadataAllocation (Metadata GC Threshold) done
Event: 5.547 Executing VM operation: G1PauseRemark
Event: 5.551 Executing VM operation: G1PauseRemark done
Event: 5.555 Executing VM operation: G1PauseCleanup
Event: 5.556 Executing VM operation: G1PauseCleanup done
Event: 5.925 Executing VM operation: G1CollectForAllocation (G1 Evacuation Pause)
Event: 5.928 Executing VM operation: G1CollectForAllocation (G1 Evacuation Pause) done

Events (20 events):
Event: 5.550 Thread 0x0000022efe9bb5f0 flushing nmethod 0x0000022eebd29b90
Event: 5.550 Thread 0x0000022efe9bb5f0 flushing nmethod 0x0000022eebd2e590
Event: 5.550 Thread 0x0000022efe9bb5f0 flushing nmethod 0x0000022eebd36f90
Event: 5.550 Thread 0x0000022efe9bb5f0 flushing nmethod 0x0000022eebd38590
Event: 5.550 Thread 0x0000022efe9bb5f0 flushing nmethod 0x0000022eebd3d410
Event: 5.550 Thread 0x0000022efe9bb5f0 flushing nmethod 0x0000022eebd4b210
Event: 5.550 Thread 0x0000022efe9bb5f0 flushing nmethod 0x0000022eebd4c310
Event: 5.550 Thread 0x0000022efe9bb5f0 flushing nmethod 0x0000022eebd6f910
Event: 5.550 Thread 0x0000022efe9bb5f0 flushing nmethod 0x0000022eebd84d90
Event: 5.550 Thread 0x0000022efe9bb5f0 flushing nmethod 0x0000022eebdb3a90
Event: 5.550 Thread 0x0000022efe9bb5f0 flushing nmethod 0x0000022eebe28490
Event: 5.550 Thread 0x0000022efe9bb5f0 flushing nmethod 0x0000022eebe41d10
Event: 5.550 Thread 0x0000022efe9bb5f0 flushing nmethod 0x0000022eebe5e990
Event: 5.550 Thread 0x0000022efe9bb5f0 flushing nmethod 0x0000022eebe8e890
Event: 5.550 Thread 0x0000022efe9bb5f0 flushing nmethod 0x0000022eebeb4010
Event: 5.550 Thread 0x0000022efe9bb5f0 flushing nmethod 0x0000022eebeb4510
Event: 5.550 Thread 0x0000022efe9bb5f0 flushing nmethod 0x0000022eebee4490
Event: 5.550 Thread 0x0000022efe9bb5f0 flushing nmethod 0x0000022eebf3fb10
Event: 5.550 Thread 0x0000022efe9bb5f0 flushing nmethod 0x0000022eebf42710
Event: 5.550 Thread 0x0000022efe9bb5f0 flushing nmethod 0x0000022eebf75e90


Dynamic libraries:
0x00007ff635f30000 - 0x00007ff635f40000 	C:\Program Files\Java\jdk-21\bin\java.exe
0x00007ff8f0be0000 - 0x00007ff8f0e47000 	C:\WINDOWS\SYSTEM32\ntdll.dll
0x00007ff8ef3f0000 - 0x00007ff8ef4b9000 	C:\WINDOWS\System32\KERNEL32.DLL
0x00007ff8ee3d0000 - 0x00007ff8ee7bf000 	C:\WINDOWS\System32\KERNELBASE.dll
0x00007ff8eddf0000 - 0x00007ff8edf3b000 	C:\WINDOWS\System32\ucrtbase.dll
0x00007ff8b7b20000 - 0x00007ff8b7b3b000 	C:\Program Files\Java\jdk-21\bin\VCRUNTIME140.dll
0x00007ff8b7b00000 - 0x00007ff8b7b19000 	C:\Program Files\Java\jdk-21\bin\jli.dll
0x00007ff8efe20000 - 0x00007ff8efed4000 	C:\WINDOWS\System32\ADVAPI32.dll
0x00007ff8eefa0000 - 0x00007ff8ef049000 	C:\WINDOWS\System32\msvcrt.dll
0x00007ff8eed00000 - 0x00007ff8eeda6000 	C:\WINDOWS\System32\sechost.dll
0x00007ff8ee990000 - 0x00007ff8eeaa8000 	C:\WINDOWS\System32\RPCRT4.dll
0x00007ff8f0380000 - 0x00007ff8f0545000 	C:\WINDOWS\System32\USER32.dll
0x00007ff8ee950000 - 0x00007ff8ee977000 	C:\WINDOWS\System32\win32u.dll
0x00007ff8f02b0000 - 0x00007ff8f02db000 	C:\WINDOWS\System32\GDI32.dll
0x00007ff8ee210000 - 0x00007ff8ee33c000 	C:\WINDOWS\System32\gdi32full.dll
0x00007ff8c93e0000 - 0x00007ff8c9673000 	C:\WINDOWS\WinSxS\amd64_microsoft.windows.common-controls_6595b64144ccf1df_6.0.26100.7309_none_3e05feeae336a044\COMCTL32.dll
0x00007ff8ee0b0000 - 0x00007ff8ee153000 	C:\WINDOWS\System32\msvcp_win.dll
0x00007ff8e36f0000 - 0x00007ff8e36fb000 	C:\WINDOWS\SYSTEM32\VERSION.dll
0x00007ff8f0b60000 - 0x00007ff8f0b91000 	C:\WINDOWS\System32\IMM32.DLL
0x00007ff8b7af0000 - 0x00007ff8b7afc000 	C:\Program Files\Java\jdk-21\bin\vcruntime140_1.dll
0x00007ff8a22a0000 - 0x00007ff8a232e000 	C:\Program Files\Java\jdk-21\bin\msvcp140.dll
0x00007ff855b50000 - 0x00007ff85686d000 	C:\Program Files\Java\jdk-21\bin\server\jvm.dll
0x00007ff8f0050000 - 0x00007ff8f00c4000 	C:\WINDOWS\System32\WS2_32.dll
0x00007ff8edb90000 - 0x00007ff8edbee000 	C:\WINDOWS\SYSTEM32\POWRPROF.dll
0x00007ff8e3a20000 - 0x00007ff8e3a55000 	C:\WINDOWS\SYSTEM32\WINMM.dll
0x00007ff8edb70000 - 0x00007ff8edb84000 	C:\WINDOWS\SYSTEM32\UMPDC.dll
0x00007ff8ecae0000 - 0x00007ff8ecafb000 	C:\WINDOWS\SYSTEM32\kernel.appcore.dll
0x00007ff8b7ae0000 - 0x00007ff8b7aea000 	C:\Program Files\Java\jdk-21\bin\jimage.dll
0x00007ff8eb180000 - 0x00007ff8eb3c2000 	C:\WINDOWS\SYSTEM32\DBGHELP.DLL
0x00007ff8ef060000 - 0x00007ff8ef3e5000 	C:\WINDOWS\System32\combase.dll
0x00007ff8efee0000 - 0x00007ff8effb6000 	C:\WINDOWS\System32\OLEAUT32.dll
0x00007ff8ce420000 - 0x00007ff8ce45c000 	C:\WINDOWS\SYSTEM32\dbgcore.DLL
0x00007ff8ee160000 - 0x00007ff8ee205000 	C:\WINDOWS\System32\bcryptPrimitives.dll
0x00007ff8b34e0000 - 0x00007ff8b34ef000 	C:\Program Files\Java\jdk-21\bin\instrument.dll
0x00007ff8b5730000 - 0x00007ff8b574f000 	C:\Program Files\Java\jdk-21\bin\java.dll
0x00007ff8ef6c0000 - 0x00007ff8efe13000 	C:\WINDOWS\System32\SHELL32.dll
0x00007ff8edf40000 - 0x00007ff8ee0aa000 	C:\WINDOWS\System32\wintypes.dll
0x00007ff8eb930000 - 0x00007ff8ec18e000 	C:\WINDOWS\SYSTEM32\windows.storage.dll
0x00007ff8eeab0000 - 0x00007ff8eeba5000 	C:\WINDOWS\System32\SHCORE.dll
0x00007ff8f00d0000 - 0x00007ff8f0136000 	C:\WINDOWS\System32\shlwapi.dll
0x00007ff8edc50000 - 0x00007ff8edc79000 	C:\WINDOWS\SYSTEM32\profapi.dll
0x00007ff885390000 - 0x00007ff885467000 	C:\Program Files\Java\jdk-21\bin\jsvml.dll
0x00007ff8a2280000 - 0x00007ff8a2298000 	C:\Program Files\Java\jdk-21\bin\zip.dll
0x00007ff8b7ad0000 - 0x00007ff8b7ae0000 	C:\Program Files\Java\jdk-21\bin\net.dll
0x00007ff8dd9d0000 - 0x00007ff8ddaf8000 	C:\WINDOWS\SYSTEM32\WINHTTP.dll
0x00007ff8ed050000 - 0x00007ff8ed0bb000 	C:\WINDOWS\system32\mswsock.dll
0x00007ff8a2c30000 - 0x00007ff8a2c46000 	C:\Program Files\Java\jdk-21\bin\nio.dll
0x00007ff8ec660000 - 0x00007ff8ec78c000 	C:\WINDOWS\SYSTEM32\DNSAPI.dll
0x00007ff8ec620000 - 0x00007ff8ec654000 	C:\WINDOWS\SYSTEM32\IPHLPAPI.DLL
0x00007ff8eef90000 - 0x00007ff8eef9a000 	C:\WINDOWS\System32\NSI.dll
0x00007ff8e3700000 - 0x00007ff8e370b000 	C:\Windows\System32\rasadhlp.dll
0x00007ff8e4b90000 - 0x00007ff8e4c16000 	C:\WINDOWS\System32\fwpuclnt.dll
0x00007ff8b2ca0000 - 0x00007ff8b2ca9000 	C:\Program Files\Java\jdk-21\bin\extnet.dll
0x00007ff8b2aa0000 - 0x00007ff8b2aaa000 	C:\Program Files\Java\jdk-21\bin\management.dll
0x00007ff8b21a0000 - 0x00007ff8b21ab000 	C:\Program Files\Java\jdk-21\bin\management_ext.dll
0x00007ff8ee980000 - 0x00007ff8ee988000 	C:\WINDOWS\System32\PSAPI.DLL
0x00007ff8ed310000 - 0x00007ff8ed32b000 	C:\WINDOWS\SYSTEM32\CRYPTSP.dll
0x00007ff8eca40000 - 0x00007ff8eca7a000 	C:\WINDOWS\system32\rsaenh.dll
0x00007ff8ed100000 - 0x00007ff8ed12b000 	C:\WINDOWS\SYSTEM32\USERENV.dll
0x00007ff8edc20000 - 0x00007ff8edc4a000 	C:\WINDOWS\SYSTEM32\bcrypt.dll
0x00007ff8ed330000 - 0x00007ff8ed33c000 	C:\WINDOWS\SYSTEM32\CRYPTBASE.dll
0x00007ff8c61c0000 - 0x00007ff8c61d8000 	C:\WINDOWS\system32\napinsp.dll
0x00007ff8c61a0000 - 0x00007ff8c61b2000 	C:\WINDOWS\System32\winrnr.dll
0x00007ff8c5b00000 - 0x00007ff8c5b22000 	C:\WINDOWS\system32\nlansp_c.dll
0x00007ff8c58b0000 - 0x00007ff8c58c6000 	C:\WINDOWS\system32\wshbth.dll
0x00007ff8ce470000 - 0x00007ff8ce4c6000 	C:\WINDOWS\SYSTEM32\pdh.dll
0x00007ff8c16e0000 - 0x00007ff8c16f2000 	C:\WINDOWS\System32\perfproc.dll
0x00007ff8c1520000 - 0x00007ff8c1531000 	C:\WINDOWS\System32\perfos.dll
0x00007ff8ec1c0000 - 0x00007ff8ec1d2000 	C:\WINDOWS\SYSTEM32\pfclient.dll
0x00007ff8dc5d0000 - 0x00007ff8dc5de000 	C:\Program Files\Java\jdk-21\bin\sunmscapi.dll
0x00007ff8ee7d0000 - 0x00007ff8ee947000 	C:\WINDOWS\System32\CRYPT32.dll
0x00007ff8ed530000 - 0x00007ff8ed560000 	C:\WINDOWS\SYSTEM32\ncrypt.dll
0x00007ff8ed4e0000 - 0x00007ff8ed51f000 	C:\WINDOWS\SYSTEM32\NTASN1.dll

dbghelp: loaded successfully - version: 4.0.5 - missing functions: none
symbol engine: initialized successfully - sym options: 0x614 - pdb path: .;C:\Program Files\Java\jdk-21\bin;C:\WINDOWS\SYSTEM32;C:\WINDOWS\WinSxS\amd64_microsoft.windows.common-controls_6595b64144ccf1df_6.0.26100.7309_none_3e05feeae336a044;C:\Program Files\Java\jdk-21\bin\server

VM Arguments:
jvm_args: -javaagent:C:\Program Files\JetBrains\IntelliJ IDEA Community Edition 2025.2.1\lib\idea_rt.jar=59847 -Dfile.encoding=UTF-8 -Dsun.stdout.encoding=UTF-8 -Dsun.stderr.encoding=UTF-8 
java_command: com.example.demo.MyFirstSpringBootApplication
java_class_path (initial): C:\Users\darsh\Downloads\demo\demo\target\classes;C:\Users\darsh\.m2\repository\org\springframework\boot\spring-boot-starter\4.0.0\spring-boot-starter-4.0.0.jar;C:\Users\darsh\.m2\repository\org\springframework\boot\spring-boot-starter-logging\4.0.0\spring-boot-starter-logging-4.0.0.jar;C:\Users\darsh\.m2\repository\ch\qos\logback\logback-classic\1.5.21\logback-classic-1.5.21.jar;C:\Users\darsh\.m2\repository\ch\qos\logback\logback-core\1.5.21\logback-core-1.5.21.jar;C:\Users\darsh\.m2\repository\org\apache\logging\log4j\log4j-to-slf4j\2.25.2\log4j-to-slf4j-2.25.2.jar;C:\Users\darsh\.m2\repository\org\apache\logging\log4j\log4j-api\2.25.2\log4j-api-2.25.2.jar;C:\Users\darsh\.m2\repository\org\slf4j\jul-to-slf4j\2.0.17\jul-to-slf4j-2.0.17.jar;C:\Users\darsh\.m2\repository\org\springframework\boot\spring-boot-autoconfigure\4.0.0\spring-boot-autoconfigure-4.0.0.jar;C:\Users\darsh\.m2\repository\org\springframework\boot\spring-boot\4.0.0\spring-boot-4.0.0.jar;C:\Users\darsh\.m2\repository\org\springframework\spring-context\7.0.1\spring-context-7.0.1.jar;C:\Users\darsh\.m2\repository\jakarta\annotation\jakarta.annotation-api\3.0.0\jakarta.annotation-api-3.0.0.jar;C:\Users\darsh\.m2\repository\org\yaml\snakeyaml\2.5\snakeyaml-2.5.jar;C:\Users\darsh\.m2\repository\org\slf4j\slf4j-api\2.0.17\slf4j-api-2.0.17.jar;C:\Users\darsh\.m2\repository\jakarta\xml\bind\jakarta.xml.bind-api\4.0.4\jakarta.xml.bind-api-4.0.4.jar;C:\Users\darsh\.m2\repository\jakarta\activation\jakarta.activation-api\2.1.4\jakarta.activation-api-2.1.4.jar;C:\Users\darsh\.m2\repository\org\springframework\spring-core\7.0.1\spring-core-7.0.1.jar;C:\Users\darsh\.m2\repository\commons-logging\commons-logging\1.3.5\commons-logging-1.3.5.jar;C:\Users\darsh\.m2\repository\org\jspecify\jspecify\1.0.0\jspecify-1.0.0.jar;C:\Users\darsh\.m2\repository\org\springframework\boot\spring-boot-starter-web\4.0.0\spring-boot-starter-web-4.0.0.jar;C:\Users\darsh\.m2\repository\org\springframework\boot\spring-boot-starter-jackson\4.0.0\spring-boot-starter-jackson-4.0.0.jar;C:\Users\darsh\.m2\repository\org\springframework\boot\spring-boot-jackson\4.0.0\spring-boot-jackson-4.0.0.jar;C:\Users\darsh\.m2\repository\tools\jackson\core\jackson-databind\3.0.2\jackson-databind-3.0.2.jar;C:\Users\darsh\.m2\repository\tools\jackson\core\jackson-core\3.0.2\jackson-core-3.0.2.jar;C:\Users\darsh\.m2\repository\org\springframework\boot\spring-boot-starter-tomcat\4.0.0\spring-boot-starter-tomcat-4.0.0.jar;C:\Users\darsh\.m2\repository\org\springframework\boot\spring-boot-starter-tomcat-runtime\4.0.0\spring-boot-starter-tomcat-runtime-4.0.0.jar;C:\Users\darsh\.m2\repository\org\springframework\boot\spring-boot-web-server\4.0.0\spring-boot-web-server-4.0.0.jar;C:\Users\darsh\.m2\repository\org\apache\tomcat\embed\tomcat-embed-core\11.0.14\tomcat-embed-core-11.0.14.jar;C:\Users\darsh\.m2\repository\org\apache\tomcat\embed\tomcat-embed-el\11.0.14\tomcat-embed-el-11.0.14.jar;C:\Users\darsh\.m2\repository\org\apache\tomcat\embed\tomcat-embed-websocket\11.0.14\tomcat-embed-websocket-11.0.14.jar;C:\Users\darsh\.m2\repository\org\springframework\boot\spring-boot-tomcat\4.0.0\spring-boot-tomcat-4.0.0.jar;C:\Users\darsh\.m2\repository\org\springframework\boot\spring-boot-http-converter\4.0.0\spring-boot-http-converter-4.0.0.jar;C:\Users\darsh\.m2\repository\org\springframework\spring-web\7.0.1\spring-web-7.0.1.jar;C:\Users\darsh\.m2\repository\io\micrometer\micrometer-observation\1.16.0\micrometer-observation-1.16.0.jar;C:\Users\darsh\.m2\repository\io\micrometer\micrometer-commons\1.16.0\micrometer-commons-1.16.0.jar;C:\Users\darsh\.m2\repository\org\springframework\boot\spring-boot-webmvc\4.0.0\spring-boot-webmvc-4.0.0.jar;C:\Users\darsh\.m2\repository\org\springframework\boot\spring-boot-servlet\4.0.0\spring-boot-servlet-4.0.0.jar;C:\Users\darsh\.m2\repository\org\springframework\spring-webmvc\7.0.1\spring-webmvc-7.0.1.jar;C:\Users\darsh\.m2\repository\org\springframework\spring-expression\7.0.1\spring-expression-7.0.1.jar;C:\Users\darsh\.m2\repository\org\springframework\boot\spring-boot-starter-jdbc\4.0.0\spring-boot-starter-jdbc-4.0.0.jar;C:\Users\darsh\.m2\repository\org\springframework\boot\spring-boot-jdbc\4.0.0\spring-boot-jdbc-4.0.0.jar;C:\Users\darsh\.m2\repository\org\springframework\boot\spring-boot-sql\4.0.0\spring-boot-sql-4.0.0.jar;C:\Users\darsh\.m2\repository\org\springframework\boot\spring-boot-transaction\4.0.0\spring-boot-transaction-4.0.0.jar;C:\Users\darsh\.m2\repository\org\springframework\boot\spring-boot-persistence\4.0.0\spring-boot-persistence-4.0.0.jar;C:\Users\darsh\.m2\repository\org\springframework\spring-tx\7.0.1\spring-tx-7.0.1.jar;C:\Users\darsh\.m2\repository\org\springframework\spring-jdbc\7.0.1\spring-jdbc-7.0.1.jar;C:\Users\darsh\.m2\repository\com\zaxxer\HikariCP\7.0.2\HikariCP-7.0.2.jar;C:\Users\darsh\.m2\repository\com\mysql\mysql-connector-j\9.5.0\mysql-connector-j-9.5.0.jar;C:\Users\darsh\.m2\repository\org\hibernate\orm\hibernate-core\7.1.8.Final\hibernate-core-7.1.8.Final.jar;C:\Users\darsh\.m2\repository\jakarta\persistence\jakarta.persistence-api\3.2.0\jakarta.persistence-api-3.2.0.jar;C:\Users\darsh\.m2\repository\jakarta\transaction\jakarta.transaction-api\2.0.1\jakarta.transaction-api-2.0.1.jar;C:\Users\darsh\.m2\repository\org\jboss\logging\jboss-logging\3.6.1.Final\jboss-logging-3.6.1.Final.jar;C:\Users\darsh\.m2\repository\org\hibernate\models\hibernate-models\1.0.1\hibernate-models-1.0.1.jar;C:\Users\darsh\.m2\repository\com\fasterxml\classmate\1.7.1\classmate-1.7.1.jar;C:\Users\darsh\.m2\repository\net\bytebuddy\byte-buddy\1.17.8\byte-buddy-1.17.8.jar;C:\Users\darsh\.m2\repository\org\glassfish\jaxb\jaxb-runtime\4.0.6\jaxb-runtime-4.0.6.jar;C:\Users\darsh\.m2\repository\org\glassfish\jaxb\jaxb-core\4.0.6\jaxb-core-4.0.6.jar;C:\Users\darsh\.m2\repository\org\eclipse\angus\angus-activation\2.0.3\angus-activation-2.0.3.jar;C:\Users\darsh\.m2\repository\org\glassfish\jaxb\txw2\4.0.6\txw2-4.0.6.jar;C:\Users\darsh\.m2\repository\com\sun\istack\istack-commons-runtime\4.1.2\istack-commons-runtime-4.1.2.jar;C:\Users\darsh\.m2\repository\jakarta\inject\jakarta.inject-api\2.0.1\jakarta.inject-api-2.0.1.jar;C:\Users\darsh\.m2\repository\org\antlr\antlr4-runtime\4.13.2\antlr4-runtime-4.13.2.jar;C:\Users\darsh\.m2\repository\org\springframework\boot\spring-boot-starter-data-jpa\4.0.0\spring-boot-starter-data-jpa-4.0.0.jar;C:\Users\darsh\.m2\repository\org\springframework\boot\spring-boot-data-jpa\4.0.0\spring-boot-data-jpa-4.0.0.jar;C:\Users\darsh\.m2\repository\org\springframework\boot\spring-boot-data-commons\4.0.0\spring-boot-data-commons-4.0.0.jar;C:\Users\darsh\.m2\repository\org\springframework\data\spring-data-commons\4.0.0\spring-data-commons-4.0.0.jar;C:\Users\darsh\.m2\repository\org\springframework\boot\spring-boot-hibernate\4.0.0\spring-boot-hibernate-4.0.0.jar;C:\Users\darsh\.m2\repository\org\springframework\boot\spring-boot-jpa\4.0.0\spring-boot-jpa-4.0.0.jar;C:\Users\darsh\.m2\repository\org\springframework\spring-orm\7.0.1\spring-orm-7.0.1.jar;C:\Users\darsh\.m2\repository\org\springframework\data\spring-data-jpa\4.0.0\spring-data-jpa-4.0.0.jar;C:\Users\darsh\.m2\repository\org\springframework\spring-aspects\7.0.1\spring-aspects-7.0.1.jar;C:\Users\darsh\.m2\repository\org\aspectj\aspectjweaver\1.9.25\aspectjweaver-1.9.25.jar;C:\Users\darsh\.m2\repository\org\springframework\boot\spring-boot-starter-security\4.0.0\spring-boot-starter-security-4.0.0.jar;C:\Users\darsh\.m2\repository\org\springframework\boot\spring-boot-security\4.0.0\spring-boot-security-4.0.0.jar;C:\Users\darsh\.m2\repository\org\springframework\security\spring-security-config\7.0.0\spring-security-config-7.0.0.jar;C:\Users\darsh\.m2\repository\org\springframework\security\spring-security-core\7.0.0\spring-security-core-7.0.0.jar;C:\Users\darsh\.m2\repository\org\springframework\security\spring-security-crypto\7.0.0\spring-security-crypto-7.0.0.jar;C:\Users\darsh\.m2\repository\org\springframework\security\spring-security-web\7.0.0\spring-security-web-7.0.0.jar;C:\Users\darsh\.m2\repository\org\springframework\spring-aop\7.0.1\spring-aop-7.0.1.jar;C:\Users\darsh\.m2\repository\org\springframework\spring-beans\7.0.1\spring-beans-7.0.1.jar;C:\Users\darsh\.m2\repository\io\jsonwebtoken\jjwt-api\0.11.5\jjwt-api-0.11.5.jar;C:\Users\darsh\.m2\repository\io\jsonwebtoken\jjwt-impl\0.11.5\jjwt-impl-0.11.5.jar;C:\Users\darsh\.m2\repository\io\jsonwebtoken\jjwt-jackson\0.11.5\jjwt-jackson-0.11.5.jar;C:\Users\darsh\.m2\repository\com\fasterxml\jackson\core\jackson-databind\2.20.1\jackson-databind-2.20.1.jar;C:\Users\darsh\.m2\repository\com\fasterxml\jackson\core\jackson-annotations\2.20\jackson-annotations-2.20.jar;C:\Users\darsh\.m2\repository\com\fasterxml\jackson\core\jackson-core\2.20.1\jackson-core-2.20.1.jar
Launcher Type: SUN_STANDARD

[Global flags]
     intx CICompilerCount                          = 4                                         {product} {ergonomic}
     uint ConcGCThreads                            = 2                                         {product} {ergonomic}
     uint G1ConcRefinementThreads                  = 8                                         {product} {ergonomic}
   size_t G1HeapRegionSize                         = 2097152                                   {product} {ergonomic}
    uintx GCDrainStackTargetSize                   = 64                                        {product} {ergonomic}
   size_t InitialHeapSize                          = 264241152                                 {product} {ergonomic}
   size_t MarkStackSize                            = 4194304                                   {product} {ergonomic}
   size_t MaxHeapSize                              = 4223664128                                {product} {ergonomic}
   size_t MaxNewSize                               = 2533359616                                {product} {ergonomic}
   size_t MinHeapDeltaBytes                        = 2097152                                   {product} {ergonomic}
   size_t MinHeapSize                              = 8388608                                   {product} {ergonomic}
    uintx NonNMethodCodeHeapSize                   = 5839372                                {pd product} {ergonomic}
    uintx NonProfiledCodeHeapSize                  = 122909434                              {pd product} {ergonomic}
    uintx ProfiledCodeHeapSize                     = 122909434                              {pd product} {ergonomic}
    uintx ReservedCodeCacheSize                    = 251658240                              {pd product} {ergonomic}
     bool SegmentedCodeCache                       = true                                      {product} {ergonomic}
   size_t SoftMaxHeapSize                          = 4223664128                             {manageable} {ergonomic}
     bool UseCompressedOops                        = true                           {product lp64_product} {ergonomic}
     bool UseG1GC                                  = true                                      {product} {ergonomic}
     bool UseLargePagesIndividualAllocation        = false                                  {pd product} {ergonomic}

Logging:
Log output configuration:
 #0: stdout all=warning uptime,level,tags foldmultilines=false
 #1: stderr all=off uptime,level,tags foldmultilines=false

Environment Variables:
PATH=C:\Program Files\Java\jdk-21\bin;C:\Program Files\mysql\MySQL Server 8.0\bin;C:\Python313\Scripts\;C:\Python313\;C:\oracle\product\10.2.0\db_1\bin;C:\WINDOWS\system32;C:\WINDOWS;C:\WINDOWS\System32\Wbem;C:\WINDOWS\System32\WindowsPowerShell\v1.0\;C:\WINDOWS\System32\OpenSSH\;C:\Program Files (x86)\Microsoft SQL Server\160\Tools\Binn\;C:\Program Files\Microsoft SQL Server\160\Tools\Binn\;C:\Program Files\Microsoft SQL Server\Client SDK\ODBC\170\Tools\Binn\;C:\Program Files\Microsoft SQL Server\160\DTS\Binn\;C:\Program Files (x86)\Microsoft SQL Server\160\DTS\Binn\;C:\Program Files\nodejs\;C:\ProgramData\chocolatey\bin;C:\Program Files\MongoDB\Server\8.0\bin;C:\Users\darsh\Downloads\apache-maven-3.9.11-bin\apache-maven-3.9.11\bin;C:\Program Files\Git\cmd;C:\Program Files\Git\bin;C:\Program Files\dotnet\;C:\Users\darsh\AppData\Local\Microsoft\WindowsApps;C:\Users\darsh\Desktop\Microsoft VS Code\bin;C:\MinGW\bin;C:\MinGW\;C:\Users\darsh\AppData\Roaming\npm;C:\Program Files\mongosh\
USERNAME=darsh
OS=Windows_NT
PROCESSOR_IDENTIFIER=Intel64 Family 6 Model 154 Stepping 4, GenuineIntel
TMP=C:\Users\darsh\AppData\Local\Temp
TEMP=C:\Users\darsh\AppData\Local\Temp




Periodic native trim disabled

---------------  S Y S T E M  ---------------

OS:
 Windows 11 , 64 bit Build 26100 (10.0.26100.7309)
OS uptime: 2 days 22:48 hours
Hyper-V role detected

CPU: total 8 (initial active 8) (4 cores per cpu, 2 threads per core) family 6 model 154 stepping 4 microcode 0x433, cx8, cmov, fxsr, ht, mmx, 3dnowpref, sse, sse2, sse3, ssse3, sse4.1, sse4.2, popcnt, lzcnt, tsc, tscinvbit, avx, avx2, aes, erms, clmul, bmi1, bmi2, adx, sha, fma, vzeroupper, clflush, clflushopt, clwb, hv, serialize, rdtscp, rdpid, fsrm, f16c, cet_ibt, cet_ss
Processor Information for processor 0
  Max Mhz: 1200, Current Mhz: 1200, Mhz Limit: 1200
Processor Information for processor 1
  Max Mhz: 1200, Current Mhz: 1200, Mhz Limit: 1200
Processor Information for processor 2
  Max Mhz: 1200, Current Mhz: 1200, Mhz Limit: 1200
Processor Information for processor 3
  Max Mhz: 1200, Current Mhz: 1200, Mhz Limit: 1200
Processor Information for processor 4
  Max Mhz: 900, Current Mhz: 900, Mhz Limit: 900
Processor Information for processor 5
  Max Mhz: 900, Current Mhz: 900, Mhz Limit: 900
Processor Information for processor 6
  Max Mhz: 900, Current Mhz: 900, Mhz Limit: 900
Processor Information for processor 7
  Max Mhz: 900, Current Mhz: 900, Mhz Limit: 900

Memory: 4k page, system-wide physical 16108M (7482M free)
TotalPageFile size 17132M (AvailPageFile size 6342M)
current process WorkingSet (physical memory assigned to process): 215M, peak: 215M
current process commit charge ("private bytes"): 249M, peak: 403M

vm_info: Java HotSpot(TM) 64-Bit Server VM (21.0.8+12-LTS-250) for windows-amd64 JRE (21.0.8+12-LTS-250), built on 2025-06-27T08:11:22Z by "mach5one" with MS VC++ 17.6 (VS2022)

END.
