#
# A fatal error has been detected by the Java Runtime Environment:
#
#  EXCEPTION_ACCESS_VIOLATION (0xc0000005) at pc=0x00007ff86da9c7a6, pid=7436, tid=17752
#
# JRE version: Java(TM) SE Runtime Environment (21.0.8+12) (build 21.0.8+12-LTS-250)
# Java VM: Java HotSpot(TM) 64-Bit Server VM (21.0.8+12-LTS-250, mixed mode, sharing, tiered, compressed oops, compressed class ptrs, g1 gc, windows-amd64)
# Problematic frame:
# V  [jvm.dll+0x5fc7a6]
#
# No core dump will be written. Minidumps are not enabled by default on client versions of Windows
#
# If you would like to submit a bug report, please visit:
#   https://bugreport.java.com/bugreport/crash.jsp
#

---------------  S U M M A R Y ------------

Command Line: -javaagent:C:\Program Files\JetBrains\IntelliJ IDEA Community Edition 2025.2.1\lib\idea_rt.jar=51367 -Dfile.encoding=UTF-8 -Dsun.stdout.encoding=UTF-8 -Dsun.stderr.encoding=UTF-8 com.example.demo.MyFirstSpringBootApplication

Host: 12th Gen Intel(R) Core(TM) i3-1215U, 8 cores, 15G,  Windows 11 , 64 bit Build 26100 (10.0.26100.7309)
Time: Sun Jan  4 10:58:21 2026 India Standard Time elapsed time: 3.821745 seconds (0d 0h 0m 3s)

---------------  T H R E A D  ---------------

Current thread (0x000001fa7f224540):  JavaThread "C2 CompilerThread1" daemon [_thread_in_native, id=17752, stack(0x0000001889e00000,0x0000001889f00000) (1024K)]


Current CompileTask:
C2:   3821 4334   !   4       jdk.internal.loader.BuiltinClassLoader::findClassOnClassPathOrNull (64 bytes)

Stack: [0x0000001889e00000,0x0000001889f00000],  sp=0x0000001889efbb30,  free space=1006k
Native frames: (J=compiled Java code, j=interpreted, Vv=VM code, C=native code)
V  [jvm.dll+0x5fc7a6]
V  [jvm.dll+0x5f7c40]
V  [jvm.dll+0x5f6f86]
V  [jvm.dll+0x250702]
V  [jvm.dll+0x24906f]
V  [jvm.dll+0x246b44]
V  [jvm.dll+0x1c7a3e]
V  [jvm.dll+0x256359]
V  [jvm.dll+0x2548ea]
V  [jvm.dll+0x3efef6]
V  [jvm.dll+0x80279b]
V  [jvm.dll+0x6ca85d]
C  [ucrtbase.dll+0x37b0]
C  [KERNEL32.DLL+0x2e8d7]
C  [ntdll.dll+0x8c53c]


siginfo: EXCEPTION_ACCESS_VIOLATION (0xc0000005), ExceptionInformation=0x0000000000000003 0x0000000000000000


Registers:
RAX=0x000001fa57873fa0, RBX=0x0000001889efbf10, RCX=0x000001fa57afe178, RDX=0x0000000000004000
RSP=0x0000001889efbb30, RBP=0x0002000000000000, RSI=0x0000000000000002, RDI=0x000000000000044c
R8 =0x0000001889efbf28, R9 =0x0000000000000000, R10=0x00000000000000c7, R11=0x00007ff8dc741b57
R12=0x0000000000000003, R13=0x000001fa57afe1d0, R14=0x000001fa7efd11a8, R15=0x0000000000000002
RIP=0x00007ff86da9c7a6, EFLAGS=0x0000000000010206


Register to memory mapping:

RAX=0x000001fa57873fa0 points into unknown readable memory: 0x000001fa56605558 | 58 55 60 56 fa 01 00 00
RBX=0x0000001889efbf10 is pointing into the stack for thread: 0x000001fa7f224540
RCX=0x000001fa57afe178 points into unknown readable memory: 0x00007ff86de30510 | 10 05 e3 6d f8 7f 00 00
RDX=0x0000000000004000 is an unknown value
RSP=0x0000001889efbb30 is pointing into the stack for thread: 0x000001fa7f224540
RBP=0x0002000000000000 is an unknown value
RSI=0x0000000000000002 is an unknown value
RDI=0x000000000000044c is an unknown value
R8 =0x0000001889efbf28 is pointing into the stack for thread: 0x000001fa7f224540
R9 =0x0 is null
R10=0x00000000000000c7 is an unknown value
R11=0x00007ff8dc741b57 VCRUNTIME140.dll
R12=0x0000000000000003 is an unknown value
R13=0x000001fa57afe1d0 points into unknown readable memory: 0x00007ff86de814c0 | c0 14 e8 6d f8 7f 00 00
R14=0x000001fa7efd11a8 points into unknown readable memory: 0x00007ff86de5e270 | 70 e2 e5 6d f8 7f 00 00
R15=0x0000000000000002 is an unknown value

Top of Stack: (sp=0x0000001889efbb30)
0x0000001889efbb30:   0000001889efbf10 000001fa57afe1d0
0x0000001889efbb40:   0000000000000100 0000001889efbf10
0x0000001889efbb50:   0000001889efbc30 000000000000000c
0x0000001889efbb60:   0000001889efbc10 0000000000000003
0x0000001889efbb70:   000001fa57afe178 00007ff86da97c40
0x0000001889efbb80:   0000001889efbf10 000001fa57afe1d0
0x0000001889efbb90:   0000000000000135 00007ff86dce118e
0x0000001889efbba0:   0000000000000000 0000000000000000
0x0000001889efbbb0:   0000001889efbf10 0000000000000001
0x0000001889efbbc0:   000001fa70d43da0 000001fa7edfd200
0x0000001889efbbd0:   0000001889efbce0 00007ff86da96f86
0x0000001889efbbe0:   0000000000000000 0000001889efbc30
0x0000001889efbbf0:   0000001800000003 0000001889efbc50
0x0000001889efbc00:   000001fa6ea90000 000001fa6ea90000
0x0000001889efbc10:   000001fa7f074b30 000001fa00000200
0x0000001889efbc20:   000001fa7fa13b70 0000000000000136
0x0000001889efbc30:   0000001800000100 000001fa7fa14b70
0x0000001889efbc40:   0000000000000100 000001fa7f074b30
0x0000001889efbc50:   000001fa57893fc0 000001fa578a3d80
0x0000001889efbc60:   000001fa57893fc0 000001fa7f074b30
0x0000001889efbc70:   000001fa7f074b30 000001fa00000004
0x0000001889efbc80:   000001fa59864680 00007ff800000000
0x0000001889efbc90:   0000000000000000 000001fa7ef61360
0x0000001889efbca0:   000001fa7fb1f3c0 00000000000005f8
0x0000001889efbcb0:   0000001889efe220 0000000000000000
0x0000001889efbcc0:   0000000000000000 0000000000000000
0x0000001889efbcd0:   0000000000000000 0000001889efbdf0
0x0000001889efbce0:   0000000000000004 00007ff86d79cca5
0x0000001889efbcf0:   00000000000003ff 000001fa56788b01
0x0000001889efbd00:   0000001889efbe18 0000001889efc230
0x0000001889efbd10:   0000000000000000 000001fa57f723d0
0x0000001889efbd20:   0000000000000800 000001fa583e3490 

Instructions: (pc=0x00007ff86da9c7a6)
0x00007ff86da9c6a6:   96 82 0f 00 49 83 c4 08 4c 3b 64 24 28 0f 82 a7
0x00007ff86da9c6b6:   fd ff ff 4c 8b 7c 24 30 48 8b 7c 24 68 48 8b 6c
0x00007ff86da9c6c6:   24 60 4c 8b 64 24 70 48 83 c4 38 41 5e 41 5d 5e
0x00007ff86da9c6d6:   5b c3 cc cc cc cc cc cc cc cc 40 53 41 54 41 55
0x00007ff86da9c6e6:   41 56 41 57 48 83 ec 20 4c 8b ea 48 8b d9 48 8b
0x00007ff86da9c6f6:   52 08 4c 8b 32 4d 85 f6 74 2d 41 f7 45 30 00 20
0x00007ff86da9c706:   00 00 75 23 49 8b 06 49 8b ce ff 50 10 84 c0 75
0x00007ff86da9c716:   0e 49 8b d6 48 8b cb e8 ae 83 fe ff 4c 8b f0 41
0x00007ff86da9c726:   bf 01 00 00 00 eb 12 48 8b 52 08 e8 9a 83 fe ff
0x00007ff86da9c736:   4c 8b f0 41 bf 02 00 00 00 48 89 6c 24 50 48 89
0x00007ff86da9c746:   74 24 58 48 89 7c 24 60 4d 85 f6 0f 84 4e 02 00
0x00007ff86da9c756:   00 41 8b 46 28 3b 83 c4 00 00 00 0f 83 5e 02 00
0x00007ff86da9c766:   00 8b c8 48 8b 83 d0 00 00 00 8b 34 88 45 3b 7d
0x00007ff86da9c776:   18 0f 83 d6 01 00 00 4c 8d 43 18 49 8b 45 08 8b
0x00007ff86da9c786:   53 20 41 8b cf 48 8b 0c c8 8b 79 28 3b fa 73 0a
0x00007ff86da9c796:   48 8b 43 28 48 8b 2c f8 eb 02 33 ed 48 83 e5 fe
0x00007ff86da9c7a6:   48 8b 45 08 48 83 38 00 75 31 8b 45 28 3b c2 73
0x00007ff86da9c7b6:   0c 8b c8 48 8b 43 28 48 8b 2c c8 eb 02 33 ed 48
0x00007ff86da9c7c6:   83 e5 fe 48 8b 45 08 48 8b 08 48 85 c9 74 db 0f
0x00007ff86da9c7d6:   b6 45 2c 24 07 3c 05 48 0f 44 e9 3b fa 72 0e 8b
0x00007ff86da9c7e6:   d7 49 8b c8 e8 31 c9 0a 00 4c 8d 43 18 49 8b 40
0x00007ff86da9c7f6:   10 48 8d 55 01 48 89 14 f8 48 85 ed 0f 84 9d 01
0x00007ff86da9c806:   00 00 8b 45 28 3b 83 c4 00 00 00 0f 83 ae 01 00
0x00007ff86da9c816:   00 8b c8 48 8b 83 d0 00 00 00 44 8b 14 88 44 3b
0x00007ff86da9c826:   d6 76 0b 4c 8b f5 41 8b f2 e9 12 01 00 00 0f 85
0x00007ff86da9c836:   0c 01 00 00 4c 3b f5 0f 84 03 01 00 00 49 8b c6
0x00007ff86da9c846:   48 8b d5 0f 1f 80 00 00 00 00 8b 48 28 48 8b 83
0x00007ff86da9c856:   c8 00 00 00 4c 8d 0c c8 48 8b 04 c8 48 8b 48 08
0x00007ff86da9c866:   48 83 39 00 75 26 44 8b 43 20 8b 48 28 41 3b c8
0x00007ff86da9c876:   73 0a 48 8b 43 28 48 8b 04 c8 eb 02 33 c0 48 83
0x00007ff86da9c886:   e0 fe 48 8b 48 08 48 83 39 00 74 de 49 89 01 8b
0x00007ff86da9c896:   52 28 48 8b 8b c8 00 00 00 4c 8d 0c d1 48 8b 14 


Stack slot to memory mapping:

stack at sp + 0 slots: 0x0000001889efbf10 is pointing into the stack for thread: 0x000001fa7f224540
stack at sp + 1 slots: 0x000001fa57afe1d0 points into unknown readable memory: 0x00007ff86de814c0 | c0 14 e8 6d f8 7f 00 00
stack at sp + 2 slots: 0x0000000000000100 is an unknown value
stack at sp + 3 slots: 0x0000001889efbf10 is pointing into the stack for thread: 0x000001fa7f224540
stack at sp + 4 slots: 0x0000001889efbc30 is pointing into the stack for thread: 0x000001fa7f224540
stack at sp + 5 slots: 0x000000000000000c is an unknown value
stack at sp + 6 slots: 0x0000001889efbc10 is pointing into the stack for thread: 0x000001fa7f224540
stack at sp + 7 slots: 0x0000000000000003 is an unknown value


---------------  P R O C E S S  ---------------

Threads class SMR info:
_java_thread_list=0x000001fa56daa490, length=15, elements={
0x000001fa6eacfe90, 0x000001fa7edea110, 0x000001fa7edecc70, 0x000001fa7edf5120,
0x000001fa7edf5ca0, 0x000001fa7edf8830, 0x000001fa7edfb210, 0x000001fa7edfc1a0,
0x000001fa7ee0ef30, 0x000001fa7edbd510, 0x000001fa7f224540, 0x000001fa7f3058a0,
0x000001fa7f306330, 0x000001fa56c6bef0, 0x000001fa57f97420
}

Java Threads: ( => current thread )
  0x000001fa6eacfe90 JavaThread "main"                              [_thread_in_vm, id=3212, stack(0x0000001888d00000,0x0000001888e00000) (1024K)]
  0x000001fa7edea110 JavaThread "Reference Handler"          daemon [_thread_blocked, id=11736, stack(0x0000001889500000,0x0000001889600000) (1024K)]
  0x000001fa7edecc70 JavaThread "Finalizer"                  daemon [_thread_blocked, id=10396, stack(0x0000001889600000,0x0000001889700000) (1024K)]
  0x000001fa7edf5120 JavaThread "Signal Dispatcher"          daemon [_thread_blocked, id=13680, stack(0x0000001889700000,0x0000001889800000) (1024K)]
  0x000001fa7edf5ca0 JavaThread "Attach Listener"            daemon [_thread_blocked, id=19556, stack(0x0000001889800000,0x0000001889900000) (1024K)]
  0x000001fa7edf8830 JavaThread "Service Thread"             daemon [_thread_blocked, id=1548, stack(0x0000001889900000,0x0000001889a00000) (1024K)]
  0x000001fa7edfb210 JavaThread "Monitor Deflation Thread"   daemon [_thread_blocked, id=4464, stack(0x0000001889a00000,0x0000001889b00000) (1024K)]
  0x000001fa7edfc1a0 JavaThread "C2 CompilerThread0"         daemon [_thread_blocked, id=19240, stack(0x0000001889b00000,0x0000001889c00000) (1024K)]
  0x000001fa7ee0ef30 JavaThread "C1 CompilerThread0"         daemon [_thread_blocked, id=11464, stack(0x0000001889c00000,0x0000001889d00000) (1024K)]
  0x000001fa7edbd510 JavaThread "Common-Cleaner"             daemon [_thread_blocked, id=4416, stack(0x0000001889d00000,0x0000001889e00000) (1024K)]
=>0x000001fa7f224540 JavaThread "C2 CompilerThread1"         daemon [_thread_in_native, id=17752, stack(0x0000001889e00000,0x0000001889f00000) (1024K)]
  0x000001fa7f3058a0 JavaThread "Monitor Ctrl-Break"         daemon [_thread_in_native, id=19864, stack(0x0000001889f00000,0x000000188a000000) (1024K)]
  0x000001fa7f306330 JavaThread "Notification Thread"        daemon [_thread_blocked, id=12908, stack(0x000000188a000000,0x000000188a100000) (1024K)]
  0x000001fa56c6bef0 JavaThread "C2 CompilerThread2"         daemon [_thread_blocked, id=12076, stack(0x000000188a900000,0x000000188aa00000) (1024K)]
  0x000001fa57f97420 JavaThread "mysql-cj-abandoned-connection-cleanup" daemon [_thread_blocked, id=11640, stack(0x000000188aa00000,0x000000188ab00000) (1024K)]
Total: 15

Other Threads:
  0x000001fa7edcfb20 VMThread "VM Thread"                           [id=2592, stack(0x0000001889400000,0x0000001889500000) (1024K)]
  0x000001fa7edbca90 WatcherThread "VM Periodic Task Thread"        [id=13084, stack(0x0000001889300000,0x0000001889400000) (1024K)]
  0x000001fa70d9a360 WorkerThread "GC Thread#0"                     [id=17636, stack(0x0000001888e00000,0x0000001888f00000) (1024K)]
  0x000001fa56666010 WorkerThread "GC Thread#1"                     [id=14636, stack(0x000000188a100000,0x000000188a200000) (1024K)]
  0x000001fa566663b0 WorkerThread "GC Thread#2"                     [id=3820, stack(0x000000188a200000,0x000000188a300000) (1024K)]
  0x000001fa56892fe0 WorkerThread "GC Thread#3"                     [id=12972, stack(0x000000188a300000,0x000000188a400000) (1024K)]
  0x000001fa56893380 WorkerThread "GC Thread#4"                     [id=19448, stack(0x000000188a400000,0x000000188a500000) (1024K)]
  0x000001fa56893b20 WorkerThread "GC Thread#5"                     [id=16624, stack(0x000000188a500000,0x000000188a600000) (1024K)]
  0x000001fa563522b0 WorkerThread "GC Thread#6"                     [id=16732, stack(0x000000188a700000,0x000000188a800000) (1024K)]
  0x000001fa562ecf80 WorkerThread "GC Thread#7"                     [id=10780, stack(0x000000188a800000,0x000000188a900000) (1024K)]
  0x000001fa70dab710 ConcurrentGCThread "G1 Main Marker"            [id=5852, stack(0x0000001888f00000,0x0000001889000000) (1024K)]
  0x000001fa70dac210 WorkerThread "G1 Conc#0"                       [id=20468, stack(0x0000001889000000,0x0000001889100000) (1024K)]
  0x000001fa573f4bb0 WorkerThread "G1 Conc#1"                       [id=13292, stack(0x000000188a600000,0x000000188a700000) (1024K)]
  0x000001fa7ec8e1c0 ConcurrentGCThread "G1 Refine#0"               [id=19624, stack(0x0000001889100000,0x0000001889200000) (1024K)]
  0x000001fa7ec8e9e0 ConcurrentGCThread "G1 Service"                [id=20444, stack(0x0000001889200000,0x0000001889300000) (1024K)]
Total: 15

Threads with active compile tasks:
C2 CompilerThread1     3861 4334   !   4       jdk.internal.loader.BuiltinClassLoader::findClassOnClassPathOrNull (64 bytes)
Total: 1

VM state: not at safepoint (normal execution)

VM Mutex/Monitor currently owned by a thread: None

Heap address: 0x0000000704400000, size: 4028 MB, Compressed Oops mode: Zero based, Oop shift amount: 3

CDS archive(s) mapped at: [0x000001fa11000000-0x000001fa11c90000-0x000001fa11c90000), size 13172736, SharedBaseAddress: 0x000001fa11000000, ArchiveRelocationMode: 1.
Compressed class space mapped at: 0x000001fa12000000-0x000001fa52000000, reserved size: 1073741824
Narrow klass base: 0x000001fa11000000, Narrow klass shift: 0, Narrow klass range: 0x100000000

GC Precious Log:
 CardTable entry size: 512
 Card Set container configuration: InlinePtr #cards 4 size 8 Array Of Cards #cards 16 size 48 Howl #buckets 8 coarsen threshold 3686 Howl Bitmap #cards 512 size 80 coarsen threshold 460 Card regions per heap region 1 cards per card region 4096
 CPUs: 8 total, 8 available
 Memory: 16108M
 Large Page Support: Disabled
 NUMA Support: Disabled
 Compressed Oops: Enabled (Zero based)
 Heap Region Size: 2M
 Heap Min Capacity: 8M
 Heap Initial Capacity: 252M
 Heap Max Capacity: 4028M
 Pre-touch: Disabled
 Parallel Workers: 8
 Concurrent Workers: 2
 Concurrent Refinement Workers: 8
 Periodic GC: Disabled

Heap:
 garbage-first heap   total 61440K, used 31284K [0x0000000704400000, 0x0000000800000000)
  region size 2048K, 7 young (14336K), 1 survivors (2048K)
 Metaspace       used 37758K, committed 38336K, reserved 1114112K
  class space    used 5058K, committed 5312K, reserved 1048576K

Heap Regions: E=young(eden), S=young(survivor), O=old, HS=humongous(starts), HC=humongous(continues), CS=collection set, F=free, TAMS=top-at-mark-start, PB=parsable bottom
|   0|0x0000000704400000, 0x0000000704600000, 0x0000000704600000|100%| O|  |TAMS 0x0000000704400000| PB 0x0000000704400000| Untracked 
|   1|0x0000000704600000, 0x0000000704800000, 0x0000000704800000|100%| O|  |TAMS 0x0000000704600000| PB 0x0000000704600000| Untracked 
|   2|0x0000000704800000, 0x0000000704a00000, 0x0000000704a00000|100%| O|  |TAMS 0x0000000704800000| PB 0x0000000704800000| Untracked 
|   3|0x0000000704a00000, 0x0000000704b432c0, 0x0000000704c00000| 63%| O|  |TAMS 0x0000000704a00000| PB 0x0000000704a00000| Untracked 
|   4|0x0000000704c00000, 0x0000000704e00000, 0x0000000704e00000|100%| O|  |TAMS 0x0000000704c00000| PB 0x0000000704c00000| Untracked 
|   5|0x0000000704e00000, 0x0000000705000000, 0x0000000705000000|100%| O|  |TAMS 0x0000000704e00000| PB 0x0000000704e00000| Untracked 
|   6|0x0000000705000000, 0x0000000705200000, 0x0000000705200000|100%| O|  |TAMS 0x0000000705000000| PB 0x0000000705000000| Untracked 
|   7|0x0000000705200000, 0x0000000705400000, 0x0000000705400000|100%| O|  |TAMS 0x0000000705200000| PB 0x0000000705200000| Untracked 
|   8|0x0000000705400000, 0x0000000705600000, 0x0000000705600000|100%| O|Cm|TAMS 0x0000000705400000| PB 0x0000000705400000| Complete 
|   9|0x0000000705600000, 0x0000000705800000, 0x0000000705800000|100%| O|  |TAMS 0x0000000705600000| PB 0x0000000705600000| Untracked 
|  10|0x0000000705800000, 0x0000000705800000, 0x0000000705a00000|  0%| F|  |TAMS 0x0000000705800000| PB 0x0000000705800000| Untracked 
|  11|0x0000000705a00000, 0x0000000705a00000, 0x0000000705c00000|  0%| F|  |TAMS 0x0000000705a00000| PB 0x0000000705a00000| Untracked 
|  12|0x0000000705c00000, 0x0000000705c00000, 0x0000000705e00000|  0%| F|  |TAMS 0x0000000705c00000| PB 0x0000000705c00000| Untracked 
|  13|0x0000000705e00000, 0x0000000705e00000, 0x0000000706000000|  0%| F|  |TAMS 0x0000000705e00000| PB 0x0000000705e00000| Untracked 
|  14|0x0000000706000000, 0x0000000706000000, 0x0000000706200000|  0%| F|  |TAMS 0x0000000706000000| PB 0x0000000706000000| Untracked 
|  15|0x0000000706200000, 0x0000000706200000, 0x0000000706400000|  0%| F|  |TAMS 0x0000000706200000| PB 0x0000000706200000| Untracked 
|  16|0x0000000706400000, 0x0000000706400000, 0x0000000706600000|  0%| F|  |TAMS 0x0000000706400000| PB 0x0000000706400000| Untracked 
|  17|0x0000000706600000, 0x0000000706600000, 0x0000000706800000|  0%| F|  |TAMS 0x0000000706600000| PB 0x0000000706600000| Untracked 
|  18|0x0000000706800000, 0x0000000706800000, 0x0000000706a00000|  0%| F|  |TAMS 0x0000000706800000| PB 0x0000000706800000| Untracked 
|  19|0x0000000706a00000, 0x0000000706a00000, 0x0000000706c00000|  0%| F|  |TAMS 0x0000000706a00000| PB 0x0000000706a00000| Untracked 
|  20|0x0000000706c00000, 0x0000000706c00000, 0x0000000706e00000|  0%| F|  |TAMS 0x0000000706c00000| PB 0x0000000706c00000| Untracked 
|  21|0x0000000706e00000, 0x0000000706e00000, 0x0000000707000000|  0%| F|  |TAMS 0x0000000706e00000| PB 0x0000000706e00000| Untracked 
|  22|0x0000000707000000, 0x0000000707149da8, 0x0000000707200000| 64%| S|CS|TAMS 0x0000000707000000| PB 0x0000000707000000| Complete 
|  23|0x0000000707200000, 0x0000000707200000, 0x0000000707400000|  0%| F|  |TAMS 0x0000000707200000| PB 0x0000000707200000| Untracked 
|  24|0x0000000707400000, 0x00000007075faf88, 0x0000000707600000| 99%| E|  |TAMS 0x0000000707400000| PB 0x0000000707400000| Complete 
|  97|0x0000000710600000, 0x0000000710800000, 0x0000000710800000|100%| E|CS|TAMS 0x0000000710600000| PB 0x0000000710600000| Complete 
|  98|0x0000000710800000, 0x0000000710a00000, 0x0000000710a00000|100%| E|CS|TAMS 0x0000000710800000| PB 0x0000000710800000| Complete 
|  99|0x0000000710a00000, 0x0000000710c00000, 0x0000000710c00000|100%| E|CS|TAMS 0x0000000710a00000| PB 0x0000000710a00000| Complete 
| 100|0x0000000710c00000, 0x0000000710e00000, 0x0000000710e00000|100%| E|CS|TAMS 0x0000000710c00000| PB 0x0000000710c00000| Complete 
| 125|0x0000000713e00000, 0x0000000714000000, 0x0000000714000000|100%| E|CS|TAMS 0x0000000713e00000| PB 0x0000000713e00000| Complete 

Card table byte_map: [0x000001fa79cd0000,0x000001fa7a4b0000] _byte_map_base: 0x000001fa764ae000

Marking Bits: (CMBitMap*) 0x000001fa70d9b270
 Bits: [0x000001fa7a4b0000, 0x000001fa7e3a0000)

Polling page: 0x000001fa6ea80000

Metaspace:

Usage:
  Non-class:     31.94 MB used.
      Class:      4.94 MB used.
       Both:     36.89 MB used.

Virtual space:
  Non-class space:       64.00 MB reserved,      32.25 MB ( 50%) committed,  1 nodes.
      Class space:        1.00 GB reserved,       5.19 MB ( <1%) committed,  1 nodes.
             Both:        1.06 GB reserved,      37.44 MB (  3%) committed. 

Chunk freelists:
   Non-Class:  15.62 MB
       Class:  10.77 MB
        Both:  26.39 MB

MaxMetaspaceSize: unlimited
CompressedClassSpaceSize: 1.00 GB
Initial GC threshold: 21.00 MB
Current GC threshold: 58.75 MB
CDS: on
 - commit_granule_bytes: 65536.
 - commit_granule_words: 8192.
 - virtual_space_node_default_size: 8388608.
 - enlarge_chunks_in_place: 1.
 - use_allocation_guard: 0.


Internal statistics:

num_allocs_failed_limit: 6.
num_arena_births: 778.
num_arena_deaths: 0.
num_vsnodes_births: 2.
num_vsnodes_deaths: 0.
num_space_committed: 599.
num_space_uncommitted: 0.
num_chunks_returned_to_freelist: 6.
num_chunks_taken_from_freelist: 2150.
num_chunk_merges: 6.
num_chunk_splits: 1487.
num_chunks_enlarged: 1104.
num_inconsistent_stats: 0.

CodeHeap 'non-profiled nmethods': size=120000Kb used=2456Kb max_used=2538Kb free=117543Kb
 bounds [0x000001fa07ad0000, 0x000001fa07d50000, 0x000001fa0f000000]
CodeHeap 'profiled nmethods': size=120000Kb used=7943Kb max_used=8738Kb free=112056Kb
 bounds [0x000001fa00000000, 0x000001fa00890000, 0x000001fa07530000]
CodeHeap 'non-nmethods': size=5760Kb used=1494Kb max_used=1539Kb free=4265Kb
 bounds [0x000001fa07530000, 0x000001fa077a0000, 0x000001fa07ad0000]
 total_blobs=4544 nmethods=3973 adapters=475
 compilation: enabled
              stopped_count=0, restarted_count=0
 full_count=0

Compilation events (20 events):
Event: 3.769 Thread 0x000001fa56c6bef0 4330       4       java.util.ArrayDeque::pollFirst (36 bytes)
Event: 3.770 Thread 0x000001fa56c6bef0 nmethod 4330 0x000001fa07b47410 code [0x000001fa07b475a0, 0x000001fa07b476e8]
Event: 3.771 Thread 0x000001fa7ee0ef30 4331       3       java.util.List::of (4 bytes)
Event: 3.771 Thread 0x000001fa7ee0ef30 nmethod 4331 0x000001fa00233110 code [0x000001fa002332a0, 0x000001fa00233398]
Event: 3.771 Thread 0x000001fa7ee0ef30 4332       3       java.lang.ClassLoader::getResources (55 bytes)
Event: 3.772 Thread 0x000001fa7ee0ef30 nmethod 4332 0x000001fa0004b910 code [0x000001fa0004bb60, 0x000001fa0004c818]
Event: 3.772 Thread 0x000001fa7ee0ef30 4333       3       java.lang.CompoundEnumeration::<init> (10 bytes)
Event: 3.772 Thread 0x000001fa7ee0ef30 nmethod 4333 0x000001fa00110510 code [0x000001fa001106c0, 0x000001fa00110880]
Event: 3.773 Thread 0x000001fa7f224540 4334   !   4       jdk.internal.loader.BuiltinClassLoader::findClassOnClassPathOrNull (64 bytes)
Event: 3.782 Thread 0x000001fa7ee0ef30 4335       3       jdk.internal.module.ServicesCatalog::findServices (17 bytes)
Event: 3.783 Thread 0x000001fa7ee0ef30 nmethod 4335 0x000001fa00094a10 code [0x000001fa00094be0, 0x000001fa00094f30]
Event: 3.783 Thread 0x000001fa7ee0ef30 4336       3       java.util.concurrent.ConcurrentHashMap::getOrDefault (16 bytes)
Event: 3.783 Thread 0x000001fa7ee0ef30 nmethod 4336 0x000001fa00330d10 code [0x000001fa00330ec0, 0x000001fa00331070]
Event: 3.783 Thread 0x000001fa7edfc1a0 nmethod 4323 0x000001fa07b2ea10 code [0x000001fa07b2ed60, 0x000001fa07b308d8]
Event: 3.786 Thread 0x000001fa7ee0ef30 4337       3       jdk.internal.loader.BootLoader::findResource (8 bytes)
Event: 3.787 Thread 0x000001fa7ee0ef30 nmethod 4337 0x000001fa001f3a90 code [0x000001fa001f3c40, 0x000001fa001f3e50]
Event: 3.787 Thread 0x000001fa7ee0ef30 4338       3       java.lang.ClassLoader::getResource (41 bytes)
Event: 3.787 Thread 0x000001fa7ee0ef30 nmethod 4338 0x000001fa0011d710 code [0x000001fa0011d920, 0x000001fa0011df30]
Event: 3.790 Thread 0x000001fa56c6bef0 4339       4       java.util.jar.JarFile::match (132 bytes)
Event: 3.793 Thread 0x000001fa56c6bef0 nmethod 4339 0x000001fa07ae2290 code [0x000001fa07ae2440, 0x000001fa07ae2770]

GC Heap History (12 events):
Event: 0.702 GC heap before
{Heap before GC invocations=0 (full 0):
 garbage-first heap   total 258048K, used 20480K [0x0000000704400000, 0x0000000800000000)
  region size 2048K, 11 young (22528K), 0 survivors (0K)
 Metaspace       used 5683K, committed 5888K, reserved 1114112K
  class space    used 645K, committed 704K, reserved 1048576K
}
Event: 0.706 GC heap after
{Heap after GC invocations=1 (full 0):
 garbage-first heap   total 258048K, used 7487K [0x0000000704400000, 0x0000000800000000)
  region size 2048K, 2 young (4096K), 2 survivors (4096K)
 Metaspace       used 5683K, committed 5888K, reserved 1114112K
  class space    used 645K, committed 704K, reserved 1048576K
}
Event: 1.183 GC heap before
{Heap before GC invocations=1 (full 0):
 garbage-first heap   total 258048K, used 30015K [0x0000000704400000, 0x0000000800000000)
  region size 2048K, 14 young (28672K), 2 survivors (4096K)
 Metaspace       used 12543K, committed 12928K, reserved 1114112K
  class space    used 1534K, committed 1728K, reserved 1048576K
}
Event: 1.187 GC heap after
{Heap after GC invocations=2 (full 0):
 garbage-first heap   total 258048K, used 10147K [0x0000000704400000, 0x0000000800000000)
  region size 2048K, 2 young (4096K), 2 survivors (4096K)
 Metaspace       used 12543K, committed 12928K, reserved 1114112K
  class space    used 1534K, committed 1728K, reserved 1048576K
}
Event: 2.012 GC heap before
{Heap before GC invocations=2 (full 0):
 garbage-first heap   total 258048K, used 53155K [0x0000000704400000, 0x0000000800000000)
  region size 2048K, 25 young (51200K), 2 survivors (4096K)
 Metaspace       used 21128K, committed 21504K, reserved 1114112K
  class space    used 2554K, committed 2752K, reserved 1048576K
}
Event: 2.018 GC heap after
{Heap after GC invocations=3 (full 0):
 garbage-first heap   total 258048K, used 14050K [0x0000000704400000, 0x0000000800000000)
  region size 2048K, 4 young (8192K), 4 survivors (8192K)
 Metaspace       used 21128K, committed 21504K, reserved 1114112K
  class space    used 2554K, committed 2752K, reserved 1048576K
}
Event: 2.750 GC heap before
{Heap before GC invocations=4 (full 0):
 garbage-first heap   total 61440K, used 42722K [0x0000000704400000, 0x0000000800000000)
  region size 2048K, 18 young (36864K), 4 survivors (8192K)
 Metaspace       used 26288K, committed 26816K, reserved 1114112K
  class space    used 3271K, committed 3520K, reserved 1048576K
}
Event: 2.757 GC heap after
{Heap after GC invocations=5 (full 0):
 garbage-first heap   total 61440K, used 16869K [0x0000000704400000, 0x0000000800000000)
  region size 2048K, 2 young (4096K), 2 survivors (4096K)
 Metaspace       used 26288K, committed 26816K, reserved 1114112K
  class space    used 3271K, committed 3520K, reserved 1048576K
}
Event: 3.404 GC heap before
{Heap before GC invocations=5 (full 0):
 garbage-first heap   total 61440K, used 43493K [0x0000000704400000, 0x0000000800000000)
  region size 2048K, 15 young (30720K), 2 survivors (4096K)
 Metaspace       used 32115K, committed 32704K, reserved 1114112K
  class space    used 4042K, committed 4288K, reserved 1048576K
}
Event: 3.411 GC heap after
{Heap after GC invocations=6 (full 0):
 garbage-first heap   total 61440K, used 19507K [0x0000000704400000, 0x0000000800000000)
  region size 2048K, 2 young (4096K), 2 survivors (4096K)
 Metaspace       used 32115K, committed 32704K, reserved 1114112K
  class space    used 4042K, committed 4288K, reserved 1048576K
}
Event: 3.638 GC heap before
{Heap before GC invocations=6 (full 0):
 garbage-first heap   total 61440K, used 29747K [0x0000000704400000, 0x0000000800000000)
  region size 2048K, 9 young (18432K), 2 survivors (4096K)
 Metaspace       used 35391K, committed 35968K, reserved 1114112K
  class space    used 4599K, committed 4864K, reserved 1048576K
}
Event: 3.643 GC heap after
{Heap after GC invocations=7 (full 0):
 garbage-first heap   total 61440K, used 21044K [0x0000000704400000, 0x0000000800000000)
  region size 2048K, 1 young (2048K), 1 survivors (2048K)
 Metaspace       used 35391K, committed 35968K, reserved 1114112K
  class space    used 4599K, committed 4864K, reserved 1048576K
}

Dll operation events (12 events):
Event: 0.011 Loaded shared library C:\Program Files\Java\jdk-21\bin\java.dll
Event: 0.044 Loaded shared library C:\Program Files\Java\jdk-21\bin\jsvml.dll
Event: 0.132 Loaded shared library C:\Program Files\Java\jdk-21\bin\zip.dll
Event: 0.136 Loaded shared library C:\Program Files\Java\jdk-21\bin\instrument.dll
Event: 0.140 Loaded shared library C:\Program Files\Java\jdk-21\bin\net.dll
Event: 0.142 Loaded shared library C:\Program Files\Java\jdk-21\bin\nio.dll
Event: 0.145 Loaded shared library C:\Program Files\Java\jdk-21\bin\zip.dll
Event: 0.267 Loaded shared library C:\Program Files\Java\jdk-21\bin\extnet.dll
Event: 0.289 Loaded shared library C:\Program Files\Java\jdk-21\bin\jimage.dll
Event: 1.464 Loaded shared library C:\Program Files\Java\jdk-21\bin\sunmscapi.dll
Event: 3.083 Loaded shared library C:\Program Files\Java\jdk-21\bin\management.dll
Event: 3.085 Loaded shared library C:\Program Files\Java\jdk-21\bin\management_ext.dll

Deoptimization events (20 events):
Event: 3.456 Thread 0x000001fa6eacfe90 Uncommon trap: trap_request=0xffffff45 fr.pc=0x000001fa07b8407c relative=0x00000000000002bc
Event: 3.456 Thread 0x000001fa6eacfe90 Uncommon trap: reason=unstable_if action=reinterpret pc=0x000001fa07b8407c method=java.util.concurrent.ConcurrentHashMap.get(Ljava/lang/Object;)Ljava/lang/Object; @ 76 c2
Event: 3.456 Thread 0x000001fa6eacfe90 DEOPT PACKING pc=0x000001fa07b8407c sp=0x0000001888df9d50
Event: 3.456 Thread 0x000001fa6eacfe90 DEOPT UNPACKING pc=0x000001fa075846a2 sp=0x0000001888df9cc8 mode 2
Event: 3.457 Thread 0x000001fa6eacfe90 Uncommon trap: trap_request=0xffffff45 fr.pc=0x000001fa07c738ec relative=0x0000000000000dec
Event: 3.457 Thread 0x000001fa6eacfe90 Uncommon trap: reason=unstable_if action=reinterpret pc=0x000001fa07c738ec method=java.util.concurrent.ConcurrentHashMap.computeIfAbsent(Ljava/lang/Object;Ljava/util/function/Function;)Ljava/lang/Object; @ 244 c2
Event: 3.457 Thread 0x000001fa6eacfe90 DEOPT PACKING pc=0x000001fa07c738ec sp=0x0000001888df9c80
Event: 3.457 Thread 0x000001fa6eacfe90 DEOPT UNPACKING pc=0x000001fa075846a2 sp=0x0000001888df9c10 mode 2
Event: 3.465 Thread 0x000001fa6eacfe90 Uncommon trap: trap_request=0xffffff45 fr.pc=0x000001fa07c75cd0 relative=0x0000000000000270
Event: 3.466 Thread 0x000001fa6eacfe90 Uncommon trap: reason=unstable_if action=reinterpret pc=0x000001fa07c75cd0 method=org.springframework.beans.factory.support.AbstractAutowireCapableBeanFactory.determineTargetType(Ljava/lang/String;Lorg/springframework/beans/factory/support/RootBeanDefinit
Event: 3.466 Thread 0x000001fa6eacfe90 DEOPT PACKING pc=0x000001fa07c75cd0 sp=0x0000001888dfa510
Event: 3.466 Thread 0x000001fa6eacfe90 DEOPT UNPACKING pc=0x000001fa075846a2 sp=0x0000001888dfa4f8 mode 2
Event: 3.471 Thread 0x000001fa6eacfe90 Uncommon trap: trap_request=0xffffff45 fr.pc=0x000001fa07c19618 relative=0x00000000000000f8
Event: 3.471 Thread 0x000001fa6eacfe90 Uncommon trap: reason=unstable_if action=reinterpret pc=0x000001fa07c19618 method=java.lang.ClassLoader.getClassLoadingLock(Ljava/lang/String;)Ljava/lang/Object; @ 6 c2
Event: 3.471 Thread 0x000001fa6eacfe90 DEOPT PACKING pc=0x000001fa07c19618 sp=0x0000001888df9f20
Event: 3.471 Thread 0x000001fa6eacfe90 DEOPT UNPACKING pc=0x000001fa075846a2 sp=0x0000001888df9eb0 mode 2
Event: 3.790 Thread 0x000001fa6eacfe90 DEOPT PACKING pc=0x000001fa00052ea7 sp=0x0000001888dfa5c0
Event: 3.790 Thread 0x000001fa6eacfe90 DEOPT UNPACKING pc=0x000001fa07584e42 sp=0x0000001888df9a30 mode 0
Event: 3.790 Thread 0x000001fa6eacfe90 DEOPT PACKING pc=0x000001fa00052ea7 sp=0x0000001888dfa5c0
Event: 3.790 Thread 0x000001fa6eacfe90 DEOPT UNPACKING pc=0x000001fa07584e42 sp=0x0000001888df9a30 mode 0

Classes loaded (20 events):
Event: 3.484 Loading class java/util/UUID$Holder
Event: 3.484 Loading class java/util/UUID$Holder done
Event: 3.778 Loading class javax/xml/stream/XMLStreamException
Event: 3.778 Loading class javax/xml/stream/XMLStreamException done
Event: 3.778 Loading class javax/xml/stream/XMLEventReader
Event: 3.778 Loading class javax/xml/stream/XMLEventReader done
Event: 3.778 Loading class javax/xml/stream/XMLResolver
Event: 3.778 Loading class javax/xml/stream/XMLResolver done
Event: 3.782 Loading class javax/xml/stream/XMLEventFactory
Event: 3.782 Loading class javax/xml/stream/XMLEventFactory done
Event: 3.782 Loading class javax/xml/stream/FactoryFinder
Event: 3.782 Loading class javax/xml/stream/FactoryFinder done
Event: 3.782 Loading class javax/xml/stream/FactoryFinder$1
Event: 3.782 Loading class javax/xml/stream/FactoryFinder$1 done
Event: 3.783 Loading class com/sun/xml/internal/stream/events/XMLEventFactoryImpl
Event: 3.783 Loading class com/sun/xml/internal/stream/events/XMLEventFactoryImpl done
Event: 3.804 Loading class java/lang/Process
Event: 3.805 Loading class java/lang/Process done
Event: 3.812 Loading class java/lang/reflect/GenericSignatureFormatError
Event: 3.812 Loading class java/lang/reflect/GenericSignatureFormatError done

Classes unloaded (0 events):
No events

Classes redefined (0 events):
No events

Internal exceptions (20 events):
Event: 2.844 Thread 0x000001fa6eacfe90 Exception <a 'java/lang/IncompatibleClassChangeError'{0x0000000710a80f10}: Found class java.lang.Object, but interface was expected> (0x0000000710a80f10) 
thrown [s\open\src\hotspot\share\interpreter\linkResolver.cpp, line 840]
Event: 2.844 Thread 0x000001fa6eacfe90 Exception <a 'java/lang/IncompatibleClassChangeError'{0x0000000710a877c8}: Found class java.lang.Object, but interface was expected> (0x0000000710a877c8) 
thrown [s\open\src\hotspot\share\interpreter\linkResolver.cpp, line 840]
Event: 2.845 Thread 0x000001fa6eacfe90 Exception <a 'java/lang/IncompatibleClassChangeError'{0x0000000710a90f18}: Found class java.lang.Object, but interface was expected> (0x0000000710a90f18) 
thrown [s\open\src\hotspot\share\interpreter\linkResolver.cpp, line 840]
Event: 2.847 Thread 0x000001fa6eacfe90 Exception <a 'java/lang/NoSuchMethodError'{0x0000000710ac5bf0}: 'void java.lang.invoke.DirectMethodHandle$Holder.invokeStatic(java.lang.Object, java.lang.Object, java.lang.Object, int, java.lang.Object)'> (0x0000000710ac5bf0) 
thrown [s\open\src\hotspot\share\interpreter\linkResolver.cpp, line 773]
Event: 2.848 Thread 0x000001fa6eacfe90 Exception <a 'java/lang/NoSuchMethodError'{0x0000000710acc3f8}: 'java.lang.Object java.lang.invoke.DirectMethodHandle$Holder.newInvokeSpecial(java.lang.Object, java.lang.Object, java.lang.Object, int)'> (0x0000000710acc3f8) 
thrown [s\open\src\hotspot\share\interpreter\linkResolver.cpp, line 773]
Event: 2.848 Thread 0x000001fa6eacfe90 Exception <a 'java/lang/NoSuchMethodError'{0x0000000710ad0288}: 'java.lang.Object java.lang.invoke.DirectMethodHandle$Holder.invokeSpecial(java.lang.Object, java.lang.Object, java.lang.Object, java.lang.Object, int)'> (0x0000000710ad0288) 
thrown [s\open\src\hotspot\share\interpreter\linkResolver.cpp, line 773]
Event: 2.848 Thread 0x000001fa6eacfe90 Exception <a 'java/lang/NoSuchMethodError'{0x0000000710ad3720}: 'java.lang.Object java.lang.invoke.Invokers$Holder.linkToTargetMethod(java.lang.Object, java.lang.Object, int, java.lang.Object)'> (0x0000000710ad3720) 
thrown [s\open\src\hotspot\share\interpreter\linkResolver.cpp, line 773]
Event: 2.852 Thread 0x000001fa6eacfe90 Exception <a 'java/lang/NoSuchMethodError'{0x0000000710b2be60}: 'void java.lang.invoke.DirectMethodHandle$Holder.invokeStatic(java.lang.Object, int, java.lang.Object)'> (0x0000000710b2be60) 
thrown [s\open\src\hotspot\share\interpreter\linkResolver.cpp, line 773]
Event: 2.877 Thread 0x000001fa6eacfe90 Exception <a 'java/lang/NoSuchMethodError'{0x00000007108a79b8}: 'java.lang.Object java.lang.invoke.DirectMethodHandle$Holder.invokeVirtual(java.lang.Object, java.lang.Object, java.lang.Object, java.lang.Object, java.lang.Object)'> (0x00000007108a79b8) 
thrown [s\open\src\hotspot\share\interpreter\linkResolver.cpp, line 773]
Event: 2.914 Thread 0x000001fa6eacfe90 Exception <a 'java/lang/NoSuchMethodError'{0x0000000710661078}: 'java.lang.Object java.lang.invoke.DirectMethodHandle$Holder.invokeStaticInit(java.lang.Object, int, int, int, int)'> (0x0000000710661078) 
thrown [s\open\src\hotspot\share\interpreter\linkResolver.cpp, line 773]
Event: 2.939 Thread 0x000001fa6eacfe90 Exception <a 'java/lang/NoSuchMethodError'{0x0000000710723710}: 'java.lang.Object java.lang.invoke.DirectMethodHandle$Holder.invokeStaticInit(java.lang.Object, java.lang.Object, int, int, int, int)'> (0x0000000710723710) 
thrown [s\open\src\hotspot\share\interpreter\linkResolver.cpp, line 773]
Event: 3.066 Thread 0x000001fa6eacfe90 Exception <a 'java/lang/NoSuchMethodError'{0x0000000707317be0}: 'int java.lang.invoke.DirectMethodHandle$Holder.invokeVirtual(java.lang.Object, java.lang.Object, java.lang.Object, java.lang.Object)'> (0x0000000707317be0) 
thrown [s\open\src\hotspot\share\interpreter\linkResolver.cpp, line 773]
Event: 3.066 Thread 0x000001fa6eacfe90 Exception <a 'java/lang/NoSuchMethodError'{0x000000070731b658}: 'int java.lang.invoke.DelegatingMethodHandle$Holder.reinvoke_L(java.lang.Object, java.lang.Object, java.lang.Object, java.lang.Object)'> (0x000000070731b658) 
thrown [s\open\src\hotspot\share\interpreter\linkResolver.cpp, line 773]
Event: 3.093 Thread 0x000001fa6eacfe90 Exception <a 'java/io/FileNotFoundException'{0x0000000707022318}> (0x0000000707022318) 
thrown [s\open\src\hotspot\share\prims\jni.cpp, line 520]
Event: 3.145 Thread 0x000001fa6eacfe90 Exception <a 'java/lang/NoSuchMethodError'{0x0000000706e6a678}: 'int java.lang.invoke.DirectMethodHandle$Holder.invokeInterface(java.lang.Object, java.lang.Object, java.lang.Object, java.lang.Object)'> (0x0000000706e6a678) 
thrown [s\open\src\hotspot\share\interpreter\linkResolver.cpp, line 773]
Event: 3.180 Thread 0x000001fa6eacfe90 Exception <a 'sun/nio/fs/WindowsException'{0x0000000706f811e0}> (0x0000000706f811e0) 
thrown [s\open\src\hotspot\share\prims\jni.cpp, line 520]
Event: 3.187 Thread 0x000001fa6eacfe90 Exception <a 'java/lang/NoSuchMethodError'{0x0000000706fa0bf8}: 'void java.lang.invoke.Invokers$Holder.invokeExact_MT(java.lang.Object, java.lang.Object, java.lang.Object, java.lang.Object)'> (0x0000000706fa0bf8) 
thrown [s\open\src\hotspot\share\interpreter\linkResolver.cpp, line 773]
Event: 3.265 Thread 0x000001fa6eacfe90 Exception <a 'java/lang/NoSuchMethodError'{0x0000000706ae0d58}: 'java.lang.Object java.lang.invoke.DirectMethodHandle$Holder.newInvokeSpecial(java.lang.Object, java.lang.Object, java.lang.Object, java.lang.Object, java.lang.Object, java.lang.Object, java.lang.Object, java.lang.Object, java.lang.Object, java.lang.Object, java.lang.Object, java.lang.Object)'> (0x0000000706ae0d58) 
thrown [s\open\src\hotspot\share\interpreter\linkResolver.cpp, line 773]
Event: 3.265 Thread 0x000001fa6eacfe90 Exception <a 'java/lang/NoSuchMethodError'{0x0000000706ae62d8}: 'java.lang.Object java.lang.invoke.DirectMethodHandle$Holder.invokeSpecial(java.lang.Object, java.lang.Object, java.lang.Object, java.lang.Object, java.lang.Object, java.lang.Object, java.lang.Object, java.lang.Object, java.lang.Object, java.lang.Object, java.lang.Object, java.lang.Object, java.lang.Object)'> (0x0000000706ae62d8) 
thrown [s\open\src\hotspot\share\interpreter\linkResolver.cpp, line 773]
Event: 3.370 Thread 0x000001fa6eacfe90 Exception <a 'java/lang/NoSuchMethodError'{0x0000000706640a70}: 'void java.lang.invoke.DelegatingMethodHandle$Holder.reinvoke_L(java.lang.Object, java.lang.Object, java.lang.Object, java.lang.Object, int, java.lang.Object, java.lang.Object, java.lang.Object)'> (0x0000000706640a70) 
thrown [s\open\src\hotspot\share\interpreter\linkResolver.cpp, line 773]

ZGC Phase Switch (0 events):
No events

VM Operations (20 events):
Event: 3.056 Executing VM operation: HandshakeAllThreads (Deoptimize)
Event: 3.056 Executing VM operation: HandshakeAllThreads (Deoptimize) done
Event: 3.088 Executing VM operation: HandshakeAllThreads (Deoptimize)
Event: 3.088 Executing VM operation: HandshakeAllThreads (Deoptimize) done
Event: 3.126 Executing VM operation: HandshakeAllThreads (Deoptimize)
Event: 3.126 Executing VM operation: HandshakeAllThreads (Deoptimize) done
Event: 3.181 Executing VM operation: HandshakeAllThreads (Deoptimize)
Event: 3.181 Executing VM operation: HandshakeAllThreads (Deoptimize) done
Event: 3.185 Executing VM operation: HandshakeAllThreads (Deoptimize)
Event: 3.185 Executing VM operation: HandshakeAllThreads (Deoptimize) done
Event: 3.197 Executing VM operation: ICBufferFull
Event: 3.197 Executing VM operation: ICBufferFull done
Event: 3.404 Executing VM operation: G1CollectForAllocation (G1 Evacuation Pause)
Event: 3.411 Executing VM operation: G1CollectForAllocation (G1 Evacuation Pause) done
Event: 3.638 Executing VM operation: CollectForMetadataAllocation (Metadata GC Threshold)
Event: 3.643 Executing VM operation: CollectForMetadataAllocation (Metadata GC Threshold) done
Event: 3.654 Executing VM operation: G1PauseRemark
Event: 3.658 Executing VM operation: G1PauseRemark done
Event: 3.664 Executing VM operation: G1PauseCleanup
Event: 3.664 Executing VM operation: G1PauseCleanup done

Events (20 events):
Event: 3.658 Thread 0x000001fa7edcfb20 flushing nmethod 0x000001fa00347f90
Event: 3.658 Thread 0x000001fa7edcfb20 flushing nmethod 0x000001fa00348a10
Event: 3.658 Thread 0x000001fa7edcfb20 flushing nmethod 0x000001fa00349390
Event: 3.658 Thread 0x000001fa7edcfb20 flushing nmethod 0x000001fa003a9210
Event: 3.658 Thread 0x000001fa7edcfb20 flushing nmethod 0x000001fa003c4390
Event: 3.658 Thread 0x000001fa7edcfb20 flushing nmethod 0x000001fa003c5d90
Event: 3.658 Thread 0x000001fa7edcfb20 flushing nmethod 0x000001fa003d4d90
Event: 3.658 Thread 0x000001fa7edcfb20 flushing nmethod 0x000001fa003ebb90
Event: 3.658 Thread 0x000001fa7edcfb20 flushing nmethod 0x000001fa003ec490
Event: 3.658 Thread 0x000001fa7edcfb20 flushing nmethod 0x000001fa003ed590
Event: 3.658 Thread 0x000001fa7edcfb20 flushing nmethod 0x000001fa00407510
Event: 3.658 Thread 0x000001fa7edcfb20 flushing nmethod 0x000001fa00415710
Event: 3.658 Thread 0x000001fa7edcfb20 flushing nmethod 0x000001fa00416410
Event: 3.658 Thread 0x000001fa7edcfb20 flushing nmethod 0x000001fa00419f90
Event: 3.658 Thread 0x000001fa7edcfb20 flushing nmethod 0x000001fa0041c590
Event: 3.658 Thread 0x000001fa7edcfb20 flushing nmethod 0x000001fa00429810
Event: 3.658 Thread 0x000001fa7edcfb20 flushing nmethod 0x000001fa0042cf90
Event: 3.658 Thread 0x000001fa7edcfb20 flushing nmethod 0x000001fa00459a10
Event: 3.658 Thread 0x000001fa7edcfb20 flushing nmethod 0x000001fa00469d90
Event: 3.658 Thread 0x000001fa7edcfb20 flushing nmethod 0x000001fa00507310


Dynamic libraries:
0x00007ff635f30000 - 0x00007ff635f40000 	C:\Program Files\Java\jdk-21\bin\java.exe
0x00007ff8f0be0000 - 0x00007ff8f0e47000 	C:\WINDOWS\SYSTEM32\ntdll.dll
0x00007ff8ef3f0000 - 0x00007ff8ef4b9000 	C:\WINDOWS\System32\KERNEL32.DLL
0x00007ff8ee3d0000 - 0x00007ff8ee7bf000 	C:\WINDOWS\System32\KERNELBASE.dll
0x00007ff8eddf0000 - 0x00007ff8edf3b000 	C:\WINDOWS\System32\ucrtbase.dll
0x00007ff8dc740000 - 0x00007ff8dc75b000 	C:\Program Files\Java\jdk-21\bin\VCRUNTIME140.dll
0x00007ff8dc760000 - 0x00007ff8dc779000 	C:\Program Files\Java\jdk-21\bin\jli.dll
0x00007ff8efe20000 - 0x00007ff8efed4000 	C:\WINDOWS\System32\ADVAPI32.dll
0x00007ff8eefa0000 - 0x00007ff8ef049000 	C:\WINDOWS\System32\msvcrt.dll
0x00007ff8eed00000 - 0x00007ff8eeda6000 	C:\WINDOWS\System32\sechost.dll
0x00007ff8ee990000 - 0x00007ff8eeaa8000 	C:\WINDOWS\System32\RPCRT4.dll
0x00007ff8f0380000 - 0x00007ff8f0545000 	C:\WINDOWS\System32\USER32.dll
0x00007ff8ee950000 - 0x00007ff8ee977000 	C:\WINDOWS\System32\win32u.dll
0x00007ff8c93e0000 - 0x00007ff8c9673000 	C:\WINDOWS\WinSxS\amd64_microsoft.windows.common-controls_6595b64144ccf1df_6.0.26100.7309_none_3e05feeae336a044\COMCTL32.dll
0x00007ff8f02b0000 - 0x00007ff8f02db000 	C:\WINDOWS\System32\GDI32.dll
0x00007ff8ee210000 - 0x00007ff8ee33c000 	C:\WINDOWS\System32\gdi32full.dll
0x00007ff8ee0b0000 - 0x00007ff8ee153000 	C:\WINDOWS\System32\msvcp_win.dll
0x00007ff8e36f0000 - 0x00007ff8e36fb000 	C:\WINDOWS\SYSTEM32\VERSION.dll
0x00007ff8f0b60000 - 0x00007ff8f0b91000 	C:\WINDOWS\System32\IMM32.DLL
0x00007ff8e5f00000 - 0x00007ff8e5f0c000 	C:\Program Files\Java\jdk-21\bin\vcruntime140_1.dll
0x00007ff8d6b40000 - 0x00007ff8d6bce000 	C:\Program Files\Java\jdk-21\bin\msvcp140.dll
0x00007ff86d4a0000 - 0x00007ff86e1bd000 	C:\Program Files\Java\jdk-21\bin\server\jvm.dll
0x00007ff8f0050000 - 0x00007ff8f00c4000 	C:\WINDOWS\System32\WS2_32.dll
0x00007ff8edb90000 - 0x00007ff8edbee000 	C:\WINDOWS\SYSTEM32\POWRPROF.dll
0x00007ff8e3a20000 - 0x00007ff8e3a55000 	C:\WINDOWS\SYSTEM32\WINMM.dll
0x00007ff8edb70000 - 0x00007ff8edb84000 	C:\WINDOWS\SYSTEM32\UMPDC.dll
0x00007ff8ecae0000 - 0x00007ff8ecafb000 	C:\WINDOWS\SYSTEM32\kernel.appcore.dll
0x00007ff8dc730000 - 0x00007ff8dc73a000 	C:\Program Files\Java\jdk-21\bin\jimage.dll
0x00007ff8eb180000 - 0x00007ff8eb3c2000 	C:\WINDOWS\SYSTEM32\DBGHELP.DLL
0x00007ff8ef060000 - 0x00007ff8ef3e5000 	C:\WINDOWS\System32\combase.dll
0x00007ff8efee0000 - 0x00007ff8effb6000 	C:\WINDOWS\System32\OLEAUT32.dll
0x00007ff8ce420000 - 0x00007ff8ce45c000 	C:\WINDOWS\SYSTEM32\dbgcore.DLL
0x00007ff8ee160000 - 0x00007ff8ee205000 	C:\WINDOWS\System32\bcryptPrimitives.dll
0x00007ff8dc720000 - 0x00007ff8dc72f000 	C:\Program Files\Java\jdk-21\bin\instrument.dll
0x00007ff8dc5e0000 - 0x00007ff8dc5ff000 	C:\Program Files\Java\jdk-21\bin\java.dll
0x00007ff8ef6c0000 - 0x00007ff8efe13000 	C:\WINDOWS\System32\SHELL32.dll
0x00007ff8edf40000 - 0x00007ff8ee0aa000 	C:\WINDOWS\System32\wintypes.dll
0x00007ff8eb930000 - 0x00007ff8ec18e000 	C:\WINDOWS\SYSTEM32\windows.storage.dll
0x00007ff8eeab0000 - 0x00007ff8eeba5000 	C:\WINDOWS\System32\SHCORE.dll
0x00007ff8f00d0000 - 0x00007ff8f0136000 	C:\WINDOWS\System32\shlwapi.dll
0x00007ff8edc50000 - 0x00007ff8edc79000 	C:\WINDOWS\SYSTEM32\profapi.dll
0x00007ff8d6840000 - 0x00007ff8d6917000 	C:\Program Files\Java\jdk-21\bin\jsvml.dll
0x00007ff8db910000 - 0x00007ff8db928000 	C:\Program Files\Java\jdk-21\bin\zip.dll
0x00007ff8dc5d0000 - 0x00007ff8dc5e0000 	C:\Program Files\Java\jdk-21\bin\net.dll
0x00007ff8dd9d0000 - 0x00007ff8ddaf8000 	C:\WINDOWS\SYSTEM32\WINHTTP.dll
0x00007ff8ed050000 - 0x00007ff8ed0bb000 	C:\WINDOWS\system32\mswsock.dll
0x00007ff8db970000 - 0x00007ff8db986000 	C:\Program Files\Java\jdk-21\bin\nio.dll
0x00007ff8dc5c0000 - 0x00007ff8dc5c9000 	C:\Program Files\Java\jdk-21\bin\extnet.dll
0x00007ff8db900000 - 0x00007ff8db90e000 	C:\Program Files\Java\jdk-21\bin\sunmscapi.dll
0x00007ff8ee7d0000 - 0x00007ff8ee947000 	C:\WINDOWS\System32\CRYPT32.dll
0x00007ff8ed530000 - 0x00007ff8ed560000 	C:\WINDOWS\SYSTEM32\ncrypt.dll
0x00007ff8ed4e0000 - 0x00007ff8ed51f000 	C:\WINDOWS\SYSTEM32\NTASN1.dll
0x00007ff8ed310000 - 0x00007ff8ed32b000 	C:\WINDOWS\SYSTEM32\CRYPTSP.dll
0x00007ff8eca40000 - 0x00007ff8eca7a000 	C:\WINDOWS\system32\rsaenh.dll
0x00007ff8ed100000 - 0x00007ff8ed12b000 	C:\WINDOWS\SYSTEM32\USERENV.dll
0x00007ff8edc20000 - 0x00007ff8edc4a000 	C:\WINDOWS\SYSTEM32\bcrypt.dll
0x00007ff8ed330000 - 0x00007ff8ed33c000 	C:\WINDOWS\SYSTEM32\CRYPTBASE.dll
0x00007ff8ec620000 - 0x00007ff8ec654000 	C:\WINDOWS\SYSTEM32\IPHLPAPI.DLL
0x00007ff8eef90000 - 0x00007ff8eef9a000 	C:\WINDOWS\System32\NSI.dll
0x00007ff8db8f0000 - 0x00007ff8db8fa000 	C:\Program Files\Java\jdk-21\bin\management.dll
0x00007ff8db890000 - 0x00007ff8db89b000 	C:\Program Files\Java\jdk-21\bin\management_ext.dll
0x00007ff8ee980000 - 0x00007ff8ee988000 	C:\WINDOWS\System32\PSAPI.DLL

dbghelp: loaded successfully - version: 4.0.5 - missing functions: none
symbol engine: initialized successfully - sym options: 0x614 - pdb path: .;C:\Program Files\Java\jdk-21\bin;C:\WINDOWS\SYSTEM32;C:\WINDOWS\WinSxS\amd64_microsoft.windows.common-controls_6595b64144ccf1df_6.0.26100.7309_none_3e05feeae336a044;C:\Program Files\Java\jdk-21\bin\server

VM Arguments:
jvm_args: -javaagent:C:\Program Files\JetBrains\IntelliJ IDEA Community Edition 2025.2.1\lib\idea_rt.jar=51367 -Dfile.encoding=UTF-8 -Dsun.stdout.encoding=UTF-8 -Dsun.stderr.encoding=UTF-8 
java_command: com.example.demo.MyFirstSpringBootApplication
java_class_path (initial): C:\Users\darsh\Downloads\demo\demo\target\classes;C:\Users\darsh\.m2\repository\org\springframework\boot\spring-boot-starter\4.0.0\spring-boot-starter-4.0.0.jar;C:\Users\darsh\.m2\repository\org\springframework\boot\spring-boot-starter-logging\4.0.0\spring-boot-starter-logging-4.0.0.jar;C:\Users\darsh\.m2\repository\ch\qos\logback\logback-classic\1.5.21\logback-classic-1.5.21.jar;C:\Users\darsh\.m2\repository\ch\qos\logback\logback-core\1.5.21\logback-core-1.5.21.jar;C:\Users\darsh\.m2\repository\org\apache\logging\log4j\log4j-to-slf4j\2.25.2\log4j-to-slf4j-2.25.2.jar;C:\Users\darsh\.m2\repository\org\apache\logging\log4j\log4j-api\2.25.2\log4j-api-2.25.2.jar;C:\Users\darsh\.m2\repository\org\slf4j\jul-to-slf4j\2.0.17\jul-to-slf4j-2.0.17.jar;C:\Users\darsh\.m2\repository\org\springframework\boot\spring-boot-autoconfigure\4.0.0\spring-boot-autoconfigure-4.0.0.jar;C:\Users\darsh\.m2\repository\org\springframework\boot\spring-boot\4.0.0\spring-boot-4.0.0.jar;C:\Users\darsh\.m2\repository\org\springframework\spring-context\7.0.1\spring-context-7.0.1.jar;C:\Users\darsh\.m2\repository\jakarta\annotation\jakarta.annotation-api\3.0.0\jakarta.annotation-api-3.0.0.jar;C:\Users\darsh\.m2\repository\org\yaml\snakeyaml\2.5\snakeyaml-2.5.jar;C:\Users\darsh\.m2\repository\org\slf4j\slf4j-api\2.0.17\slf4j-api-2.0.17.jar;C:\Users\darsh\.m2\repository\jakarta\xml\bind\jakarta.xml.bind-api\4.0.4\jakarta.xml.bind-api-4.0.4.jar;C:\Users\darsh\.m2\repository\jakarta\activation\jakarta.activation-api\2.1.4\jakarta.activation-api-2.1.4.jar;C:\Users\darsh\.m2\repository\org\springframework\spring-core\7.0.1\spring-core-7.0.1.jar;C:\Users\darsh\.m2\repository\commons-logging\commons-logging\1.3.5\commons-logging-1.3.5.jar;C:\Users\darsh\.m2\repository\org\jspecify\jspecify\1.0.0\jspecify-1.0.0.jar;C:\Users\darsh\.m2\repository\org\springframework\boot\spring-boot-starter-web\4.0.0\spring-boot-starter-web-4.0.0.jar;C:\Users\darsh\.m2\repository\org\springframework\boot\spring-boot-starter-jackson\4.0.0\spring-boot-starter-jackson-4.0.0.jar;C:\Users\darsh\.m2\repository\org\springframework\boot\spring-boot-jackson\4.0.0\spring-boot-jackson-4.0.0.jar;C:\Users\darsh\.m2\repository\tools\jackson\core\jackson-databind\3.0.2\jackson-databind-3.0.2.jar;C:\Users\darsh\.m2\repository\tools\jackson\core\jackson-core\3.0.2\jackson-core-3.0.2.jar;C:\Users\darsh\.m2\repository\org\springframework\boot\spring-boot-starter-tomcat\4.0.0\spring-boot-starter-tomcat-4.0.0.jar;C:\Users\darsh\.m2\repository\org\springframework\boot\spring-boot-starter-tomcat-runtime\4.0.0\spring-boot-starter-tomcat-runtime-4.0.0.jar;C:\Users\darsh\.m2\repository\org\springframework\boot\spring-boot-web-server\4.0.0\spring-boot-web-server-4.0.0.jar;C:\Users\darsh\.m2\repository\org\apache\tomcat\embed\tomcat-embed-core\11.0.14\tomcat-embed-core-11.0.14.jar;C:\Users\darsh\.m2\repository\org\apache\tomcat\embed\tomcat-embed-el\11.0.14\tomcat-embed-el-11.0.14.jar;C:\Users\darsh\.m2\repository\org\apache\tomcat\embed\tomcat-embed-websocket\11.0.14\tomcat-embed-websocket-11.0.14.jar;C:\Users\darsh\.m2\repository\org\springframework\boot\spring-boot-tomcat\4.0.0\spring-boot-tomcat-4.0.0.jar;C:\Users\darsh\.m2\repository\org\springframework\boot\spring-boot-http-converter\4.0.0\spring-boot-http-converter-4.0.0.jar;C:\Users\darsh\.m2\repository\org\springframework\spring-web\7.0.1\spring-web-7.0.1.jar;C:\Users\darsh\.m2\repository\io\micrometer\micrometer-observation\1.16.0\micrometer-observation-1.16.0.jar;C:\Users\darsh\.m2\repository\io\micrometer\micrometer-commons\1.16.0\micrometer-commons-1.16.0.jar;C:\Users\darsh\.m2\repository\org\springframework\boot\spring-boot-webmvc\4.0.0\spring-boot-webmvc-4.0.0.jar;C:\Users\darsh\.m2\repository\org\springframework\boot\spring-boot-servlet\4.0.0\spring-boot-servlet-4.0.0.jar;C:\Users\darsh\.m2\repository\org\springframework\spring-webmvc\7.0.1\spring-webmvc-7.0.1.jar;C:\Users\darsh\.m2\repository\org\springframework\spring-expression\7.0.1\spring-expression-7.0.1.jar;C:\Users\darsh\.m2\repository\org\springframework\boot\spring-boot-starter-jdbc\4.0.0\spring-boot-starter-jdbc-4.0.0.jar;C:\Users\darsh\.m2\repository\org\springframework\boot\spring-boot-jdbc\4.0.0\spring-boot-jdbc-4.0.0.jar;C:\Users\darsh\.m2\repository\org\springframework\boot\spring-boot-sql\4.0.0\spring-boot-sql-4.0.0.jar;C:\Users\darsh\.m2\repository\org\springframework\boot\spring-boot-transaction\4.0.0\spring-boot-transaction-4.0.0.jar;C:\Users\darsh\.m2\repository\org\springframework\boot\spring-boot-persistence\4.0.0\spring-boot-persistence-4.0.0.jar;C:\Users\darsh\.m2\repository\org\springframework\spring-tx\7.0.1\spring-tx-7.0.1.jar;C:\Users\darsh\.m2\repository\org\springframework\spring-jdbc\7.0.1\spring-jdbc-7.0.1.jar;C:\Users\darsh\.m2\repository\com\zaxxer\HikariCP\7.0.2\HikariCP-7.0.2.jar;C:\Users\darsh\.m2\repository\com\mysql\mysql-connector-j\9.5.0\mysql-connector-j-9.5.0.jar;C:\Users\darsh\.m2\repository\org\hibernate\orm\hibernate-core\7.1.8.Final\hibernate-core-7.1.8.Final.jar;C:\Users\darsh\.m2\repository\jakarta\persistence\jakarta.persistence-api\3.2.0\jakarta.persistence-api-3.2.0.jar;C:\Users\darsh\.m2\repository\jakarta\transaction\jakarta.transaction-api\2.0.1\jakarta.transaction-api-2.0.1.jar;C:\Users\darsh\.m2\repository\org\jboss\logging\jboss-logging\3.6.1.Final\jboss-logging-3.6.1.Final.jar;C:\Users\darsh\.m2\repository\org\hibernate\models\hibernate-models\1.0.1\hibernate-models-1.0.1.jar;C:\Users\darsh\.m2\repository\com\fasterxml\classmate\1.7.1\classmate-1.7.1.jar;C:\Users\darsh\.m2\repository\net\bytebuddy\byte-buddy\1.17.8\byte-buddy-1.17.8.jar;C:\Users\darsh\.m2\repository\org\glassfish\jaxb\jaxb-runtime\4.0.6\jaxb-runtime-4.0.6.jar;C:\Users\darsh\.m2\repository\org\glassfish\jaxb\jaxb-core\4.0.6\jaxb-core-4.0.6.jar;C:\Users\darsh\.m2\repository\org\eclipse\angus\angus-activation\2.0.3\angus-activation-2.0.3.jar;C:\Users\darsh\.m2\repository\org\glassfish\jaxb\txw2\4.0.6\txw2-4.0.6.jar;C:\Users\darsh\.m2\repository\com\sun\istack\istack-commons-runtime\4.1.2\istack-commons-runtime-4.1.2.jar;C:\Users\darsh\.m2\repository\jakarta\inject\jakarta.inject-api\2.0.1\jakarta.inject-api-2.0.1.jar;C:\Users\darsh\.m2\repository\org\antlr\antlr4-runtime\4.13.2\antlr4-runtime-4.13.2.jar;C:\Users\darsh\.m2\repository\org\springframework\boot\spring-boot-starter-data-jpa\4.0.0\spring-boot-starter-data-jpa-4.0.0.jar;C:\Users\darsh\.m2\repository\org\springframework\boot\spring-boot-data-jpa\4.0.0\spring-boot-data-jpa-4.0.0.jar;C:\Users\darsh\.m2\repository\org\springframework\boot\spring-boot-data-commons\4.0.0\spring-boot-data-commons-4.0.0.jar;C:\Users\darsh\.m2\repository\org\springframework\data\spring-data-commons\4.0.0\spring-data-commons-4.0.0.jar;C:\Users\darsh\.m2\repository\org\springframework\boot\spring-boot-hibernate\4.0.0\spring-boot-hibernate-4.0.0.jar;C:\Users\darsh\.m2\repository\org\springframework\boot\spring-boot-jpa\4.0.0\spring-boot-jpa-4.0.0.jar;C:\Users\darsh\.m2\repository\org\springframework\spring-orm\7.0.1\spring-orm-7.0.1.jar;C:\Users\darsh\.m2\repository\org\springframework\data\spring-data-jpa\4.0.0\spring-data-jpa-4.0.0.jar;C:\Users\darsh\.m2\repository\org\springframework\spring-aspects\7.0.1\spring-aspects-7.0.1.jar;C:\Users\darsh\.m2\repository\org\aspectj\aspectjweaver\1.9.25\aspectjweaver-1.9.25.jar;C:\Users\darsh\.m2\repository\org\springframework\boot\spring-boot-starter-security\4.0.0\spring-boot-starter-security-4.0.0.jar;C:\Users\darsh\.m2\repository\org\springframework\boot\spring-boot-security\4.0.0\spring-boot-security-4.0.0.jar;C:\Users\darsh\.m2\repository\org\springframework\security\spring-security-config\7.0.0\spring-security-config-7.0.0.jar;C:\Users\darsh\.m2\repository\org\springframework\security\spring-security-core\7.0.0\spring-security-core-7.0.0.jar;C:\Users\darsh\.m2\repository\org\springframework\security\spring-security-crypto\7.0.0\spring-security-crypto-7.0.0.jar;C:\Users\darsh\.m2\repository\org\springframework\security\spring-security-web\7.0.0\spring-security-web-7.0.0.jar;C:\Users\darsh\.m2\repository\org\springframework\spring-aop\7.0.1\spring-aop-7.0.1.jar;C:\Users\darsh\.m2\repository\org\springframework\spring-beans\7.0.1\spring-beans-7.0.1.jar;C:\Users\darsh\.m2\repository\io\jsonwebtoken\jjwt-api\0.11.5\jjwt-api-0.11.5.jar;C:\Users\darsh\.m2\repository\io\jsonwebtoken\jjwt-impl\0.11.5\jjwt-impl-0.11.5.jar;C:\Users\darsh\.m2\repository\io\jsonwebtoken\jjwt-jackson\0.11.5\jjwt-jackson-0.11.5.jar;C:\Users\darsh\.m2\repository\com\fasterxml\jackson\core\jackson-databind\2.20.1\jackson-databind-2.20.1.jar;C:\Users\darsh\.m2\repository\com\fasterxml\jackson\core\jackson-annotations\2.20\jackson-annotations-2.20.jar;C:\Users\darsh\.m2\repository\com\fasterxml\jackson\core\jackson-core\2.20.1\jackson-core-2.20.1.jar
Launcher Type: SUN_STANDARD

[Global flags]
     intx CICompilerCount                          = 4                                         {product} {ergonomic}
     uint ConcGCThreads                            = 2                                         {product} {ergonomic}
     uint G1ConcRefinementThreads                  = 8                                         {product} {ergonomic}
   size_t G1HeapRegionSize                         = 2097152                                   {product} {ergonomic}
    uintx GCDrainStackTargetSize                   = 64                                        {product} {ergonomic}
   size_t InitialHeapSize                          = 264241152                                 {product} {ergonomic}
   size_t MarkStackSize                            = 4194304                                   {product} {ergonomic}
   size_t MaxHeapSize                              = 4223664128                                {product} {ergonomic}
   size_t MaxNewSize                               = 2533359616                                {product} {ergonomic}
   size_t MinHeapDeltaBytes                        = 2097152                                   {product} {ergonomic}
   size_t MinHeapSize                              = 8388608                                   {product} {ergonomic}
    uintx NonNMethodCodeHeapSize                   = 5839372                                {pd product} {ergonomic}
    uintx NonProfiledCodeHeapSize                  = 122909434                              {pd product} {ergonomic}
    uintx ProfiledCodeHeapSize                     = 122909434                              {pd product} {ergonomic}
    uintx ReservedCodeCacheSize                    = 251658240                              {pd product} {ergonomic}
     bool SegmentedCodeCache                       = true                                      {product} {ergonomic}
   size_t SoftMaxHeapSize                          = 4223664128                             {manageable} {ergonomic}
     bool UseCompressedOops                        = true                           {product lp64_product} {ergonomic}
     bool UseG1GC                                  = true                                      {product} {ergonomic}
     bool UseLargePagesIndividualAllocation        = false                                  {pd product} {ergonomic}

Logging:
Log output configuration:
 #0: stdout all=warning uptime,level,tags foldmultilines=false
 #1: stderr all=off uptime,level,tags foldmultilines=false

Environment Variables:
PATH=C:\Program Files\Java\jdk-21\bin;C:\Program Files\mysql\MySQL Server 8.0\bin;C:\Python313\Scripts\;C:\Python313\;C:\oracle\product\10.2.0\db_1\bin;C:\WINDOWS\system32;C:\WINDOWS;C:\WINDOWS\System32\Wbem;C:\WINDOWS\System32\WindowsPowerShell\v1.0\;C:\WINDOWS\System32\OpenSSH\;C:\Program Files (x86)\Microsoft SQL Server\160\Tools\Binn\;C:\Program Files\Microsoft SQL Server\160\Tools\Binn\;C:\Program Files\Microsoft SQL Server\Client SDK\ODBC\170\Tools\Binn\;C:\Program Files\Microsoft SQL Server\160\DTS\Binn\;C:\Program Files (x86)\Microsoft SQL Server\160\DTS\Binn\;C:\Program Files\nodejs\;C:\ProgramData\chocolatey\bin;C:\Program Files\MongoDB\Server\8.0\bin;C:\Users\darsh\Downloads\apache-maven-3.9.11-bin\apache-maven-3.9.11\bin;C:\Program Files\Git\cmd;C:\Program Files\Git\bin;C:\Program Files\dotnet\;C:\Users\darsh\AppData\Local\Microsoft\WindowsApps;C:\Users\darsh\Desktop\Microsoft VS Code\bin;C:\MinGW\bin;C:\MinGW\;C:\Users\darsh\AppData\Roaming\npm;C:\Program Files\mongosh\
USERNAME=darsh
OS=Windows_NT
PROCESSOR_IDENTIFIER=Intel64 Family 6 Model 154 Stepping 4, GenuineIntel
TMP=C:\Users\darsh\AppData\Local\Temp
TEMP=C:\Users\darsh\AppData\Local\Temp




Periodic native trim disabled

---------------  S Y S T E M  ---------------

OS:
 Windows 11 , 64 bit Build 26100 (10.0.26100.7309)
OS uptime: 3 days 0:02 hours
Hyper-V role detected

CPU: total 8 (initial active 8) (4 cores per cpu, 2 threads per core) family 6 model 154 stepping 4 microcode 0x433, cx8, cmov, fxsr, ht, mmx, 3dnowpref, sse, sse2, sse3, ssse3, sse4.1, sse4.2, popcnt, lzcnt, tsc, tscinvbit, avx, avx2, aes, erms, clmul, bmi1, bmi2, adx, sha, fma, vzeroupper, clflush, clflushopt, clwb, hv, serialize, rdtscp, rdpid, fsrm, f16c, cet_ibt, cet_ss
Processor Information for processor 0
  Max Mhz: 1200, Current Mhz: 1200, Mhz Limit: 1200
Processor Information for processor 1
  Max Mhz: 1200, Current Mhz: 1200, Mhz Limit: 1200
Processor Information for processor 2
  Max Mhz: 1200, Current Mhz: 1200, Mhz Limit: 1200
Processor Information for processor 3
  Max Mhz: 1200, Current Mhz: 1200, Mhz Limit: 1200
Processor Information for processor 4
  Max Mhz: 900, Current Mhz: 900, Mhz Limit: 900
Processor Information for processor 5
  Max Mhz: 900, Current Mhz: 900, Mhz Limit: 900
Processor Information for processor 6
  Max Mhz: 900, Current Mhz: 900, Mhz Limit: 900
Processor Information for processor 7
  Max Mhz: 900, Current Mhz: 900, Mhz Limit: 900

Memory: 4k page, system-wide physical 16108M (7568M free)
TotalPageFile size 17132M (AvailPageFile size 5268M)
current process WorkingSet (physical memory assigned to process): 211M, peak: 211M
current process commit charge ("private bytes"): 249M, peak: 395M

vm_info: Java HotSpot(TM) 64-Bit Server VM (21.0.8+12-LTS-250) for windows-amd64 JRE (21.0.8+12-LTS-250), built on 2025-06-27T08:11:22Z by "mach5one" with MS VC++ 17.6 (VS2022)

END.
